2023-07-12 14:07:47,260 - __main__ - INFO - Logger Initialized Successfully
2023-07-12 14:07:47,271 - __main__ - INFO - Camera Initialized Successfully
2023-07-12 14:07:47,274 - __main__ - INFO - Serial Initialized Successfully
2023-07-12 14:07:47,274 - __main__ - INFO - GPIO Initialized Successfully
2023-07-12 14:07:47,274 - __main__ - INFO - Raspberry Pi Ready
2023-07-12 14:07:47,275 - __main__ - INFO - Awaiting kbd-event to start Cycle...
2023-07-12 14:07:51,499 - __main__ - DEBUG - Pick event: 0 Place event: 0
2023-07-12 14:07:51,700 - __main__ - DEBUG - Pick event: 0 Place event: 0
2023-07-12 14:07:51,901 - __main__ - DEBUG - Pick event: 0 Place event: 0
2023-07-12 14:07:52,102 - __main__ - DEBUG - Pick event: 0 Place event: 0
2023-07-12 14:07:52,303 - __main__ - DEBUG - Pick event: 0 Place event: 0
2023-07-12 14:07:52,504 - __main__ - DEBUG - Pick event: 1 Place event: 0
2023-07-12 14:07:52,505 - __main__ - INFO - Pick event
2023-07-12 14:07:52,505 - __main__ - INFO - Inferring on snapshot...
2023-07-12 14:07:56,000 - __main__ - DEBUG - Inference Result: []
2023-07-12 14:07:56,000 - __main__ - WARNING - No object detected! Retrying
2023-07-12 14:07:56,000 - __main__ - WARNING - No object detected! PANIC MODE!!!
2023-07-12 14:07:56,000 - __main__ - INFO - Mobile Platform Go
2023-07-12 14:07:58,003 - __main__ - DEBUG - Pick event: 0 Place event: 0
2023-07-12 14:07:58,003 - __main__ - INFO - EVENT CYCLE COMPLETE
2023-07-12 14:07:58,205 - __main__ - DEBUG - Pick event: 0 Place event: 0
2023-07-12 14:07:58,406 - __main__ - DEBUG - Pick event: 0 Place event: 0
2023-07-12 14:07:58,607 - __main__ - DEBUG - Pick event: 0 Place event: 0
2023-07-12 14:07:58,808 - __main__ - DEBUG - Pick event: 0 Place event: 0
2023-07-12 14:07:59,009 - __main__ - DEBUG - Pick event: 0 Place event: 0
2023-07-12 14:07:59,210 - __main__ - DEBUG - Pick event: 0 Place event: 0
2023-07-12 14:07:59,411 - __main__ - DEBUG - Pick event: 0 Place event: 0
2023-07-12 14:07:59,612 - __main__ - DEBUG - Pick event: 0 Place event: 0
2023-07-12 14:07:59,813 - __main__ - DEBUG - Pick event: 0 Place event: 0
2023-07-12 14:08:00,015 - __main__ - DEBUG - Pick event: 0 Place event: 0
2023-07-12 14:08:00,083 - __main__ - ERROR - Keyboard Interrupt
Traceback (most recent call last):
  File "/home/lenny/dojo/internship2023/robot_software/run.py", line 231, in <module>
    time.sleep(0.2)
KeyboardInterrupt
2023-07-12 14:08:00,100 - __main__ - INFO - Program Terminated Gracefully
