2023-07-11 11:54:01,511 - __main__ - INFO - Logger Initialized Successfully
2023-07-11 11:54:01,546 - __main__ - INFO - Camera Initialized Successfully
2023-07-11 11:54:01,549 - __main__ - INFO - Serial Initialized Successfully
2023-07-11 11:54:01,551 - __main__ - INFO - GPIO Initialized Successfully
2023-07-11 11:54:01,551 - __main__ - INFO - Raspberry Pi Ready
2023-07-11 11:54:01,551 - __main__ - INFO - Awaiting kbd-event to start Cycle...
2023-07-11 11:54:15,648 - __main__ - DEBUG - Pick event: 0 Place event: 0
2023-07-11 11:54:15,848 - __main__ - DEBUG - Pick event: 0 Place event: 0
2023-07-11 11:54:16,049 - __main__ - DEBUG - Pick event: 0 Place event: 0
2023-07-11 11:54:16,250 - __main__ - DEBUG - Pick event: 0 Place event: 0
2023-07-11 11:54:16,451 - __main__ - DEBUG - Pick event: 0 Place event: 0
2023-07-11 11:54:16,651 - __main__ - DEBUG - Pick event: 0 Place event: 0
2023-07-11 11:54:16,852 - __main__ - DEBUG - Pick event: 0 Place event: 0
2023-07-11 11:54:17,053 - __main__ - DEBUG - Pick event: 0 Place event: 0
2023-07-11 11:54:17,254 - __main__ - DEBUG - Pick event: 0 Place event: 0
2023-07-11 11:54:17,454 - __main__ - DEBUG - Pick event: 0 Place event: 0
2023-07-11 11:54:17,655 - __main__ - DEBUG - Pick event: 0 Place event: 0
2023-07-11 11:54:17,856 - __main__ - DEBUG - Pick event: 0 Place event: 0
2023-07-11 11:54:18,057 - __main__ - DEBUG - Pick event: 0 Place event: 0
2023-07-11 11:54:18,257 - __main__ - DEBUG - Pick event: 0 Place event: 0
2023-07-11 11:54:18,458 - __main__ - DEBUG - Pick event: 0 Place event: 0
2023-07-11 11:54:18,659 - __main__ - DEBUG - Pick event: 0 Place event: 0
2023-07-11 11:54:18,860 - __main__ - DEBUG - Pick event: 0 Place event: 0
2023-07-11 11:54:19,060 - __main__ - DEBUG - Pick event: 0 Place event: 0
2023-07-11 11:54:19,261 - __main__ - DEBUG - Pick event: 0 Place event: 0
2023-07-11 11:54:19,462 - __main__ - DEBUG - Pick event: 0 Place event: 0
2023-07-11 11:54:19,663 - __main__ - DEBUG - Pick event: 0 Place event: 0
2023-07-11 11:54:19,863 - __main__ - DEBUG - Pick event: 0 Place event: 0
2023-07-11 11:54:20,064 - __main__ - DEBUG - Pick event: 0 Place event: 0
2023-07-11 11:54:20,265 - __main__ - DEBUG - Pick event: 0 Place event: 0
2023-07-11 11:54:20,466 - __main__ - DEBUG - Pick event: 0 Place event: 0
2023-07-11 11:54:20,666 - __main__ - DEBUG - Pick event: 0 Place event: 0
2023-07-11 11:54:20,867 - __main__ - DEBUG - Pick event: 0 Place event: 0
2023-07-11 11:54:21,068 - __main__ - DEBUG - Pick event: 0 Place event: 0
2023-07-11 11:54:21,269 - __main__ - DEBUG - Pick event: 0 Place event: 0
2023-07-11 11:54:21,469 - __main__ - DEBUG - Pick event: 0 Place event: 0
2023-07-11 11:54:21,670 - __main__ - DEBUG - Pick event: 0 Place event: 0
2023-07-11 11:54:21,871 - __main__ - DEBUG - Pick event: 0 Place event: 0
2023-07-11 11:54:22,072 - __main__ - DEBUG - Pick event: 0 Place event: 0
2023-07-11 11:54:22,272 - __main__ - DEBUG - Pick event: 0 Place event: 0
2023-07-11 11:54:22,473 - __main__ - DEBUG - Pick event: 0 Place event: 0
2023-07-11 11:54:22,674 - __main__ - DEBUG - Pick event: 0 Place event: 0
2023-07-11 11:54:22,874 - __main__ - DEBUG - Pick event: 0 Place event: 0
2023-07-11 11:54:23,075 - __main__ - DEBUG - Pick event: 0 Place event: 0
2023-07-11 11:54:23,276 - __main__ - DEBUG - Pick event: 0 Place event: 0
2023-07-11 11:54:23,477 - __main__ - DEBUG - Pick event: 0 Place event: 0
2023-07-11 11:54:23,677 - __main__ - DEBUG - Pick event: 0 Place event: 0
2023-07-11 11:54:23,878 - __main__ - DEBUG - Pick event: 0 Place event: 0
2023-07-11 11:54:24,079 - __main__ - DEBUG - Pick event: 0 Place event: 0
2023-07-11 11:54:24,280 - __main__ - DEBUG - Pick event: 0 Place event: 0
2023-07-11 11:54:24,481 - __main__ - DEBUG - Pick event: 0 Place event: 0
2023-07-11 11:54:24,681 - __main__ - DEBUG - Pick event: 0 Place event: 0
2023-07-11 11:54:24,882 - __main__ - DEBUG - Pick event: 0 Place event: 0
2023-07-11 11:54:25,083 - __main__ - DEBUG - Pick event: 0 Place event: 0
2023-07-11 11:54:25,284 - __main__ - DEBUG - Pick event: 0 Place event: 0
2023-07-11 11:54:25,484 - __main__ - DEBUG - Pick event: 0 Place event: 0
2023-07-11 11:54:25,685 - __main__ - DEBUG - Pick event: 0 Place event: 0
2023-07-11 11:54:25,886 - __main__ - DEBUG - Pick event: 0 Place event: 0
2023-07-11 11:54:26,087 - __main__ - DEBUG - Pick event: 0 Place event: 0
2023-07-11 11:54:26,288 - __main__ - DEBUG - Pick event: 0 Place event: 0
2023-07-11 11:54:26,488 - __main__ - DEBUG - Pick event: 0 Place event: 0
2023-07-11 11:54:26,689 - __main__ - DEBUG - Pick event: 0 Place event: 0
2023-07-11 11:54:26,890 - __main__ - DEBUG - Pick event: 0 Place event: 0
2023-07-11 11:54:27,091 - __main__ - DEBUG - Pick event: 0 Place event: 0
2023-07-11 11:54:27,291 - __main__ - DEBUG - Pick event: 0 Place event: 0
2023-07-11 11:54:27,492 - __main__ - DEBUG - Pick event: 0 Place event: 0
2023-07-11 11:54:27,693 - __main__ - DEBUG - Pick event: 0 Place event: 0
2023-07-11 11:54:27,894 - __main__ - DEBUG - Pick event: 0 Place event: 0
2023-07-11 11:54:28,094 - __main__ - DEBUG - Pick event: 0 Place event: 0
2023-07-11 11:54:28,295 - __main__ - DEBUG - Pick event: 0 Place event: 0
2023-07-11 11:54:28,496 - __main__ - DEBUG - Pick event: 0 Place event: 0
2023-07-11 11:54:28,696 - __main__ - DEBUG - Pick event: 0 Place event: 0
2023-07-11 11:54:28,897 - __main__ - DEBUG - Pick event: 0 Place event: 0
2023-07-11 11:54:29,098 - __main__ - DEBUG - Pick event: 0 Place event: 0
2023-07-11 11:54:29,299 - __main__ - DEBUG - Pick event: 0 Place event: 0
2023-07-11 11:54:29,500 - __main__ - DEBUG - Pick event: 0 Place event: 0
2023-07-11 11:54:29,700 - __main__ - DEBUG - Pick event: 0 Place event: 0
2023-07-11 11:54:29,901 - __main__ - DEBUG - Pick event: 0 Place event: 0
2023-07-11 11:54:30,102 - __main__ - DEBUG - Pick event: 0 Place event: 0
2023-07-11 11:54:30,303 - __main__ - DEBUG - Pick event: 0 Place event: 0
2023-07-11 11:54:30,504 - __main__ - DEBUG - Pick event: 0 Place event: 0
2023-07-11 11:54:30,704 - __main__ - DEBUG - Pick event: 0 Place event: 0
2023-07-11 11:54:30,905 - __main__ - DEBUG - Pick event: 0 Place event: 0
2023-07-11 11:54:31,106 - __main__ - DEBUG - Pick event: 0 Place event: 0
2023-07-11 11:54:31,307 - __main__ - DEBUG - Pick event: 0 Place event: 0
2023-07-11 11:54:31,507 - __main__ - DEBUG - Pick event: 0 Place event: 0
2023-07-11 11:54:31,708 - __main__ - DEBUG - Pick event: 0 Place event: 0
2023-07-11 11:54:31,909 - __main__ - DEBUG - Pick event: 0 Place event: 0
2023-07-11 11:54:32,109 - __main__ - DEBUG - Pick event: 0 Place event: 0
2023-07-11 11:54:32,310 - __main__ - DEBUG - Pick event: 0 Place event: 0
2023-07-11 11:54:32,511 - __main__ - DEBUG - Pick event: 0 Place event: 0
2023-07-11 11:54:32,712 - __main__ - DEBUG - Pick event: 0 Place event: 0
2023-07-11 11:54:32,912 - __main__ - DEBUG - Pick event: 0 Place event: 0
2023-07-11 11:54:33,113 - __main__ - DEBUG - Pick event: 0 Place event: 0
2023-07-11 11:54:33,314 - __main__ - DEBUG - Pick event: 0 Place event: 0
2023-07-11 11:54:33,515 - __main__ - DEBUG - Pick event: 0 Place event: 0
2023-07-11 11:54:33,715 - __main__ - DEBUG - Pick event: 0 Place event: 0
2023-07-11 11:54:33,916 - __main__ - DEBUG - Pick event: 0 Place event: 0
2023-07-11 11:54:34,117 - __main__ - DEBUG - Pick event: 0 Place event: 0
2023-07-11 11:54:34,318 - __main__ - DEBUG - Pick event: 0 Place event: 0
2023-07-11 11:54:34,518 - __main__ - DEBUG - Pick event: 0 Place event: 0
2023-07-11 11:54:34,719 - __main__ - DEBUG - Pick event: 0 Place event: 0
2023-07-11 11:54:34,920 - __main__ - DEBUG - Pick event: 0 Place event: 0
2023-07-11 11:54:35,121 - __main__ - DEBUG - Pick event: 0 Place event: 0
2023-07-11 11:54:35,322 - __main__ - DEBUG - Pick event: 0 Place event: 0
2023-07-11 11:54:35,522 - __main__ - DEBUG - Pick event: 0 Place event: 0
2023-07-11 11:54:35,723 - __main__ - DEBUG - Pick event: 0 Place event: 0
2023-07-11 11:54:35,924 - __main__ - DEBUG - Pick event: 0 Place event: 0
2023-07-11 11:54:36,125 - __main__ - DEBUG - Pick event: 0 Place event: 0
2023-07-11 11:54:36,325 - __main__ - DEBUG - Pick event: 0 Place event: 0
2023-07-11 11:54:36,526 - __main__ - DEBUG - Pick event: 0 Place event: 0
2023-07-11 11:54:36,727 - __main__ - DEBUG - Pick event: 0 Place event: 0
2023-07-11 11:54:36,928 - __main__ - DEBUG - Pick event: 0 Place event: 0
2023-07-11 11:54:37,128 - __main__ - DEBUG - Pick event: 0 Place event: 0
2023-07-11 11:54:37,329 - __main__ - DEBUG - Pick event: 0 Place event: 0
2023-07-11 11:54:37,530 - __main__ - DEBUG - Pick event: 0 Place event: 0
2023-07-11 11:54:37,731 - __main__ - DEBUG - Pick event: 0 Place event: 0
2023-07-11 11:54:37,931 - __main__ - DEBUG - Pick event: 0 Place event: 0
2023-07-11 11:54:38,132 - __main__ - DEBUG - Pick event: 0 Place event: 0
2023-07-11 11:54:38,333 - __main__ - DEBUG - Pick event: 0 Place event: 0
2023-07-11 11:54:38,534 - __main__ - DEBUG - Pick event: 0 Place event: 0
2023-07-11 11:54:38,734 - __main__ - DEBUG - Pick event: 0 Place event: 0
2023-07-11 11:54:38,935 - __main__ - DEBUG - Pick event: 0 Place event: 0
2023-07-11 11:54:39,136 - __main__ - DEBUG - Pick event: 0 Place event: 0
2023-07-11 11:54:39,337 - __main__ - DEBUG - Pick event: 0 Place event: 0
2023-07-11 11:54:39,537 - __main__ - DEBUG - Pick event: 0 Place event: 0
2023-07-11 11:54:39,738 - __main__ - DEBUG - Pick event: 0 Place event: 0
2023-07-11 11:54:39,939 - __main__ - DEBUG - Pick event: 0 Place event: 0
2023-07-11 11:54:40,140 - __main__ - DEBUG - Pick event: 0 Place event: 0
2023-07-11 11:54:40,340 - __main__ - DEBUG - Pick event: 0 Place event: 0
2023-07-11 11:54:40,541 - __main__ - DEBUG - Pick event: 0 Place event: 0
2023-07-11 11:54:40,742 - __main__ - DEBUG - Pick event: 0 Place event: 0
2023-07-11 11:54:41,101 - __main__ - DEBUG - Pick event: 0 Place event: 0
2023-07-11 11:54:41,302 - __main__ - DEBUG - Pick event: 0 Place event: 0
2023-07-11 11:54:41,503 - __main__ - DEBUG - Pick event: 0 Place event: 0
2023-07-11 11:54:41,704 - __main__ - DEBUG - Pick event: 0 Place event: 0
2023-07-11 11:54:41,904 - __main__ - DEBUG - Pick event: 0 Place event: 0
2023-07-11 11:54:42,105 - __main__ - DEBUG - Pick event: 0 Place event: 0
2023-07-11 11:54:42,306 - __main__ - DEBUG - Pick event: 0 Place event: 0
2023-07-11 11:54:42,507 - __main__ - DEBUG - Pick event: 0 Place event: 0
2023-07-11 11:54:42,707 - __main__ - DEBUG - Pick event: 0 Place event: 0
2023-07-11 11:54:42,908 - __main__ - DEBUG - Pick event: 0 Place event: 0
2023-07-11 11:54:43,109 - __main__ - DEBUG - Pick event: 0 Place event: 0
2023-07-11 11:54:43,309 - __main__ - DEBUG - Pick event: 0 Place event: 0
2023-07-11 11:54:43,510 - __main__ - DEBUG - Pick event: 0 Place event: 0
2023-07-11 11:54:43,711 - __main__ - DEBUG - Pick event: 0 Place event: 0
2023-07-11 11:54:43,911 - __main__ - DEBUG - Pick event: 0 Place event: 0
2023-07-11 11:54:44,112 - __main__ - DEBUG - Pick event: 0 Place event: 0
2023-07-11 11:54:44,313 - __main__ - DEBUG - Pick event: 0 Place event: 0
2023-07-11 11:54:44,514 - __main__ - DEBUG - Pick event: 0 Place event: 0
2023-07-11 11:54:44,714 - __main__ - DEBUG - Pick event: 0 Place event: 0
2023-07-11 11:54:44,915 - __main__ - DEBUG - Pick event: 0 Place event: 0
2023-07-11 11:54:45,116 - __main__ - DEBUG - Pick event: 0 Place event: 0
2023-07-11 11:54:45,317 - __main__ - DEBUG - Pick event: 0 Place event: 0
2023-07-11 11:54:45,517 - __main__ - DEBUG - Pick event: 0 Place event: 0
2023-07-11 11:54:45,718 - __main__ - DEBUG - Pick event: 0 Place event: 0
2023-07-11 11:54:45,919 - __main__ - DEBUG - Pick event: 0 Place event: 0
2023-07-11 11:54:46,120 - __main__ - DEBUG - Pick event: 0 Place event: 0
2023-07-11 11:54:46,320 - __main__ - DEBUG - Pick event: 0 Place event: 0
2023-07-11 11:54:46,521 - __main__ - DEBUG - Pick event: 0 Place event: 0
2023-07-11 11:54:46,722 - __main__ - DEBUG - Pick event: 0 Place event: 0
2023-07-11 11:54:46,923 - __main__ - DEBUG - Pick event: 0 Place event: 0
2023-07-11 11:54:47,123 - __main__ - DEBUG - Pick event: 0 Place event: 0
2023-07-11 11:54:47,324 - __main__ - DEBUG - Pick event: 0 Place event: 0
2023-07-11 11:54:47,525 - __main__ - DEBUG - Pick event: 0 Place event: 0
2023-07-11 11:54:47,726 - __main__ - DEBUG - Pick event: 0 Place event: 0
2023-07-11 11:54:47,926 - __main__ - DEBUG - Pick event: 0 Place event: 0
2023-07-11 11:54:48,127 - __main__ - DEBUG - Pick event: 0 Place event: 0
2023-07-11 11:54:48,328 - __main__ - DEBUG - Pick event: 0 Place event: 0
2023-07-11 11:54:48,529 - __main__ - DEBUG - Pick event: 0 Place event: 0
2023-07-11 11:54:48,603 - __main__ - ERROR - Keyboard Interrupt
Traceback (most recent call last):
  File "/home/lenny/dojo/internship2023/robot_software/run.py", line 213, in <module>
    time.sleep(0.2)
KeyboardInterrupt
2023-07-11 11:54:48,605 - __main__ - INFO - Program Terminated Gracefully
