2023-07-11 11:55:46,915 - __main__ - INFO - Logger Initialized Successfully
2023-07-11 11:55:46,925 - __main__ - INFO - Camera Initialized Successfully
2023-07-11 11:55:46,928 - __main__ - INFO - Serial Initialized Successfully
2023-07-11 11:55:46,929 - __main__ - INFO - GPIO Initialized Successfully
2023-07-11 11:55:46,929 - __main__ - INFO - Raspberry Pi Ready
2023-07-11 11:55:46,929 - __main__ - INFO - Awaiting kbd-event to start Cycle...
2023-07-11 11:56:00,794 - __main__ - DEBUG - Pick event: 1 Place event: 0
2023-07-11 11:56:00,794 - __main__ - INFO - Pick event
2023-07-11 11:56:00,794 - __main__ - INFO - Inferring on snapshot...
2023-07-11 11:56:03,785 - __main__ - DEBUG - Inference Result: []
2023-07-11 11:56:03,785 - __main__ - WARNING - No object detected! Retrying
2023-07-11 11:56:03,785 - __main__ - WARNING - No object detected! PANIC MODE!!!
2023-07-11 11:56:03,786 - __main__ - INFO - Mobile Platform Go
2023-07-11 11:56:05,788 - __main__ - DEBUG - Pick event: 1 Place event: 0
2023-07-11 11:56:05,989 - __main__ - DEBUG - Pick event: 1 Place event: 0
2023-07-11 11:56:05,990 - __main__ - INFO - Pick event
2023-07-11 11:56:05,991 - __main__ - INFO - Inferring on snapshot...
2023-07-11 11:56:07,301 - __main__ - DEBUG - Inference Result: []
2023-07-11 11:56:07,301 - __main__ - WARNING - No object detected! Retrying
2023-07-11 11:56:07,301 - __main__ - WARNING - No object detected! PANIC MODE!!!
2023-07-11 11:56:07,301 - __main__ - INFO - Mobile Platform Go
2023-07-11 11:56:07,916 - __main__ - ERROR - Keyboard Interrupt
Traceback (most recent call last):
  File "/home/lenny/dojo/internship2023/robot_software/run.py", line 257, in <module>
    time.sleep(2)
KeyboardInterrupt
2023-07-11 11:56:07,940 - __main__ - INFO - Program Terminated Gracefully
