2023-07-13 12:52:16,441 - __main__ - INFO - Logger Initialized Successfully
2023-07-13 12:52:16,451 - __main__ - INFO - Camera Initialized Successfully
2023-07-13 12:52:16,454 - __main__ - INFO - Serial Initialized Successfully
2023-07-13 12:52:16,454 - __main__ - INFO - GPIO Initialized Successfully
2023-07-13 12:52:16,455 - __main__ - INFO - Raspberry Pi Ready
2023-07-13 12:52:16,455 - __main__ - INFO - Intializing Go Command to Mobile Platform
2023-07-13 12:52:19,459 - __main__ - DEBUG - *** Starting Cycle ^_^
2023-07-13 12:52:19,659 - __main__ - DEBUG - Pick event: 0 Place event: 0
2023-07-13 12:52:19,860 - __main__ - DEBUG - Pick event: 0 Place event: 0
2023-07-13 12:52:20,061 - __main__ - DEBUG - Pick event: 0 Place event: 0
2023-07-13 12:52:20,262 - __main__ - DEBUG - Pick event: 0 Place event: 0
2023-07-13 12:52:20,463 - __main__ - DEBUG - Pick event: 0 Place event: 0
2023-07-13 12:52:20,664 - __main__ - DEBUG - Pick event: 0 Place event: 0
2023-07-13 12:52:20,865 - __main__ - DEBUG - Pick event: 0 Place event: 0
2023-07-13 12:52:21,066 - __main__ - DEBUG - Pick event: 0 Place event: 0
2023-07-13 12:52:21,267 - __main__ - DEBUG - Pick event: 0 Place event: 0
2023-07-13 12:52:21,468 - __main__ - DEBUG - Pick event: 0 Place event: 0
2023-07-13 12:52:21,669 - __main__ - DEBUG - Pick event: 0 Place event: 0
2023-07-13 12:52:21,869 - __main__ - DEBUG - Pick event: 0 Place event: 0
2023-07-13 12:52:22,070 - __main__ - DEBUG - Pick event: 0 Place event: 0
2023-07-13 12:52:22,271 - __main__ - DEBUG - Pick event: 0 Place event: 0
2023-07-13 12:52:22,472 - __main__ - DEBUG - Pick event: 0 Place event: 0
2023-07-13 12:52:22,673 - __main__ - DEBUG - Pick event: 0 Place event: 0
2023-07-13 12:52:22,873 - __main__ - DEBUG - Pick event: 0 Place event: 0
2023-07-13 12:52:23,074 - __main__ - DEBUG - Pick event: 0 Place event: 0
2023-07-13 12:52:23,275 - __main__ - DEBUG - Pick event: 0 Place event: 0
2023-07-13 12:52:23,476 - __main__ - DEBUG - Pick event: 0 Place event: 0
2023-07-13 12:52:23,677 - __main__ - DEBUG - Pick event: 0 Place event: 0
2023-07-13 12:52:23,878 - __main__ - DEBUG - Pick event: 0 Place event: 0
2023-07-13 12:52:24,078 - __main__ - DEBUG - Pick event: 0 Place event: 0
2023-07-13 12:52:24,279 - __main__ - DEBUG - Pick event: 0 Place event: 0
2023-07-13 12:52:24,480 - __main__ - DEBUG - Pick event: 0 Place event: 0
2023-07-13 12:52:24,681 - __main__ - DEBUG - Pick event: 0 Place event: 0
2023-07-13 12:52:24,881 - __main__ - DEBUG - Pick event: 0 Place event: 0
2023-07-13 12:52:25,082 - __main__ - DEBUG - Pick event: 0 Place event: 0
2023-07-13 12:52:25,283 - __main__ - DEBUG - Pick event: 0 Place event: 0
2023-07-13 12:52:25,484 - __main__ - DEBUG - Pick event: 0 Place event: 0
2023-07-13 12:52:25,684 - __main__ - DEBUG - Pick event: 0 Place event: 0
2023-07-13 12:52:25,885 - __main__ - DEBUG - Pick event: 0 Place event: 0
2023-07-13 12:52:26,086 - __main__ - DEBUG - Pick event: 0 Place event: 0
2023-07-13 12:52:26,287 - __main__ - DEBUG - Pick event: 0 Place event: 0
2023-07-13 12:52:26,487 - __main__ - DEBUG - Pick event: 0 Place event: 0
2023-07-13 12:52:26,688 - __main__ - DEBUG - Pick event: 0 Place event: 0
2023-07-13 12:52:26,889 - __main__ - DEBUG - Pick event: 0 Place event: 0
2023-07-13 12:52:27,090 - __main__ - DEBUG - Pick event: 0 Place event: 0
2023-07-13 12:52:27,290 - __main__ - DEBUG - Pick event: 0 Place event: 0
2023-07-13 12:52:27,491 - __main__ - DEBUG - Pick event: 0 Place event: 0
2023-07-13 12:52:27,692 - __main__ - DEBUG - Pick event: 0 Place event: 0
2023-07-13 12:52:27,893 - __main__ - DEBUG - Pick event: 0 Place event: 0
2023-07-13 12:52:28,093 - __main__ - DEBUG - Pick event: 0 Place event: 0
2023-07-13 12:52:28,294 - __main__ - DEBUG - Pick event: 0 Place event: 0
2023-07-13 12:52:28,495 - __main__ - DEBUG - Pick event: 0 Place event: 0
2023-07-13 12:52:28,696 - __main__ - DEBUG - Pick event: 0 Place event: 0
2023-07-13 12:52:28,896 - __main__ - DEBUG - Pick event: 0 Place event: 0
2023-07-13 12:52:29,097 - __main__ - DEBUG - Pick event: 1 Place event: 0
2023-07-13 12:52:29,097 - __main__ - INFO - Pick event
2023-07-13 12:52:29,098 - __main__ - INFO - Inferring on snapshot...
2023-07-13 12:52:34,719 - __main__ - DEBUG - Inference Result: [{'x1': 197.17703247070312, 'y1': 270.63531494140625, 'x2': 475.4458923339844, 'y2': 419.20709228515625}]
2023-07-13 12:52:34,720 - __main__ - DEBUG - Centroids: [(336, 344)]
2023-07-13 12:52:34,721 - __main__ - DEBUG - Object widths: [278]
2023-07-13 12:52:34,722 - __main__ - INFO - Arm Communication Initiated...
2023-07-13 12:52:34,722 - __main__ - DEBUG - Pick Command
2023-07-13 12:52:34,723 - __main__ - DEBUG - Sending formatted_msg: 0|0|250.0|70

2023-07-13 12:52:35,726 - __main__ - DEBUG - Waiting for Arm message
2023-07-13 12:52:36,728 - __main__ - DEBUG - Waiting for Arm message
2023-07-13 12:52:37,729 - __main__ - DEBUG - Waiting for Arm message
2023-07-13 12:52:38,730 - __main__ - DEBUG - Waiting for Arm message
2023-07-13 12:52:39,550 - __main__ - DEBUG - Received arm_msg: 025070
2023-07-13 12:52:40,551 - __main__ - INFO - Arm Sequence Complete
2023-07-13 12:52:40,552 - __main__ - INFO - Mobile Platform Go
2023-07-13 12:52:42,554 - __main__ - DEBUG - Pick event: 0 Place event: 0
2023-07-13 12:52:42,555 - __main__ - INFO - EVENT CYCLE COMPLETE
2023-07-13 12:52:42,756 - __main__ - DEBUG - Pick event: 0 Place event: 0
2023-07-13 12:52:42,962 - __main__ - DEBUG - Pick event: 0 Place event: 0
2023-07-13 12:52:43,163 - __main__ - DEBUG - Pick event: 0 Place event: 0
2023-07-13 12:52:43,364 - __main__ - DEBUG - Pick event: 0 Place event: 0
2023-07-13 12:52:43,565 - __main__ - DEBUG - Pick event: 0 Place event: 0
2023-07-13 12:52:43,766 - __main__ - DEBUG - Pick event: 0 Place event: 0
2023-07-13 12:52:43,967 - __main__ - DEBUG - Pick event: 0 Place event: 0
2023-07-13 12:52:44,167 - __main__ - DEBUG - Pick event: 0 Place event: 0
2023-07-13 12:52:44,368 - __main__ - DEBUG - Pick event: 0 Place event: 0
2023-07-13 12:52:44,569 - __main__ - DEBUG - Pick event: 0 Place event: 0
2023-07-13 12:52:44,770 - __main__ - DEBUG - Pick event: 0 Place event: 0
2023-07-13 12:52:44,970 - __main__ - DEBUG - Pick event: 0 Place event: 0
2023-07-13 12:52:45,171 - __main__ - DEBUG - Pick event: 0 Place event: 0
2023-07-13 12:52:45,372 - __main__ - DEBUG - Pick event: 0 Place event: 0
2023-07-13 12:52:45,573 - __main__ - DEBUG - Pick event: 0 Place event: 0
2023-07-13 12:52:45,774 - __main__ - DEBUG - Pick event: 0 Place event: 0
2023-07-13 12:52:45,974 - __main__ - DEBUG - Pick event: 0 Place event: 0
2023-07-13 12:52:46,175 - __main__ - DEBUG - Pick event: 0 Place event: 0
2023-07-13 12:52:46,376 - __main__ - DEBUG - Pick event: 0 Place event: 0
2023-07-13 12:52:46,577 - __main__ - DEBUG - Pick event: 0 Place event: 0
2023-07-13 12:52:46,778 - __main__ - DEBUG - Pick event: 0 Place event: 0
2023-07-13 12:52:46,979 - __main__ - DEBUG - Pick event: 0 Place event: 0
2023-07-13 12:52:47,180 - __main__ - DEBUG - Pick event: 0 Place event: 0
2023-07-13 12:52:47,381 - __main__ - DEBUG - Pick event: 0 Place event: 0
2023-07-13 12:52:47,583 - __main__ - DEBUG - Pick event: 0 Place event: 0
2023-07-13 12:52:47,784 - __main__ - DEBUG - Pick event: 0 Place event: 0
2023-07-13 12:52:47,985 - __main__ - DEBUG - Pick event: 0 Place event: 0
2023-07-13 12:52:48,186 - __main__ - DEBUG - Pick event: 0 Place event: 0
2023-07-13 12:52:48,387 - __main__ - DEBUG - Pick event: 0 Place event: 0
2023-07-13 12:52:48,588 - __main__ - DEBUG - Pick event: 0 Place event: 0
2023-07-13 12:52:48,789 - __main__ - DEBUG - Pick event: 0 Place event: 0
2023-07-13 12:52:48,990 - __main__ - DEBUG - Pick event: 0 Place event: 0
2023-07-13 12:52:49,190 - __main__ - DEBUG - Pick event: 0 Place event: 0
2023-07-13 12:52:49,391 - __main__ - DEBUG - Pick event: 0 Place event: 0
2023-07-13 12:52:49,592 - __main__ - DEBUG - Pick event: 0 Place event: 0
2023-07-13 12:52:49,793 - __main__ - DEBUG - Pick event: 0 Place event: 0
2023-07-13 12:52:49,994 - __main__ - DEBUG - Pick event: 0 Place event: 0
2023-07-13 12:52:50,195 - __main__ - DEBUG - Pick event: 0 Place event: 0
2023-07-13 12:52:50,395 - __main__ - DEBUG - Pick event: 0 Place event: 0
2023-07-13 12:52:50,597 - __main__ - DEBUG - Pick event: 0 Place event: 0
2023-07-13 12:52:50,798 - __main__ - DEBUG - Pick event: 0 Place event: 0
2023-07-13 12:52:50,998 - __main__ - DEBUG - Pick event: 0 Place event: 0
2023-07-13 12:52:51,199 - __main__ - DEBUG - Pick event: 0 Place event: 0
2023-07-13 12:52:51,400 - __main__ - DEBUG - Pick event: 0 Place event: 0
2023-07-13 12:52:51,601 - __main__ - DEBUG - Pick event: 0 Place event: 0
2023-07-13 12:52:51,802 - __main__ - DEBUG - Pick event: 0 Place event: 0
2023-07-13 12:52:52,003 - __main__ - DEBUG - Pick event: 0 Place event: 0
2023-07-13 12:52:52,204 - __main__ - DEBUG - Pick event: 0 Place event: 0
2023-07-13 12:52:52,405 - __main__ - DEBUG - Pick event: 0 Place event: 0
2023-07-13 12:52:52,606 - __main__ - DEBUG - Pick event: 0 Place event: 0
2023-07-13 12:52:52,806 - __main__ - DEBUG - Pick event: 0 Place event: 0
2023-07-13 12:52:53,007 - __main__ - DEBUG - Pick event: 0 Place event: 0
2023-07-13 12:52:53,221 - __main__ - DEBUG - Pick event: 0 Place event: 0
2023-07-13 12:52:53,422 - __main__ - DEBUG - Pick event: 0 Place event: 0
2023-07-13 12:52:53,623 - __main__ - DEBUG - Pick event: 0 Place event: 0
2023-07-13 12:52:53,823 - __main__ - DEBUG - Pick event: 0 Place event: 0
2023-07-13 12:52:54,024 - __main__ - DEBUG - Pick event: 0 Place event: 0
2023-07-13 12:52:54,225 - __main__ - DEBUG - Pick event: 0 Place event: 0
2023-07-13 12:52:54,426 - __main__ - DEBUG - Pick event: 0 Place event: 0
2023-07-13 12:52:54,627 - __main__ - DEBUG - Pick event: 0 Place event: 0
2023-07-13 12:52:54,828 - __main__ - DEBUG - Pick event: 0 Place event: 0
2023-07-13 12:52:55,029 - __main__ - DEBUG - Pick event: 0 Place event: 0
2023-07-13 12:52:55,230 - __main__ - DEBUG - Pick event: 0 Place event: 0
2023-07-13 12:52:55,430 - __main__ - DEBUG - Pick event: 0 Place event: 0
2023-07-13 12:52:55,631 - __main__ - DEBUG - Pick event: 0 Place event: 0
2023-07-13 12:52:55,832 - __main__ - DEBUG - Pick event: 0 Place event: 0
2023-07-13 12:52:56,033 - __main__ - DEBUG - Pick event: 0 Place event: 0
2023-07-13 12:52:56,234 - __main__ - DEBUG - Pick event: 0 Place event: 0
2023-07-13 12:52:56,435 - __main__ - DEBUG - Pick event: 0 Place event: 0
2023-07-13 12:52:56,636 - __main__ - DEBUG - Pick event: 0 Place event: 0
2023-07-13 12:52:56,837 - __main__ - DEBUG - Pick event: 0 Place event: 0
2023-07-13 12:52:57,038 - __main__ - DEBUG - Pick event: 0 Place event: 0
2023-07-13 12:52:57,239 - __main__ - DEBUG - Pick event: 0 Place event: 0
2023-07-13 12:52:57,440 - __main__ - DEBUG - Pick event: 0 Place event: 0
2023-07-13 12:52:57,641 - __main__ - DEBUG - Pick event: 0 Place event: 0
2023-07-13 12:52:57,842 - __main__ - DEBUG - Pick event: 0 Place event: 0
2023-07-13 12:52:58,043 - __main__ - DEBUG - Pick event: 0 Place event: 0
2023-07-13 12:52:58,243 - __main__ - DEBUG - Pick event: 0 Place event: 0
2023-07-13 12:52:58,444 - __main__ - DEBUG - Pick event: 0 Place event: 0
2023-07-13 12:52:58,645 - __main__ - DEBUG - Pick event: 0 Place event: 0
2023-07-13 12:52:58,846 - __main__ - DEBUG - Pick event: 0 Place event: 0
2023-07-13 12:52:59,047 - __main__ - DEBUG - Pick event: 0 Place event: 0
2023-07-13 12:52:59,248 - __main__ - DEBUG - Pick event: 0 Place event: 0
2023-07-13 12:52:59,449 - __main__ - DEBUG - Pick event: 0 Place event: 0
2023-07-13 12:52:59,650 - __main__ - DEBUG - Pick event: 0 Place event: 0
2023-07-13 12:52:59,851 - __main__ - DEBUG - Pick event: 0 Place event: 0
2023-07-13 12:53:00,052 - __main__ - DEBUG - Pick event: 0 Place event: 0
2023-07-13 12:53:00,252 - __main__ - DEBUG - Pick event: 0 Place event: 0
2023-07-13 12:53:00,453 - __main__ - DEBUG - Pick event: 0 Place event: 0
2023-07-13 12:53:00,654 - __main__ - DEBUG - Pick event: 0 Place event: 0
2023-07-13 12:53:00,855 - __main__ - DEBUG - Pick event: 0 Place event: 0
2023-07-13 12:53:01,055 - __main__ - DEBUG - Pick event: 0 Place event: 0
2023-07-13 12:53:01,256 - __main__ - DEBUG - Pick event: 0 Place event: 0
2023-07-13 12:53:01,457 - __main__ - DEBUG - Pick event: 0 Place event: 0
2023-07-13 12:53:01,658 - __main__ - DEBUG - Pick event: 0 Place event: 0
2023-07-13 12:53:01,858 - __main__ - DEBUG - Pick event: 0 Place event: 0
2023-07-13 12:53:02,059 - __main__ - DEBUG - Pick event: 0 Place event: 0
2023-07-13 12:53:02,260 - __main__ - DEBUG - Pick event: 0 Place event: 0
2023-07-13 12:53:02,461 - __main__ - DEBUG - Pick event: 0 Place event: 0
2023-07-13 12:53:02,664 - __main__ - DEBUG - Pick event: 0 Place event: 0
2023-07-13 12:53:02,865 - __main__ - DEBUG - Pick event: 0 Place event: 0
2023-07-13 12:53:03,066 - __main__ - DEBUG - Pick event: 0 Place event: 0
2023-07-13 12:53:03,267 - __main__ - DEBUG - Pick event: 0 Place event: 0
2023-07-13 12:53:03,468 - __main__ - DEBUG - Pick event: 0 Place event: 0
2023-07-13 12:53:03,669 - __main__ - DEBUG - Pick event: 0 Place event: 0
2023-07-13 12:53:03,870 - __main__ - DEBUG - Pick event: 0 Place event: 0
2023-07-13 12:53:04,071 - __main__ - DEBUG - Pick event: 0 Place event: 0
2023-07-13 12:53:04,272 - __main__ - DEBUG - Pick event: 0 Place event: 0
2023-07-13 12:53:04,473 - __main__ - DEBUG - Pick event: 0 Place event: 0
2023-07-13 12:53:04,674 - __main__ - DEBUG - Pick event: 0 Place event: 0
2023-07-13 12:53:04,875 - __main__ - DEBUG - Pick event: 0 Place event: 0
2023-07-13 12:53:05,077 - __main__ - DEBUG - Pick event: 0 Place event: 0
2023-07-13 12:53:05,278 - __main__ - DEBUG - Pick event: 0 Place event: 0
2023-07-13 12:53:05,478 - __main__ - DEBUG - Pick event: 0 Place event: 0
2023-07-13 12:53:05,679 - __main__ - DEBUG - Pick event: 0 Place event: 0
2023-07-13 12:53:05,880 - __main__ - DEBUG - Pick event: 0 Place event: 0
2023-07-13 12:53:06,081 - __main__ - DEBUG - Pick event: 0 Place event: 0
2023-07-13 12:53:06,282 - __main__ - DEBUG - Pick event: 0 Place event: 0
2023-07-13 12:53:06,482 - __main__ - DEBUG - Pick event: 0 Place event: 0
2023-07-13 12:53:06,683 - __main__ - DEBUG - Pick event: 0 Place event: 0
2023-07-13 12:53:06,884 - __main__ - DEBUG - Pick event: 0 Place event: 0
2023-07-13 12:53:07,085 - __main__ - DEBUG - Pick event: 0 Place event: 0
2023-07-13 12:53:07,286 - __main__ - DEBUG - Pick event: 0 Place event: 0
2023-07-13 12:53:07,486 - __main__ - DEBUG - Pick event: 0 Place event: 0
2023-07-13 12:53:07,688 - __main__ - DEBUG - Pick event: 0 Place event: 0
2023-07-13 12:53:07,889 - __main__ - DEBUG - Pick event: 0 Place event: 0
2023-07-13 12:53:08,090 - __main__ - DEBUG - Pick event: 0 Place event: 0
2023-07-13 12:53:08,291 - __main__ - DEBUG - Pick event: 0 Place event: 0
2023-07-13 12:53:08,492 - __main__ - DEBUG - Pick event: 0 Place event: 0
2023-07-13 12:53:08,692 - __main__ - DEBUG - Pick event: 0 Place event: 0
2023-07-13 12:53:08,893 - __main__ - DEBUG - Pick event: 0 Place event: 0
2023-07-13 12:53:09,095 - __main__ - DEBUG - Pick event: 0 Place event: 0
2023-07-13 12:53:09,295 - __main__ - DEBUG - Pick event: 0 Place event: 0
2023-07-13 12:53:09,496 - __main__ - DEBUG - Pick event: 0 Place event: 0
2023-07-13 12:53:09,697 - __main__ - DEBUG - Pick event: 0 Place event: 0
2023-07-13 12:53:09,898 - __main__ - DEBUG - Pick event: 0 Place event: 0
2023-07-13 12:53:10,099 - __main__ - DEBUG - Pick event: 0 Place event: 0
2023-07-13 12:53:10,300 - __main__ - DEBUG - Pick event: 0 Place event: 0
2023-07-13 12:53:10,501 - __main__ - DEBUG - Pick event: 0 Place event: 0
2023-07-13 12:53:10,702 - __main__ - DEBUG - Pick event: 0 Place event: 0
2023-07-13 12:53:10,902 - __main__ - DEBUG - Pick event: 0 Place event: 0
2023-07-13 12:53:11,103 - __main__ - DEBUG - Pick event: 0 Place event: 0
2023-07-13 12:53:11,304 - __main__ - DEBUG - Pick event: 0 Place event: 0
2023-07-13 12:53:11,505 - __main__ - DEBUG - Pick event: 0 Place event: 0
2023-07-13 12:53:11,706 - __main__ - DEBUG - Pick event: 0 Place event: 0
2023-07-13 12:53:11,907 - __main__ - DEBUG - Pick event: 0 Place event: 0
2023-07-13 12:53:12,108 - __main__ - DEBUG - Pick event: 0 Place event: 0
2023-07-13 12:53:12,308 - __main__ - DEBUG - Pick event: 0 Place event: 0
2023-07-13 12:53:12,509 - __main__ - DEBUG - Pick event: 0 Place event: 0
2023-07-13 12:53:12,710 - __main__ - DEBUG - Pick event: 0 Place event: 0
2023-07-13 12:53:12,912 - __main__ - DEBUG - Pick event: 0 Place event: 0
2023-07-13 12:53:13,113 - __main__ - DEBUG - Pick event: 0 Place event: 0
2023-07-13 12:53:13,314 - __main__ - DEBUG - Pick event: 0 Place event: 0
2023-07-13 12:53:13,515 - __main__ - DEBUG - Pick event: 0 Place event: 0
2023-07-13 12:53:13,716 - __main__ - DEBUG - Pick event: 0 Place event: 0
2023-07-13 12:53:13,916 - __main__ - DEBUG - Pick event: 0 Place event: 0
2023-07-13 12:53:14,117 - __main__ - DEBUG - Pick event: 0 Place event: 0
2023-07-13 12:53:14,318 - __main__ - DEBUG - Pick event: 0 Place event: 0
2023-07-13 12:53:14,519 - __main__ - DEBUG - Pick event: 0 Place event: 0
2023-07-13 12:53:14,720 - __main__ - DEBUG - Pick event: 0 Place event: 0
2023-07-13 12:53:14,921 - __main__ - DEBUG - Pick event: 0 Place event: 0
2023-07-13 12:53:15,122 - __main__ - DEBUG - Pick event: 0 Place event: 0
2023-07-13 12:53:15,323 - __main__ - DEBUG - Pick event: 0 Place event: 0
2023-07-13 12:53:15,524 - __main__ - DEBUG - Pick event: 0 Place event: 0
2023-07-13 12:53:15,725 - __main__ - DEBUG - Pick event: 0 Place event: 0
2023-07-13 12:53:15,926 - __main__ - DEBUG - Pick event: 0 Place event: 0
2023-07-13 12:53:16,131 - __main__ - DEBUG - Pick event: 0 Place event: 0
2023-07-13 12:53:16,332 - __main__ - DEBUG - Pick event: 0 Place event: 0
2023-07-13 12:53:16,532 - __main__ - DEBUG - Pick event: 0 Place event: 0
2023-07-13 12:53:16,733 - __main__ - DEBUG - Pick event: 0 Place event: 0
2023-07-13 12:53:16,935 - __main__ - DEBUG - Pick event: 0 Place event: 0
2023-07-13 12:53:17,135 - __main__ - DEBUG - Pick event: 0 Place event: 0
2023-07-13 12:53:17,336 - __main__ - DEBUG - Pick event: 0 Place event: 0
2023-07-13 12:53:17,537 - __main__ - DEBUG - Pick event: 0 Place event: 0
2023-07-13 12:53:17,738 - __main__ - DEBUG - Pick event: 0 Place event: 0
2023-07-13 12:53:17,940 - __main__ - DEBUG - Pick event: 0 Place event: 0
2023-07-13 12:53:18,141 - __main__ - DEBUG - Pick event: 0 Place event: 0
2023-07-13 12:53:18,342 - __main__ - DEBUG - Pick event: 0 Place event: 0
2023-07-13 12:53:18,543 - __main__ - DEBUG - Pick event: 0 Place event: 0
2023-07-13 12:53:18,744 - __main__ - DEBUG - Pick event: 0 Place event: 0
2023-07-13 12:53:18,945 - __main__ - DEBUG - Pick event: 0 Place event: 0
2023-07-13 12:53:19,146 - __main__ - DEBUG - Pick event: 0 Place event: 0
2023-07-13 12:53:19,347 - __main__ - DEBUG - Pick event: 0 Place event: 0
2023-07-13 12:53:19,548 - __main__ - DEBUG - Pick event: 0 Place event: 0
2023-07-13 12:53:19,749 - __main__ - DEBUG - Pick event: 0 Place event: 0
2023-07-13 12:53:19,950 - __main__ - DEBUG - Pick event: 0 Place event: 0
2023-07-13 12:53:20,151 - __main__ - DEBUG - Pick event: 0 Place event: 0
2023-07-13 12:53:20,353 - __main__ - DEBUG - Pick event: 0 Place event: 0
2023-07-13 12:53:20,554 - __main__ - DEBUG - Pick event: 0 Place event: 0
2023-07-13 12:53:20,755 - __main__ - DEBUG - Pick event: 0 Place event: 0
2023-07-13 12:53:20,956 - __main__ - DEBUG - Pick event: 0 Place event: 0
2023-07-13 12:53:21,157 - __main__ - DEBUG - Pick event: 0 Place event: 0
2023-07-13 12:53:21,358 - __main__ - DEBUG - Pick event: 0 Place event: 0
2023-07-13 12:53:21,559 - __main__ - DEBUG - Pick event: 0 Place event: 0
2023-07-13 12:53:21,760 - __main__ - DEBUG - Pick event: 0 Place event: 0
2023-07-13 12:53:21,961 - __main__ - DEBUG - Pick event: 0 Place event: 0
2023-07-13 12:53:22,162 - __main__ - DEBUG - Pick event: 0 Place event: 0
2023-07-13 12:53:22,363 - __main__ - DEBUG - Pick event: 0 Place event: 0
2023-07-13 12:53:22,564 - __main__ - DEBUG - Pick event: 0 Place event: 0
2023-07-13 12:53:22,765 - __main__ - DEBUG - Pick event: 0 Place event: 0
2023-07-13 12:53:22,966 - __main__ - DEBUG - Pick event: 0 Place event: 0
2023-07-13 12:53:23,167 - __main__ - DEBUG - Pick event: 0 Place event: 0
2023-07-13 12:53:23,368 - __main__ - DEBUG - Pick event: 0 Place event: 0
2023-07-13 12:53:23,569 - __main__ - DEBUG - Pick event: 0 Place event: 0
2023-07-13 12:53:23,770 - __main__ - DEBUG - Pick event: 0 Place event: 0
2023-07-13 12:53:23,972 - __main__ - DEBUG - Pick event: 0 Place event: 0
2023-07-13 12:53:24,173 - __main__ - DEBUG - Pick event: 0 Place event: 0
2023-07-13 12:53:24,374 - __main__ - DEBUG - Pick event: 0 Place event: 0
2023-07-13 12:53:24,574 - __main__ - DEBUG - Pick event: 0 Place event: 0
2023-07-13 12:53:24,775 - __main__ - DEBUG - Pick event: 0 Place event: 0
2023-07-13 12:53:24,976 - __main__ - DEBUG - Pick event: 0 Place event: 0
2023-07-13 12:53:25,177 - __main__ - DEBUG - Pick event: 0 Place event: 0
2023-07-13 12:53:25,378 - __main__ - DEBUG - Pick event: 0 Place event: 0
2023-07-13 12:53:25,579 - __main__ - DEBUG - Pick event: 0 Place event: 0
2023-07-13 12:53:25,780 - __main__ - DEBUG - Pick event: 0 Place event: 0
2023-07-13 12:53:25,981 - __main__ - DEBUG - Pick event: 0 Place event: 0
2023-07-13 12:53:26,182 - __main__ - DEBUG - Pick event: 0 Place event: 0
2023-07-13 12:53:26,383 - __main__ - DEBUG - Pick event: 0 Place event: 0
2023-07-13 12:53:26,584 - __main__ - DEBUG - Pick event: 0 Place event: 0
2023-07-13 12:53:26,785 - __main__ - DEBUG - Pick event: 0 Place event: 0
2023-07-13 12:53:26,986 - __main__ - DEBUG - Pick event: 0 Place event: 0
2023-07-13 12:53:27,187 - __main__ - DEBUG - Pick event: 0 Place event: 0
2023-07-13 12:53:27,388 - __main__ - DEBUG - Pick event: 0 Place event: 0
2023-07-13 12:53:27,589 - __main__ - DEBUG - Pick event: 0 Place event: 0
2023-07-13 12:53:27,790 - __main__ - DEBUG - Pick event: 0 Place event: 0
2023-07-13 12:53:27,991 - __main__ - DEBUG - Pick event: 0 Place event: 0
2023-07-13 12:53:28,192 - __main__ - DEBUG - Pick event: 0 Place event: 0
2023-07-13 12:53:28,393 - __main__ - DEBUG - Pick event: 0 Place event: 0
2023-07-13 12:53:28,594 - __main__ - DEBUG - Pick event: 0 Place event: 0
2023-07-13 12:53:28,795 - __main__ - DEBUG - Pick event: 0 Place event: 0
2023-07-13 12:53:28,996 - __main__ - DEBUG - Pick event: 0 Place event: 0
2023-07-13 12:53:29,197 - __main__ - DEBUG - Pick event: 0 Place event: 0
2023-07-13 12:53:29,397 - __main__ - DEBUG - Pick event: 0 Place event: 0
2023-07-13 12:53:29,598 - __main__ - DEBUG - Pick event: 0 Place event: 0
2023-07-13 12:53:29,799 - __main__ - DEBUG - Pick event: 0 Place event: 0
2023-07-13 12:53:30,000 - __main__ - DEBUG - Pick event: 0 Place event: 0
2023-07-13 12:53:30,201 - __main__ - DEBUG - Pick event: 0 Place event: 0
2023-07-13 12:53:30,402 - __main__ - DEBUG - Pick event: 0 Place event: 0
2023-07-13 12:53:30,603 - __main__ - DEBUG - Pick event: 0 Place event: 0
2023-07-13 12:53:30,804 - __main__ - DEBUG - Pick event: 0 Place event: 0
2023-07-13 12:53:31,004 - __main__ - DEBUG - Pick event: 0 Place event: 0
2023-07-13 12:53:31,205 - __main__ - DEBUG - Pick event: 0 Place event: 0
2023-07-13 12:53:31,406 - __main__ - DEBUG - Pick event: 0 Place event: 0
2023-07-13 12:53:31,607 - __main__ - DEBUG - Pick event: 0 Place event: 0
2023-07-13 12:53:31,808 - __main__ - DEBUG - Pick event: 0 Place event: 0
2023-07-13 12:53:32,009 - __main__ - DEBUG - Pick event: 0 Place event: 0
2023-07-13 12:53:32,210 - __main__ - DEBUG - Pick event: 0 Place event: 0
2023-07-13 12:53:32,411 - __main__ - DEBUG - Pick event: 0 Place event: 0
2023-07-13 12:53:32,612 - __main__ - DEBUG - Pick event: 0 Place event: 0
2023-07-13 12:53:32,813 - __main__ - DEBUG - Pick event: 0 Place event: 0
2023-07-13 12:53:33,014 - __main__ - DEBUG - Pick event: 0 Place event: 0
2023-07-13 12:53:33,214 - __main__ - DEBUG - Pick event: 0 Place event: 0
2023-07-13 12:53:33,415 - __main__ - DEBUG - Pick event: 0 Place event: 0
2023-07-13 12:53:33,616 - __main__ - DEBUG - Pick event: 0 Place event: 0
2023-07-13 12:53:33,817 - __main__ - DEBUG - Pick event: 0 Place event: 0
2023-07-13 12:53:34,018 - __main__ - DEBUG - Pick event: 0 Place event: 0
2023-07-13 12:53:34,219 - __main__ - DEBUG - Pick event: 0 Place event: 0
2023-07-13 12:53:34,419 - __main__ - DEBUG - Pick event: 0 Place event: 0
2023-07-13 12:53:34,620 - __main__ - DEBUG - Pick event: 0 Place event: 0
2023-07-13 12:53:34,821 - __main__ - DEBUG - Pick event: 0 Place event: 0
2023-07-13 12:53:35,022 - __main__ - DEBUG - Pick event: 0 Place event: 0
2023-07-13 12:53:35,223 - __main__ - DEBUG - Pick event: 0 Place event: 0
2023-07-13 12:53:35,423 - __main__ - DEBUG - Pick event: 0 Place event: 0
2023-07-13 12:53:35,624 - __main__ - DEBUG - Pick event: 0 Place event: 0
2023-07-13 12:53:35,825 - __main__ - DEBUG - Pick event: 0 Place event: 0
2023-07-13 12:53:36,026 - __main__ - DEBUG - Pick event: 0 Place event: 0
2023-07-13 12:53:36,227 - __main__ - DEBUG - Pick event: 0 Place event: 0
2023-07-13 12:53:36,427 - __main__ - DEBUG - Pick event: 0 Place event: 0
2023-07-13 12:53:36,628 - __main__ - DEBUG - Pick event: 0 Place event: 0
2023-07-13 12:53:36,829 - __main__ - DEBUG - Pick event: 0 Place event: 0
2023-07-13 12:53:37,030 - __main__ - DEBUG - Pick event: 0 Place event: 0
2023-07-13 12:53:37,230 - __main__ - DEBUG - Pick event: 0 Place event: 0
2023-07-13 12:53:37,431 - __main__ - DEBUG - Pick event: 0 Place event: 0
2023-07-13 12:53:37,632 - __main__ - DEBUG - Pick event: 0 Place event: 0
2023-07-13 12:53:37,833 - __main__ - DEBUG - Pick event: 0 Place event: 0
2023-07-13 12:53:38,033 - __main__ - DEBUG - Pick event: 0 Place event: 0
2023-07-13 12:53:38,234 - __main__ - DEBUG - Pick event: 0 Place event: 0
2023-07-13 12:53:38,435 - __main__ - DEBUG - Pick event: 0 Place event: 0
2023-07-13 12:53:38,636 - __main__ - DEBUG - Pick event: 0 Place event: 0
2023-07-13 12:53:38,836 - __main__ - DEBUG - Pick event: 0 Place event: 0
2023-07-13 12:53:39,037 - __main__ - DEBUG - Pick event: 0 Place event: 0
2023-07-13 12:53:39,238 - __main__ - DEBUG - Pick event: 0 Place event: 0
2023-07-13 12:53:39,439 - __main__ - DEBUG - Pick event: 0 Place event: 0
2023-07-13 12:53:39,640 - __main__ - DEBUG - Pick event: 0 Place event: 0
2023-07-13 12:53:39,840 - __main__ - DEBUG - Pick event: 0 Place event: 0
2023-07-13 12:53:40,041 - __main__ - DEBUG - Pick event: 0 Place event: 0
2023-07-13 12:53:40,242 - __main__ - DEBUG - Pick event: 0 Place event: 0
2023-07-13 12:53:40,443 - __main__ - DEBUG - Pick event: 0 Place event: 0
2023-07-13 12:53:40,643 - __main__ - DEBUG - Pick event: 0 Place event: 0
2023-07-13 12:53:40,844 - __main__ - DEBUG - Pick event: 0 Place event: 0
2023-07-13 12:53:41,045 - __main__ - DEBUG - Pick event: 0 Place event: 0
2023-07-13 12:53:41,246 - __main__ - DEBUG - Pick event: 0 Place event: 0
2023-07-13 12:53:41,447 - __main__ - DEBUG - Pick event: 0 Place event: 0
2023-07-13 12:53:41,647 - __main__ - DEBUG - Pick event: 0 Place event: 0
2023-07-13 12:53:41,848 - __main__ - DEBUG - Pick event: 0 Place event: 0
2023-07-13 12:53:42,049 - __main__ - DEBUG - Pick event: 0 Place event: 0
2023-07-13 12:53:42,250 - __main__ - DEBUG - Pick event: 0 Place event: 0
2023-07-13 12:53:42,451 - __main__ - DEBUG - Pick event: 0 Place event: 0
2023-07-13 12:53:42,651 - __main__ - DEBUG - Pick event: 0 Place event: 0
2023-07-13 12:53:42,852 - __main__ - DEBUG - Pick event: 0 Place event: 0
2023-07-13 12:53:43,053 - __main__ - DEBUG - Pick event: 0 Place event: 0
2023-07-13 12:53:43,254 - __main__ - DEBUG - Pick event: 0 Place event: 0
2023-07-13 12:53:43,455 - __main__ - DEBUG - Pick event: 0 Place event: 0
2023-07-13 12:53:43,656 - __main__ - DEBUG - Pick event: 0 Place event: 0
2023-07-13 12:53:43,856 - __main__ - DEBUG - Pick event: 0 Place event: 0
2023-07-13 12:53:44,057 - __main__ - DEBUG - Pick event: 0 Place event: 0
2023-07-13 12:53:44,258 - __main__ - DEBUG - Pick event: 0 Place event: 0
2023-07-13 12:53:44,459 - __main__ - DEBUG - Pick event: 0 Place event: 0
2023-07-13 12:53:44,659 - __main__ - DEBUG - Pick event: 0 Place event: 0
2023-07-13 12:53:44,860 - __main__ - DEBUG - Pick event: 0 Place event: 0
2023-07-13 12:53:45,061 - __main__ - DEBUG - Pick event: 0 Place event: 0
2023-07-13 12:53:45,262 - __main__ - DEBUG - Pick event: 0 Place event: 0
2023-07-13 12:53:45,462 - __main__ - DEBUG - Pick event: 0 Place event: 0
2023-07-13 12:53:45,663 - __main__ - DEBUG - Pick event: 0 Place event: 0
2023-07-13 12:53:45,864 - __main__ - DEBUG - Pick event: 0 Place event: 0
2023-07-13 12:53:46,064 - __main__ - DEBUG - Pick event: 0 Place event: 0
2023-07-13 12:53:46,265 - __main__ - DEBUG - Pick event: 0 Place event: 0
2023-07-13 12:53:46,466 - __main__ - DEBUG - Pick event: 0 Place event: 0
2023-07-13 12:53:46,667 - __main__ - DEBUG - Pick event: 0 Place event: 0
2023-07-13 12:53:46,868 - __main__ - DEBUG - Pick event: 0 Place event: 0
2023-07-13 12:53:47,069 - __main__ - DEBUG - Pick event: 0 Place event: 0
2023-07-13 12:53:47,269 - __main__ - DEBUG - Pick event: 0 Place event: 0
2023-07-13 12:53:47,470 - __main__ - DEBUG - Pick event: 0 Place event: 0
2023-07-13 12:53:47,671 - __main__ - DEBUG - Pick event: 0 Place event: 0
2023-07-13 12:53:47,872 - __main__ - DEBUG - Pick event: 0 Place event: 0
2023-07-13 12:53:48,072 - __main__ - DEBUG - Pick event: 0 Place event: 0
2023-07-13 12:53:48,273 - __main__ - DEBUG - Pick event: 0 Place event: 0
2023-07-13 12:53:48,474 - __main__ - DEBUG - Pick event: 0 Place event: 0
2023-07-13 12:53:48,675 - __main__ - DEBUG - Pick event: 0 Place event: 0
2023-07-13 12:53:48,875 - __main__ - DEBUG - Pick event: 0 Place event: 0
2023-07-13 12:53:49,076 - __main__ - DEBUG - Pick event: 0 Place event: 0
2023-07-13 12:53:49,277 - __main__ - DEBUG - Pick event: 0 Place event: 0
2023-07-13 12:53:49,478 - __main__ - DEBUG - Pick event: 0 Place event: 0
2023-07-13 12:53:49,678 - __main__ - DEBUG - Pick event: 0 Place event: 0
2023-07-13 12:53:49,879 - __main__ - DEBUG - Pick event: 0 Place event: 0
2023-07-13 12:53:50,080 - __main__ - DEBUG - Pick event: 0 Place event: 0
2023-07-13 12:53:50,281 - __main__ - DEBUG - Pick event: 0 Place event: 0
2023-07-13 12:53:50,481 - __main__ - DEBUG - Pick event: 0 Place event: 0
2023-07-13 12:53:50,682 - __main__ - DEBUG - Pick event: 0 Place event: 0
2023-07-13 12:53:50,883 - __main__ - DEBUG - Pick event: 0 Place event: 0
2023-07-13 12:53:51,084 - __main__ - DEBUG - Pick event: 0 Place event: 0
2023-07-13 12:53:51,284 - __main__ - DEBUG - Pick event: 0 Place event: 0
2023-07-13 12:53:51,485 - __main__ - DEBUG - Pick event: 0 Place event: 0
2023-07-13 12:53:51,686 - __main__ - DEBUG - Pick event: 0 Place event: 0
2023-07-13 12:53:51,887 - __main__ - DEBUG - Pick event: 0 Place event: 0
2023-07-13 12:53:52,088 - __main__ - DEBUG - Pick event: 0 Place event: 0
2023-07-13 12:53:52,288 - __main__ - DEBUG - Pick event: 0 Place event: 0
2023-07-13 12:53:52,489 - __main__ - DEBUG - Pick event: 0 Place event: 0
2023-07-13 12:53:52,690 - __main__ - DEBUG - Pick event: 0 Place event: 0
2023-07-13 12:53:52,891 - __main__ - DEBUG - Pick event: 0 Place event: 0
2023-07-13 12:53:53,091 - __main__ - DEBUG - Pick event: 0 Place event: 0
2023-07-13 12:53:53,292 - __main__ - DEBUG - Pick event: 0 Place event: 0
2023-07-13 12:53:53,493 - __main__ - DEBUG - Pick event: 0 Place event: 0
2023-07-13 12:53:53,694 - __main__ - DEBUG - Pick event: 0 Place event: 0
2023-07-13 12:53:53,894 - __main__ - DEBUG - Pick event: 0 Place event: 0
2023-07-13 12:53:54,095 - __main__ - DEBUG - Pick event: 0 Place event: 0
2023-07-13 12:53:54,296 - __main__ - DEBUG - Pick event: 0 Place event: 0
2023-07-13 12:53:54,497 - __main__ - DEBUG - Pick event: 0 Place event: 0
2023-07-13 12:53:54,697 - __main__ - DEBUG - Pick event: 0 Place event: 0
2023-07-13 12:53:54,898 - __main__ - DEBUG - Pick event: 0 Place event: 0
2023-07-13 12:53:55,099 - __main__ - DEBUG - Pick event: 0 Place event: 0
2023-07-13 12:53:55,300 - __main__ - DEBUG - Pick event: 0 Place event: 0
2023-07-13 12:53:55,501 - __main__ - DEBUG - Pick event: 0 Place event: 0
2023-07-13 12:53:55,701 - __main__ - DEBUG - Pick event: 0 Place event: 0
2023-07-13 12:53:55,902 - __main__ - DEBUG - Pick event: 0 Place event: 0
2023-07-13 12:53:56,103 - __main__ - DEBUG - Pick event: 0 Place event: 0
2023-07-13 12:53:56,304 - __main__ - DEBUG - Pick event: 0 Place event: 0
2023-07-13 12:53:56,504 - __main__ - DEBUG - Pick event: 0 Place event: 0
2023-07-13 12:53:56,705 - __main__ - DEBUG - Pick event: 0 Place event: 0
2023-07-13 12:53:56,906 - __main__ - DEBUG - Pick event: 0 Place event: 0
2023-07-13 12:53:57,107 - __main__ - DEBUG - Pick event: 0 Place event: 0
2023-07-13 12:53:57,307 - __main__ - DEBUG - Pick event: 0 Place event: 0
2023-07-13 12:53:57,508 - __main__ - DEBUG - Pick event: 0 Place event: 0
2023-07-13 12:53:57,709 - __main__ - DEBUG - Pick event: 0 Place event: 0
2023-07-13 12:53:57,910 - __main__ - DEBUG - Pick event: 0 Place event: 0
2023-07-13 12:53:58,111 - __main__ - DEBUG - Pick event: 0 Place event: 0
2023-07-13 12:53:58,311 - __main__ - DEBUG - Pick event: 0 Place event: 0
2023-07-13 12:53:58,512 - __main__ - DEBUG - Pick event: 0 Place event: 0
2023-07-13 12:53:58,713 - __main__ - DEBUG - Pick event: 0 Place event: 0
2023-07-13 12:53:58,914 - __main__ - DEBUG - Pick event: 0 Place event: 0
2023-07-13 12:53:59,114 - __main__ - DEBUG - Pick event: 0 Place event: 0
2023-07-13 12:53:59,315 - __main__ - DEBUG - Pick event: 0 Place event: 0
2023-07-13 12:53:59,516 - __main__ - DEBUG - Pick event: 0 Place event: 0
2023-07-13 12:53:59,717 - __main__ - DEBUG - Pick event: 0 Place event: 0
2023-07-13 12:53:59,917 - __main__ - DEBUG - Pick event: 0 Place event: 0
2023-07-13 12:54:00,118 - __main__ - DEBUG - Pick event: 0 Place event: 0
2023-07-13 12:54:00,319 - __main__ - DEBUG - Pick event: 0 Place event: 0
2023-07-13 12:54:00,520 - __main__ - DEBUG - Pick event: 0 Place event: 0
2023-07-13 12:54:00,721 - __main__ - DEBUG - Pick event: 0 Place event: 0
2023-07-13 12:54:00,922 - __main__ - DEBUG - Pick event: 0 Place event: 0
2023-07-13 12:54:01,123 - __main__ - DEBUG - Pick event: 0 Place event: 0
2023-07-13 12:54:01,324 - __main__ - DEBUG - Pick event: 0 Place event: 0
2023-07-13 12:54:01,524 - __main__ - DEBUG - Pick event: 0 Place event: 0
2023-07-13 12:54:01,725 - __main__ - DEBUG - Pick event: 0 Place event: 0
2023-07-13 12:54:01,926 - __main__ - DEBUG - Pick event: 0 Place event: 0
2023-07-13 12:54:02,126 - __main__ - DEBUG - Pick event: 0 Place event: 0
2023-07-13 12:54:02,327 - __main__ - DEBUG - Pick event: 0 Place event: 0
2023-07-13 12:54:02,528 - __main__ - DEBUG - Pick event: 0 Place event: 0
2023-07-13 12:54:02,729 - __main__ - DEBUG - Pick event: 0 Place event: 0
2023-07-13 12:54:02,929 - __main__ - DEBUG - Pick event: 0 Place event: 0
2023-07-13 12:54:03,130 - __main__ - DEBUG - Pick event: 0 Place event: 0
2023-07-13 12:54:03,331 - __main__ - DEBUG - Pick event: 0 Place event: 0
2023-07-13 12:54:03,532 - __main__ - DEBUG - Pick event: 0 Place event: 0
2023-07-13 12:54:03,733 - __main__ - DEBUG - Pick event: 0 Place event: 0
2023-07-13 12:54:03,933 - __main__ - DEBUG - Pick event: 0 Place event: 0
2023-07-13 12:54:04,134 - __main__ - DEBUG - Pick event: 0 Place event: 0
2023-07-13 12:54:04,335 - __main__ - DEBUG - Pick event: 0 Place event: 0
2023-07-13 12:54:04,536 - __main__ - DEBUG - Pick event: 0 Place event: 0
2023-07-13 12:54:04,737 - __main__ - DEBUG - Pick event: 0 Place event: 0
2023-07-13 12:54:04,937 - __main__ - DEBUG - Pick event: 0 Place event: 0
2023-07-13 12:54:05,138 - __main__ - DEBUG - Pick event: 0 Place event: 0
2023-07-13 12:54:05,339 - __main__ - DEBUG - Pick event: 0 Place event: 0
2023-07-13 12:54:05,540 - __main__ - DEBUG - Pick event: 0 Place event: 0
2023-07-13 12:54:05,740 - __main__ - DEBUG - Pick event: 0 Place event: 0
2023-07-13 12:54:05,941 - __main__ - DEBUG - Pick event: 0 Place event: 0
2023-07-13 12:54:06,142 - __main__ - DEBUG - Pick event: 0 Place event: 0
2023-07-13 12:54:06,343 - __main__ - DEBUG - Pick event: 0 Place event: 0
2023-07-13 12:54:06,544 - __main__ - DEBUG - Pick event: 0 Place event: 0
2023-07-13 12:54:06,744 - __main__ - DEBUG - Pick event: 0 Place event: 0
2023-07-13 12:54:06,945 - __main__ - DEBUG - Pick event: 0 Place event: 0
2023-07-13 12:54:07,146 - __main__ - DEBUG - Pick event: 0 Place event: 0
2023-07-13 12:54:07,347 - __main__ - DEBUG - Pick event: 0 Place event: 0
2023-07-13 12:54:07,547 - __main__ - DEBUG - Pick event: 0 Place event: 0
2023-07-13 12:54:07,748 - __main__ - DEBUG - Pick event: 0 Place event: 0
2023-07-13 12:54:07,949 - __main__ - DEBUG - Pick event: 0 Place event: 0
2023-07-13 12:54:08,150 - __main__ - DEBUG - Pick event: 0 Place event: 0
2023-07-13 12:54:08,350 - __main__ - DEBUG - Pick event: 0 Place event: 0
2023-07-13 12:54:08,551 - __main__ - DEBUG - Pick event: 0 Place event: 0
2023-07-13 12:54:08,752 - __main__ - DEBUG - Pick event: 0 Place event: 0
2023-07-13 12:54:08,953 - __main__ - DEBUG - Pick event: 0 Place event: 0
2023-07-13 12:54:09,153 - __main__ - DEBUG - Pick event: 0 Place event: 0
2023-07-13 12:54:09,354 - __main__ - DEBUG - Pick event: 0 Place event: 0
2023-07-13 12:54:09,555 - __main__ - DEBUG - Pick event: 0 Place event: 0
2023-07-13 12:54:09,756 - __main__ - DEBUG - Pick event: 0 Place event: 0
2023-07-13 12:54:09,956 - __main__ - DEBUG - Pick event: 0 Place event: 0
2023-07-13 12:54:10,157 - __main__ - DEBUG - Pick event: 0 Place event: 0
2023-07-13 12:54:10,358 - __main__ - DEBUG - Pick event: 0 Place event: 0
2023-07-13 12:54:10,559 - __main__ - DEBUG - Pick event: 0 Place event: 0
2023-07-13 12:54:10,762 - __main__ - DEBUG - Pick event: 0 Place event: 0
2023-07-13 12:54:10,963 - __main__ - DEBUG - Pick event: 0 Place event: 0
2023-07-13 12:54:11,164 - __main__ - DEBUG - Pick event: 0 Place event: 0
2023-07-13 12:54:11,365 - __main__ - DEBUG - Pick event: 0 Place event: 0
2023-07-13 12:54:11,565 - __main__ - DEBUG - Pick event: 0 Place event: 0
2023-07-13 12:54:11,766 - __main__ - DEBUG - Pick event: 0 Place event: 0
2023-07-13 12:54:11,967 - __main__ - DEBUG - Pick event: 0 Place event: 0
2023-07-13 12:54:12,168 - __main__ - DEBUG - Pick event: 0 Place event: 0
2023-07-13 12:54:12,368 - __main__ - DEBUG - Pick event: 0 Place event: 0
2023-07-13 12:54:12,569 - __main__ - DEBUG - Pick event: 0 Place event: 0
2023-07-13 12:54:12,770 - __main__ - DEBUG - Pick event: 0 Place event: 0
2023-07-13 12:54:12,971 - __main__ - DEBUG - Pick event: 0 Place event: 0
2023-07-13 12:54:13,172 - __main__ - DEBUG - Pick event: 0 Place event: 0
2023-07-13 12:54:13,373 - __main__ - DEBUG - Pick event: 0 Place event: 0
2023-07-13 12:54:13,574 - __main__ - DEBUG - Pick event: 0 Place event: 0
2023-07-13 12:54:13,775 - __main__ - DEBUG - Pick event: 0 Place event: 0
2023-07-13 12:54:13,975 - __main__ - DEBUG - Pick event: 0 Place event: 0
2023-07-13 12:54:14,176 - __main__ - DEBUG - Pick event: 0 Place event: 0
2023-07-13 12:54:14,377 - __main__ - DEBUG - Pick event: 0 Place event: 0
2023-07-13 12:54:14,578 - __main__ - DEBUG - Pick event: 0 Place event: 0
2023-07-13 12:54:14,779 - __main__ - DEBUG - Pick event: 0 Place event: 0
2023-07-13 12:54:14,979 - __main__ - DEBUG - Pick event: 0 Place event: 0
2023-07-13 12:54:15,180 - __main__ - DEBUG - Pick event: 0 Place event: 0
2023-07-13 12:54:15,381 - __main__ - DEBUG - Pick event: 0 Place event: 0
2023-07-13 12:54:15,582 - __main__ - DEBUG - Pick event: 0 Place event: 0
2023-07-13 12:54:15,782 - __main__ - DEBUG - Pick event: 0 Place event: 0
2023-07-13 12:54:15,983 - __main__ - DEBUG - Pick event: 0 Place event: 0
2023-07-13 12:54:16,184 - __main__ - DEBUG - Pick event: 0 Place event: 0
2023-07-13 12:54:16,357 - __main__ - ERROR - Keyboard Interrupt
Traceback (most recent call last):
  File "/home/lenny/dojo/internship2023/robot_software/run.py", line 284, in <module>
    time.sleep(0.2)
KeyboardInterrupt
2023-07-13 12:54:16,379 - __main__ - INFO - Program Terminated Gracefully
