2023-07-13 12:58:15,258 - __main__ - INFO - Logger Initialized Successfully
2023-07-13 12:58:15,270 - __main__ - INFO - Camera Initialized Successfully
2023-07-13 12:58:15,272 - __main__ - INFO - Serial Initialized Successfully
2023-07-13 12:58:15,273 - __main__ - INFO - GPIO Initialized Successfully
2023-07-13 12:58:15,273 - __main__ - INFO - Raspberry Pi Ready
2023-07-13 12:58:15,273 - __main__ - INFO - Intializing Go Command to Mobile Platform
2023-07-13 12:58:18,277 - __main__ - DEBUG - *** Starting Cycle ^_^
2023-07-13 12:58:18,479 - __main__ - DEBUG - Pick event: 0 Place event: 0
2023-07-13 12:58:18,680 - __main__ - DEBUG - Pick event: 0 Place event: 0
2023-07-13 12:58:18,881 - __main__ - DEBUG - Pick event: 0 Place event: 0
2023-07-13 12:58:19,082 - __main__ - DEBUG - Pick event: 0 Place event: 0
2023-07-13 12:58:19,283 - __main__ - DEBUG - Pick event: 0 Place event: 0
2023-07-13 12:58:19,484 - __main__ - DEBUG - Pick event: 0 Place event: 0
2023-07-13 12:58:19,685 - __main__ - DEBUG - Pick event: 0 Place event: 0
2023-07-13 12:58:19,886 - __main__ - DEBUG - Pick event: 0 Place event: 0
2023-07-13 12:58:20,087 - __main__ - DEBUG - Pick event: 0 Place event: 0
2023-07-13 12:58:20,289 - __main__ - DEBUG - Pick event: 0 Place event: 0
2023-07-13 12:58:20,490 - __main__ - DEBUG - Pick event: 0 Place event: 0
2023-07-13 12:58:20,690 - __main__ - DEBUG - Pick event: 0 Place event: 0
2023-07-13 12:58:20,891 - __main__ - DEBUG - Pick event: 0 Place event: 0
2023-07-13 12:58:21,093 - __main__ - DEBUG - Pick event: 0 Place event: 0
2023-07-13 12:58:21,294 - __main__ - DEBUG - Pick event: 0 Place event: 0
2023-07-13 12:58:21,495 - __main__ - DEBUG - Pick event: 0 Place event: 0
2023-07-13 12:58:21,696 - __main__ - DEBUG - Pick event: 0 Place event: 0
2023-07-13 12:58:21,897 - __main__ - DEBUG - Pick event: 0 Place event: 0
2023-07-13 12:58:22,099 - __main__ - DEBUG - Pick event: 0 Place event: 0
2023-07-13 12:58:22,299 - __main__ - DEBUG - Pick event: 0 Place event: 0
2023-07-13 12:58:22,500 - __main__ - DEBUG - Pick event: 0 Place event: 0
2023-07-13 12:58:22,702 - __main__ - DEBUG - Pick event: 0 Place event: 0
2023-07-13 12:58:22,902 - __main__ - DEBUG - Pick event: 0 Place event: 0
2023-07-13 12:58:23,104 - __main__ - DEBUG - Pick event: 0 Place event: 0
2023-07-13 12:58:23,305 - __main__ - DEBUG - Pick event: 0 Place event: 0
2023-07-13 12:58:23,506 - __main__ - DEBUG - Pick event: 0 Place event: 0
2023-07-13 12:58:23,707 - __main__ - DEBUG - Pick event: 0 Place event: 0
2023-07-13 12:58:23,908 - __main__ - DEBUG - Pick event: 0 Place event: 0
2023-07-13 12:58:24,109 - __main__ - DEBUG - Pick event: 0 Place event: 0
2023-07-13 12:58:24,310 - __main__ - DEBUG - Pick event: 0 Place event: 0
2023-07-13 12:58:24,510 - __main__ - DEBUG - Pick event: 0 Place event: 0
2023-07-13 12:58:24,712 - __main__ - DEBUG - Pick event: 0 Place event: 0
2023-07-13 12:58:24,912 - __main__ - DEBUG - Pick event: 0 Place event: 0
2023-07-13 12:58:25,114 - __main__ - DEBUG - Pick event: 0 Place event: 0
2023-07-13 12:58:25,315 - __main__ - DEBUG - Pick event: 0 Place event: 0
2023-07-13 12:58:25,516 - __main__ - DEBUG - Pick event: 0 Place event: 0
2023-07-13 12:58:25,717 - __main__ - DEBUG - Pick event: 0 Place event: 0
2023-07-13 12:58:25,918 - __main__ - DEBUG - Pick event: 0 Place event: 0
2023-07-13 12:58:26,119 - __main__ - DEBUG - Pick event: 0 Place event: 0
2023-07-13 12:58:26,320 - __main__ - DEBUG - Pick event: 0 Place event: 0
2023-07-13 12:58:26,521 - __main__ - DEBUG - Pick event: 0 Place event: 0
2023-07-13 12:58:26,722 - __main__ - DEBUG - Pick event: 0 Place event: 0
2023-07-13 12:58:26,924 - __main__ - DEBUG - Pick event: 0 Place event: 0
2023-07-13 12:58:27,125 - __main__ - DEBUG - Pick event: 0 Place event: 0
2023-07-13 12:58:27,326 - __main__ - DEBUG - Pick event: 0 Place event: 0
2023-07-13 12:58:27,527 - __main__ - DEBUG - Pick event: 0 Place event: 0
2023-07-13 12:58:27,728 - __main__ - DEBUG - Pick event: 1 Place event: 0
2023-07-13 12:58:27,729 - __main__ - INFO - Pick event
2023-07-13 12:58:27,729 - __main__ - INFO - Inferring on snapshot...
2023-07-13 12:58:30,716 - __main__ - DEBUG - Inference Result: []
2023-07-13 12:58:30,716 - __main__ - WARNING - No object detected! Retrying
2023-07-13 12:58:30,717 - __main__ - WARNING - No object detected! PANIC MODE!!!
2023-07-13 12:58:30,717 - __main__ - INFO - Mobile Platform Go
2023-07-13 12:58:32,719 - __main__ - DEBUG - Pick event: 0 Place event: 0
2023-07-13 12:58:32,720 - __main__ - INFO - EVENT CYCLE COMPLETE
2023-07-13 12:58:32,921 - __main__ - DEBUG - Pick event: 0 Place event: 0
2023-07-13 12:58:33,122 - __main__ - DEBUG - Pick event: 0 Place event: 0
2023-07-13 12:58:33,323 - __main__ - DEBUG - Pick event: 0 Place event: 0
2023-07-13 12:58:33,524 - __main__ - DEBUG - Pick event: 0 Place event: 0
2023-07-13 12:58:33,725 - __main__ - DEBUG - Pick event: 0 Place event: 0
2023-07-13 12:58:33,926 - __main__ - DEBUG - Pick event: 0 Place event: 0
2023-07-13 12:58:34,127 - __main__ - DEBUG - Pick event: 0 Place event: 0
2023-07-13 12:58:34,328 - __main__ - DEBUG - Pick event: 0 Place event: 0
2023-07-13 12:58:34,529 - __main__ - DEBUG - Pick event: 0 Place event: 0
2023-07-13 12:58:34,731 - __main__ - DEBUG - Pick event: 0 Place event: 0
2023-07-13 12:58:34,932 - __main__ - DEBUG - Pick event: 0 Place event: 0
2023-07-13 12:58:35,132 - __main__ - DEBUG - Pick event: 0 Place event: 0
2023-07-13 12:58:35,334 - __main__ - DEBUG - Pick event: 0 Place event: 0
2023-07-13 12:58:35,535 - __main__ - DEBUG - Pick event: 0 Place event: 0
2023-07-13 12:58:35,736 - __main__ - DEBUG - Pick event: 0 Place event: 0
2023-07-13 12:58:35,937 - __main__ - DEBUG - Pick event: 0 Place event: 0
2023-07-13 12:58:36,138 - __main__ - DEBUG - Pick event: 0 Place event: 0
2023-07-13 12:58:36,339 - __main__ - DEBUG - Pick event: 0 Place event: 0
2023-07-13 12:58:36,540 - __main__ - DEBUG - Pick event: 0 Place event: 0
2023-07-13 12:58:36,741 - __main__ - DEBUG - Pick event: 0 Place event: 0
2023-07-13 12:58:36,942 - __main__ - DEBUG - Pick event: 0 Place event: 0
2023-07-13 12:58:37,143 - __main__ - DEBUG - Pick event: 0 Place event: 0
2023-07-13 12:58:37,345 - __main__ - DEBUG - Pick event: 0 Place event: 0
2023-07-13 12:58:37,546 - __main__ - DEBUG - Pick event: 0 Place event: 0
2023-07-13 12:58:37,747 - __main__ - DEBUG - Pick event: 0 Place event: 0
2023-07-13 12:58:37,948 - __main__ - DEBUG - Pick event: 0 Place event: 0
2023-07-13 12:58:38,149 - __main__ - DEBUG - Pick event: 0 Place event: 0
2023-07-13 12:58:38,350 - __main__ - DEBUG - Pick event: 0 Place event: 0
2023-07-13 12:58:38,551 - __main__ - DEBUG - Pick event: 0 Place event: 0
2023-07-13 12:58:38,752 - __main__ - DEBUG - Pick event: 0 Place event: 0
2023-07-13 12:58:38,953 - __main__ - DEBUG - Pick event: 0 Place event: 0
2023-07-13 12:58:39,154 - __main__ - DEBUG - Pick event: 0 Place event: 0
2023-07-13 12:58:39,355 - __main__ - DEBUG - Pick event: 0 Place event: 0
2023-07-13 12:58:39,556 - __main__ - DEBUG - Pick event: 0 Place event: 0
2023-07-13 12:58:39,757 - __main__ - DEBUG - Pick event: 0 Place event: 0
2023-07-13 12:58:39,958 - __main__ - DEBUG - Pick event: 0 Place event: 0
2023-07-13 12:58:40,160 - __main__ - DEBUG - Pick event: 0 Place event: 0
2023-07-13 12:58:40,361 - __main__ - DEBUG - Pick event: 0 Place event: 0
2023-07-13 12:58:40,562 - __main__ - DEBUG - Pick event: 0 Place event: 0
2023-07-13 12:58:40,763 - __main__ - DEBUG - Pick event: 0 Place event: 0
2023-07-13 12:58:40,964 - __main__ - DEBUG - Pick event: 0 Place event: 0
2023-07-13 12:58:41,165 - __main__ - DEBUG - Pick event: 0 Place event: 0
2023-07-13 12:58:41,366 - __main__ - DEBUG - Pick event: 0 Place event: 0
2023-07-13 12:58:41,567 - __main__ - DEBUG - Pick event: 0 Place event: 0
2023-07-13 12:58:41,768 - __main__ - DEBUG - Pick event: 0 Place event: 0
2023-07-13 12:58:41,969 - __main__ - DEBUG - Pick event: 0 Place event: 0
2023-07-13 12:58:42,171 - __main__ - DEBUG - Pick event: 0 Place event: 0
2023-07-13 12:58:42,372 - __main__ - DEBUG - Pick event: 0 Place event: 0
2023-07-13 12:58:42,573 - __main__ - DEBUG - Pick event: 0 Place event: 0
2023-07-13 12:58:42,774 - __main__ - DEBUG - Pick event: 0 Place event: 0
2023-07-13 12:58:42,975 - __main__ - DEBUG - Pick event: 0 Place event: 0
2023-07-13 12:58:43,176 - __main__ - DEBUG - Pick event: 0 Place event: 0
2023-07-13 12:58:43,377 - __main__ - DEBUG - Pick event: 0 Place event: 0
2023-07-13 12:58:43,578 - __main__ - DEBUG - Pick event: 0 Place event: 0
2023-07-13 12:58:43,779 - __main__ - DEBUG - Pick event: 0 Place event: 0
2023-07-13 12:58:43,980 - __main__ - DEBUG - Pick event: 0 Place event: 0
2023-07-13 12:58:44,181 - __main__ - DEBUG - Pick event: 0 Place event: 0
2023-07-13 12:58:44,383 - __main__ - DEBUG - Pick event: 0 Place event: 0
2023-07-13 12:58:44,584 - __main__ - DEBUG - Pick event: 0 Place event: 0
2023-07-13 12:58:44,785 - __main__ - DEBUG - Pick event: 0 Place event: 0
2023-07-13 12:58:44,986 - __main__ - DEBUG - Pick event: 0 Place event: 0
2023-07-13 12:58:45,187 - __main__ - DEBUG - Pick event: 0 Place event: 0
2023-07-13 12:58:45,387 - __main__ - DEBUG - Pick event: 0 Place event: 0
2023-07-13 12:58:45,589 - __main__ - DEBUG - Pick event: 0 Place event: 0
2023-07-13 12:58:45,790 - __main__ - DEBUG - Pick event: 0 Place event: 0
2023-07-13 12:58:45,991 - __main__ - DEBUG - Pick event: 0 Place event: 0
2023-07-13 12:58:46,192 - __main__ - DEBUG - Pick event: 0 Place event: 0
2023-07-13 12:58:46,393 - __main__ - DEBUG - Pick event: 0 Place event: 0
2023-07-13 12:58:46,595 - __main__ - DEBUG - Pick event: 0 Place event: 0
2023-07-13 12:58:46,796 - __main__ - DEBUG - Pick event: 0 Place event: 0
2023-07-13 12:58:46,997 - __main__ - DEBUG - Pick event: 0 Place event: 0
2023-07-13 12:58:47,198 - __main__ - DEBUG - Pick event: 0 Place event: 0
2023-07-13 12:58:47,399 - __main__ - DEBUG - Pick event: 0 Place event: 0
2023-07-13 12:58:47,600 - __main__ - DEBUG - Pick event: 0 Place event: 0
2023-07-13 12:58:47,801 - __main__ - DEBUG - Pick event: 0 Place event: 0
2023-07-13 12:58:48,002 - __main__ - DEBUG - Pick event: 0 Place event: 0
2023-07-13 12:58:48,203 - __main__ - DEBUG - Pick event: 0 Place event: 0
2023-07-13 12:58:48,404 - __main__ - DEBUG - Pick event: 0 Place event: 0
2023-07-13 12:58:48,605 - __main__ - DEBUG - Pick event: 0 Place event: 0
2023-07-13 12:58:48,807 - __main__ - DEBUG - Pick event: 0 Place event: 0
2023-07-13 12:58:49,008 - __main__ - DEBUG - Pick event: 0 Place event: 0
2023-07-13 12:58:49,209 - __main__ - DEBUG - Pick event: 0 Place event: 0
2023-07-13 12:58:49,409 - __main__ - DEBUG - Pick event: 0 Place event: 0
2023-07-13 12:58:49,610 - __main__ - DEBUG - Pick event: 0 Place event: 0
2023-07-13 12:58:49,812 - __main__ - DEBUG - Pick event: 0 Place event: 0
2023-07-13 12:58:50,013 - __main__ - DEBUG - Pick event: 0 Place event: 0
2023-07-13 12:58:50,214 - __main__ - DEBUG - Pick event: 0 Place event: 0
2023-07-13 12:58:50,415 - __main__ - DEBUG - Pick event: 0 Place event: 0
2023-07-13 12:58:50,616 - __main__ - DEBUG - Pick event: 0 Place event: 0
2023-07-13 12:58:50,817 - __main__ - DEBUG - Pick event: 0 Place event: 0
2023-07-13 12:58:51,018 - __main__ - DEBUG - Pick event: 0 Place event: 0
2023-07-13 12:58:51,220 - __main__ - DEBUG - Pick event: 0 Place event: 0
2023-07-13 12:58:51,421 - __main__ - DEBUG - Pick event: 0 Place event: 0
2023-07-13 12:58:51,622 - __main__ - DEBUG - Pick event: 0 Place event: 0
2023-07-13 12:58:51,823 - __main__ - DEBUG - Pick event: 0 Place event: 0
2023-07-13 12:58:52,024 - __main__ - DEBUG - Pick event: 0 Place event: 0
2023-07-13 12:58:52,225 - __main__ - DEBUG - Pick event: 0 Place event: 0
2023-07-13 12:58:52,426 - __main__ - DEBUG - Pick event: 0 Place event: 0
2023-07-13 12:58:52,627 - __main__ - DEBUG - Pick event: 0 Place event: 0
2023-07-13 12:58:52,828 - __main__ - DEBUG - Pick event: 0 Place event: 0
2023-07-13 12:58:53,029 - __main__ - DEBUG - Pick event: 0 Place event: 0
2023-07-13 12:58:53,230 - __main__ - DEBUG - Pick event: 0 Place event: 0
2023-07-13 12:58:53,431 - __main__ - DEBUG - Pick event: 0 Place event: 0
2023-07-13 12:58:53,632 - __main__ - DEBUG - Pick event: 0 Place event: 0
2023-07-13 12:58:53,833 - __main__ - DEBUG - Pick event: 0 Place event: 0
2023-07-13 12:58:54,034 - __main__ - DEBUG - Pick event: 0 Place event: 0
2023-07-13 12:58:54,235 - __main__ - DEBUG - Pick event: 0 Place event: 0
2023-07-13 12:58:54,436 - __main__ - DEBUG - Pick event: 0 Place event: 0
2023-07-13 12:58:54,637 - __main__ - DEBUG - Pick event: 0 Place event: 0
2023-07-13 12:58:54,838 - __main__ - DEBUG - Pick event: 0 Place event: 0
2023-07-13 12:58:55,039 - __main__ - DEBUG - Pick event: 0 Place event: 0
2023-07-13 12:58:55,241 - __main__ - DEBUG - Pick event: 0 Place event: 0
2023-07-13 12:58:55,442 - __main__ - DEBUG - Pick event: 0 Place event: 0
2023-07-13 12:58:55,643 - __main__ - DEBUG - Pick event: 0 Place event: 0
2023-07-13 12:58:55,844 - __main__ - DEBUG - Pick event: 0 Place event: 0
2023-07-13 12:58:56,045 - __main__ - DEBUG - Pick event: 0 Place event: 0
2023-07-13 12:58:56,246 - __main__ - DEBUG - Pick event: 0 Place event: 0
2023-07-13 12:58:56,447 - __main__ - DEBUG - Pick event: 0 Place event: 0
2023-07-13 12:58:56,648 - __main__ - DEBUG - Pick event: 0 Place event: 0
2023-07-13 12:58:56,849 - __main__ - DEBUG - Pick event: 0 Place event: 0
2023-07-13 12:58:57,050 - __main__ - DEBUG - Pick event: 0 Place event: 0
2023-07-13 12:58:57,251 - __main__ - DEBUG - Pick event: 0 Place event: 0
2023-07-13 12:58:57,453 - __main__ - DEBUG - Pick event: 0 Place event: 0
2023-07-13 12:58:57,654 - __main__ - DEBUG - Pick event: 0 Place event: 0
2023-07-13 12:58:57,855 - __main__ - DEBUG - Pick event: 0 Place event: 0
2023-07-13 12:58:58,056 - __main__ - DEBUG - Pick event: 0 Place event: 0
2023-07-13 12:58:58,257 - __main__ - DEBUG - Pick event: 0 Place event: 0
2023-07-13 12:58:58,458 - __main__ - DEBUG - Pick event: 0 Place event: 0
2023-07-13 12:58:58,659 - __main__ - DEBUG - Pick event: 0 Place event: 0
2023-07-13 12:58:58,861 - __main__ - DEBUG - Pick event: 0 Place event: 0
2023-07-13 12:58:59,062 - __main__ - DEBUG - Pick event: 0 Place event: 0
2023-07-13 12:58:59,263 - __main__ - DEBUG - Pick event: 0 Place event: 0
2023-07-13 12:58:59,464 - __main__ - DEBUG - Pick event: 0 Place event: 0
2023-07-13 12:58:59,665 - __main__ - DEBUG - Pick event: 0 Place event: 0
2023-07-13 12:58:59,866 - __main__ - DEBUG - Pick event: 0 Place event: 0
2023-07-13 12:59:00,067 - __main__ - DEBUG - Pick event: 0 Place event: 0
2023-07-13 12:59:00,268 - __main__ - DEBUG - Pick event: 0 Place event: 0
2023-07-13 12:59:00,469 - __main__ - DEBUG - Pick event: 0 Place event: 0
2023-07-13 12:59:00,670 - __main__ - DEBUG - Pick event: 0 Place event: 0
2023-07-13 12:59:00,871 - __main__ - DEBUG - Pick event: 0 Place event: 0
2023-07-13 12:59:01,072 - __main__ - DEBUG - Pick event: 0 Place event: 0
2023-07-13 12:59:01,273 - __main__ - DEBUG - Pick event: 0 Place event: 0
2023-07-13 12:59:01,474 - __main__ - DEBUG - Pick event: 0 Place event: 0
2023-07-13 12:59:01,675 - __main__ - DEBUG - Pick event: 0 Place event: 0
2023-07-13 12:59:01,877 - __main__ - DEBUG - Pick event: 0 Place event: 0
2023-07-13 12:59:02,078 - __main__ - DEBUG - Pick event: 1 Place event: 0
2023-07-13 12:59:02,078 - __main__ - INFO - Pick event
2023-07-13 12:59:02,079 - __main__ - INFO - Inferring on snapshot...
2023-07-13 12:59:03,549 - __main__ - DEBUG - Inference Result: []
2023-07-13 12:59:03,550 - __main__ - WARNING - No object detected! Retrying
2023-07-13 12:59:03,550 - __main__ - WARNING - No object detected! PANIC MODE!!!
2023-07-13 12:59:03,550 - __main__ - INFO - Mobile Platform Go
2023-07-13 12:59:05,552 - __main__ - DEBUG - Pick event: 0 Place event: 0
2023-07-13 12:59:05,553 - __main__ - INFO - EVENT CYCLE COMPLETE
2023-07-13 12:59:05,754 - __main__ - DEBUG - Pick event: 0 Place event: 0
2023-07-13 12:59:05,955 - __main__ - DEBUG - Pick event: 0 Place event: 0
2023-07-13 12:59:06,156 - __main__ - DEBUG - Pick event: 0 Place event: 0
2023-07-13 12:59:06,357 - __main__ - DEBUG - Pick event: 0 Place event: 0
2023-07-13 12:59:06,558 - __main__ - DEBUG - Pick event: 0 Place event: 0
2023-07-13 12:59:06,759 - __main__ - DEBUG - Pick event: 0 Place event: 0
2023-07-13 12:59:06,960 - __main__ - DEBUG - Pick event: 0 Place event: 0
2023-07-13 12:59:07,162 - __main__ - DEBUG - Pick event: 0 Place event: 0
2023-07-13 12:59:07,363 - __main__ - DEBUG - Pick event: 0 Place event: 0
2023-07-13 12:59:07,563 - __main__ - DEBUG - Pick event: 0 Place event: 0
2023-07-13 12:59:07,765 - __main__ - DEBUG - Pick event: 0 Place event: 0
2023-07-13 12:59:07,966 - __main__ - DEBUG - Pick event: 0 Place event: 0
2023-07-13 12:59:08,167 - __main__ - DEBUG - Pick event: 0 Place event: 0
2023-07-13 12:59:08,368 - __main__ - DEBUG - Pick event: 0 Place event: 0
2023-07-13 12:59:08,569 - __main__ - DEBUG - Pick event: 0 Place event: 0
2023-07-13 12:59:08,770 - __main__ - DEBUG - Pick event: 0 Place event: 0
2023-07-13 12:59:08,971 - __main__ - DEBUG - Pick event: 0 Place event: 0
2023-07-13 12:59:09,172 - __main__ - DEBUG - Pick event: 0 Place event: 0
2023-07-13 12:59:09,373 - __main__ - DEBUG - Pick event: 0 Place event: 0
2023-07-13 12:59:09,574 - __main__ - DEBUG - Pick event: 0 Place event: 0
2023-07-13 12:59:09,775 - __main__ - DEBUG - Pick event: 0 Place event: 0
2023-07-13 12:59:09,977 - __main__ - DEBUG - Pick event: 0 Place event: 0
2023-07-13 12:59:10,178 - __main__ - DEBUG - Pick event: 0 Place event: 0
2023-07-13 12:59:10,379 - __main__ - DEBUG - Pick event: 0 Place event: 0
2023-07-13 12:59:10,580 - __main__ - DEBUG - Pick event: 0 Place event: 0
2023-07-13 12:59:10,781 - __main__ - DEBUG - Pick event: 0 Place event: 0
2023-07-13 12:59:10,982 - __main__ - DEBUG - Pick event: 0 Place event: 0
2023-07-13 12:59:11,183 - __main__ - DEBUG - Pick event: 0 Place event: 0
2023-07-13 12:59:11,384 - __main__ - DEBUG - Pick event: 0 Place event: 0
2023-07-13 12:59:11,585 - __main__ - DEBUG - Pick event: 0 Place event: 0
2023-07-13 12:59:11,786 - __main__ - DEBUG - Pick event: 0 Place event: 0
2023-07-13 12:59:11,987 - __main__ - DEBUG - Pick event: 1 Place event: 0
2023-07-13 12:59:11,988 - __main__ - INFO - Pick event
2023-07-13 12:59:11,989 - __main__ - INFO - Inferring on snapshot...
2023-07-13 12:59:13,401 - __main__ - DEBUG - Inference Result: []
2023-07-13 12:59:13,401 - __main__ - WARNING - No object detected! Retrying
2023-07-13 12:59:13,401 - __main__ - WARNING - No object detected! PANIC MODE!!!
2023-07-13 12:59:13,401 - __main__ - INFO - Mobile Platform Go
2023-07-13 12:59:15,402 - __main__ - DEBUG - Pick event: 0 Place event: 0
2023-07-13 12:59:15,403 - __main__ - INFO - EVENT CYCLE COMPLETE
2023-07-13 12:59:15,604 - __main__ - DEBUG - Pick event: 0 Place event: 0
2023-07-13 12:59:15,805 - __main__ - DEBUG - Pick event: 0 Place event: 0
2023-07-13 12:59:16,006 - __main__ - DEBUG - Pick event: 0 Place event: 0
2023-07-13 12:59:16,207 - __main__ - DEBUG - Pick event: 0 Place event: 0
2023-07-13 12:59:16,408 - __main__ - DEBUG - Pick event: 0 Place event: 0
2023-07-13 12:59:16,609 - __main__ - DEBUG - Pick event: 0 Place event: 0
2023-07-13 12:59:16,810 - __main__ - DEBUG - Pick event: 0 Place event: 0
2023-07-13 12:59:17,011 - __main__ - DEBUG - Pick event: 0 Place event: 0
2023-07-13 12:59:17,213 - __main__ - DEBUG - Pick event: 0 Place event: 0
2023-07-13 12:59:17,414 - __main__ - DEBUG - Pick event: 0 Place event: 0
2023-07-13 12:59:17,615 - __main__ - DEBUG - Pick event: 0 Place event: 0
2023-07-13 12:59:17,816 - __main__ - DEBUG - Pick event: 0 Place event: 0
2023-07-13 12:59:18,017 - __main__ - DEBUG - Pick event: 0 Place event: 0
2023-07-13 12:59:18,218 - __main__ - DEBUG - Pick event: 0 Place event: 0
2023-07-13 12:59:18,420 - __main__ - DEBUG - Pick event: 0 Place event: 0
2023-07-13 12:59:18,621 - __main__ - DEBUG - Pick event: 0 Place event: 0
2023-07-13 12:59:18,822 - __main__ - DEBUG - Pick event: 0 Place event: 0
2023-07-13 12:59:19,023 - __main__ - DEBUG - Pick event: 0 Place event: 0
2023-07-13 12:59:19,224 - __main__ - DEBUG - Pick event: 0 Place event: 0
2023-07-13 12:59:19,425 - __main__ - DEBUG - Pick event: 0 Place event: 0
2023-07-13 12:59:19,626 - __main__ - DEBUG - Pick event: 0 Place event: 0
2023-07-13 12:59:19,827 - __main__ - DEBUG - Pick event: 0 Place event: 0
2023-07-13 12:59:20,028 - __main__ - DEBUG - Pick event: 0 Place event: 0
2023-07-13 12:59:20,229 - __main__ - DEBUG - Pick event: 0 Place event: 0
2023-07-13 12:59:20,431 - __main__ - DEBUG - Pick event: 0 Place event: 0
2023-07-13 12:59:20,632 - __main__ - DEBUG - Pick event: 0 Place event: 0
2023-07-13 12:59:20,833 - __main__ - DEBUG - Pick event: 0 Place event: 0
2023-07-13 12:59:21,034 - __main__ - DEBUG - Pick event: 0 Place event: 0
2023-07-13 12:59:21,235 - __main__ - DEBUG - Pick event: 0 Place event: 0
2023-07-13 12:59:21,436 - __main__ - DEBUG - Pick event: 0 Place event: 0
2023-07-13 12:59:21,638 - __main__ - DEBUG - Pick event: 0 Place event: 0
2023-07-13 12:59:21,839 - __main__ - DEBUG - Pick event: 0 Place event: 0
2023-07-13 12:59:22,040 - __main__ - DEBUG - Pick event: 0 Place event: 0
2023-07-13 12:59:22,241 - __main__ - DEBUG - Pick event: 0 Place event: 0
2023-07-13 12:59:22,442 - __main__ - DEBUG - Pick event: 0 Place event: 0
2023-07-13 12:59:22,643 - __main__ - DEBUG - Pick event: 0 Place event: 0
2023-07-13 12:59:22,844 - __main__ - DEBUG - Pick event: 0 Place event: 0
2023-07-13 12:59:23,045 - __main__ - DEBUG - Pick event: 0 Place event: 0
2023-07-13 12:59:23,246 - __main__ - DEBUG - Pick event: 0 Place event: 0
2023-07-13 12:59:23,447 - __main__ - DEBUG - Pick event: 0 Place event: 0
2023-07-13 12:59:23,648 - __main__ - DEBUG - Pick event: 0 Place event: 0
2023-07-13 12:59:23,850 - __main__ - DEBUG - Pick event: 0 Place event: 0
2023-07-13 12:59:24,051 - __main__ - DEBUG - Pick event: 0 Place event: 0
2023-07-13 12:59:24,252 - __main__ - DEBUG - Pick event: 0 Place event: 0
2023-07-13 12:59:24,453 - __main__ - DEBUG - Pick event: 0 Place event: 0
2023-07-13 12:59:24,654 - __main__ - DEBUG - Pick event: 0 Place event: 0
2023-07-13 12:59:24,855 - __main__ - DEBUG - Pick event: 0 Place event: 0
2023-07-13 12:59:25,057 - __main__ - DEBUG - Pick event: 0 Place event: 0
2023-07-13 12:59:25,258 - __main__ - DEBUG - Pick event: 0 Place event: 0
2023-07-13 12:59:25,459 - __main__ - DEBUG - Pick event: 0 Place event: 0
2023-07-13 12:59:25,660 - __main__ - DEBUG - Pick event: 0 Place event: 0
2023-07-13 12:59:25,861 - __main__ - DEBUG - Pick event: 0 Place event: 0
2023-07-13 12:59:26,062 - __main__ - DEBUG - Pick event: 0 Place event: 0
2023-07-13 12:59:26,263 - __main__ - DEBUG - Pick event: 0 Place event: 0
2023-07-13 12:59:26,464 - __main__ - DEBUG - Pick event: 0 Place event: 0
2023-07-13 12:59:26,665 - __main__ - DEBUG - Pick event: 0 Place event: 0
2023-07-13 12:59:26,866 - __main__ - DEBUG - Pick event: 0 Place event: 0
2023-07-13 12:59:27,067 - __main__ - DEBUG - Pick event: 0 Place event: 0
2023-07-13 12:59:27,269 - __main__ - DEBUG - Pick event: 0 Place event: 0
2023-07-13 12:59:27,470 - __main__ - DEBUG - Pick event: 0 Place event: 0
2023-07-13 12:59:27,671 - __main__ - DEBUG - Pick event: 0 Place event: 0
2023-07-13 12:59:27,872 - __main__ - DEBUG - Pick event: 0 Place event: 0
2023-07-13 12:59:28,073 - __main__ - DEBUG - Pick event: 0 Place event: 0
2023-07-13 12:59:28,274 - __main__ - DEBUG - Pick event: 0 Place event: 0
2023-07-13 12:59:28,476 - __main__ - DEBUG - Pick event: 0 Place event: 0
2023-07-13 12:59:28,677 - __main__ - DEBUG - Pick event: 0 Place event: 0
2023-07-13 12:59:28,878 - __main__ - DEBUG - Pick event: 0 Place event: 0
2023-07-13 12:59:29,079 - __main__ - DEBUG - Pick event: 0 Place event: 0
2023-07-13 12:59:29,280 - __main__ - DEBUG - Pick event: 0 Place event: 0
2023-07-13 12:59:29,481 - __main__ - DEBUG - Pick event: 0 Place event: 0
2023-07-13 12:59:29,682 - __main__ - DEBUG - Pick event: 0 Place event: 0
2023-07-13 12:59:29,884 - __main__ - DEBUG - Pick event: 0 Place event: 0
2023-07-13 12:59:30,085 - __main__ - DEBUG - Pick event: 0 Place event: 0
2023-07-13 12:59:30,286 - __main__ - DEBUG - Pick event: 0 Place event: 0
2023-07-13 12:59:30,487 - __main__ - DEBUG - Pick event: 0 Place event: 0
2023-07-13 12:59:30,688 - __main__ - DEBUG - Pick event: 0 Place event: 0
2023-07-13 12:59:30,889 - __main__ - DEBUG - Pick event: 0 Place event: 0
2023-07-13 12:59:31,090 - __main__ - DEBUG - Pick event: 0 Place event: 0
2023-07-13 12:59:31,291 - __main__ - DEBUG - Pick event: 0 Place event: 0
2023-07-13 12:59:31,493 - __main__ - DEBUG - Pick event: 0 Place event: 0
2023-07-13 12:59:31,694 - __main__ - DEBUG - Pick event: 0 Place event: 0
2023-07-13 12:59:31,895 - __main__ - DEBUG - Pick event: 0 Place event: 0
2023-07-13 12:59:32,096 - __main__ - DEBUG - Pick event: 0 Place event: 0
2023-07-13 12:59:32,297 - __main__ - DEBUG - Pick event: 0 Place event: 0
2023-07-13 12:59:32,498 - __main__ - DEBUG - Pick event: 0 Place event: 0
2023-07-13 12:59:32,699 - __main__ - DEBUG - Pick event: 0 Place event: 0
2023-07-13 12:59:32,900 - __main__ - DEBUG - Pick event: 0 Place event: 0
2023-07-13 12:59:33,101 - __main__ - DEBUG - Pick event: 0 Place event: 0
2023-07-13 12:59:33,302 - __main__ - DEBUG - Pick event: 0 Place event: 0
2023-07-13 12:59:33,503 - __main__ - DEBUG - Pick event: 0 Place event: 0
2023-07-13 12:59:33,704 - __main__ - DEBUG - Pick event: 0 Place event: 0
2023-07-13 12:59:33,905 - __main__ - DEBUG - Pick event: 0 Place event: 0
2023-07-13 12:59:34,106 - __main__ - DEBUG - Pick event: 0 Place event: 0
2023-07-13 12:59:34,307 - __main__ - DEBUG - Pick event: 0 Place event: 0
2023-07-13 12:59:34,508 - __main__ - DEBUG - Pick event: 0 Place event: 0
2023-07-13 12:59:34,709 - __main__ - DEBUG - Pick event: 0 Place event: 0
2023-07-13 12:59:34,910 - __main__ - DEBUG - Pick event: 0 Place event: 0
2023-07-13 12:59:35,111 - __main__ - DEBUG - Pick event: 0 Place event: 0
2023-07-13 12:59:35,312 - __main__ - DEBUG - Pick event: 0 Place event: 0
2023-07-13 12:59:35,513 - __main__ - DEBUG - Pick event: 0 Place event: 0
2023-07-13 12:59:35,714 - __main__ - DEBUG - Pick event: 0 Place event: 0
2023-07-13 12:59:35,916 - __main__ - DEBUG - Pick event: 0 Place event: 0
2023-07-13 12:59:36,117 - __main__ - DEBUG - Pick event: 0 Place event: 0
2023-07-13 12:59:36,318 - __main__ - DEBUG - Pick event: 0 Place event: 0
2023-07-13 12:59:36,519 - __main__ - DEBUG - Pick event: 0 Place event: 0
2023-07-13 12:59:36,720 - __main__ - DEBUG - Pick event: 0 Place event: 0
2023-07-13 12:59:36,921 - __main__ - DEBUG - Pick event: 0 Place event: 0
2023-07-13 12:59:37,122 - __main__ - DEBUG - Pick event: 0 Place event: 0
2023-07-13 12:59:37,323 - __main__ - DEBUG - Pick event: 0 Place event: 0
2023-07-13 12:59:37,524 - __main__ - DEBUG - Pick event: 0 Place event: 0
2023-07-13 12:59:37,725 - __main__ - DEBUG - Pick event: 0 Place event: 0
2023-07-13 12:59:37,926 - __main__ - DEBUG - Pick event: 0 Place event: 0
2023-07-13 12:59:38,127 - __main__ - DEBUG - Pick event: 0 Place event: 0
2023-07-13 12:59:38,328 - __main__ - DEBUG - Pick event: 0 Place event: 0
2023-07-13 12:59:38,530 - __main__ - DEBUG - Pick event: 0 Place event: 0
2023-07-13 12:59:38,731 - __main__ - DEBUG - Pick event: 0 Place event: 0
2023-07-13 12:59:38,932 - __main__ - DEBUG - Pick event: 0 Place event: 0
2023-07-13 12:59:39,133 - __main__ - DEBUG - Pick event: 0 Place event: 0
2023-07-13 12:59:39,334 - __main__ - DEBUG - Pick event: 0 Place event: 0
2023-07-13 12:59:39,535 - __main__ - DEBUG - Pick event: 0 Place event: 0
2023-07-13 12:59:39,737 - __main__ - DEBUG - Pick event: 0 Place event: 0
2023-07-13 12:59:39,938 - __main__ - DEBUG - Pick event: 0 Place event: 0
2023-07-13 12:59:40,139 - __main__ - DEBUG - Pick event: 0 Place event: 0
2023-07-13 12:59:40,340 - __main__ - DEBUG - Pick event: 0 Place event: 0
2023-07-13 12:59:40,541 - __main__ - DEBUG - Pick event: 0 Place event: 0
2023-07-13 12:59:40,742 - __main__ - DEBUG - Pick event: 0 Place event: 0
2023-07-13 12:59:40,943 - __main__ - DEBUG - Pick event: 0 Place event: 0
2023-07-13 12:59:41,144 - __main__ - DEBUG - Pick event: 0 Place event: 0
2023-07-13 12:59:41,345 - __main__ - DEBUG - Pick event: 0 Place event: 0
2023-07-13 12:59:41,546 - __main__ - DEBUG - Pick event: 0 Place event: 0
2023-07-13 12:59:41,747 - __main__ - DEBUG - Pick event: 0 Place event: 0
2023-07-13 12:59:41,948 - __main__ - DEBUG - Pick event: 0 Place event: 0
2023-07-13 12:59:42,149 - __main__ - DEBUG - Pick event: 0 Place event: 0
2023-07-13 12:59:42,350 - __main__ - DEBUG - Pick event: 0 Place event: 0
2023-07-13 12:59:42,551 - __main__ - DEBUG - Pick event: 0 Place event: 0
2023-07-13 12:59:42,753 - __main__ - DEBUG - Pick event: 0 Place event: 0
2023-07-13 12:59:42,954 - __main__ - DEBUG - Pick event: 0 Place event: 0
2023-07-13 12:59:43,155 - __main__ - DEBUG - Pick event: 0 Place event: 0
2023-07-13 12:59:43,356 - __main__ - DEBUG - Pick event: 0 Place event: 0
2023-07-13 12:59:43,557 - __main__ - DEBUG - Pick event: 0 Place event: 0
2023-07-13 12:59:43,758 - __main__ - DEBUG - Pick event: 0 Place event: 0
2023-07-13 12:59:43,959 - __main__ - DEBUG - Pick event: 0 Place event: 0
2023-07-13 12:59:44,160 - __main__ - DEBUG - Pick event: 0 Place event: 0
2023-07-13 12:59:44,361 - __main__ - DEBUG - Pick event: 0 Place event: 0
2023-07-13 12:59:44,563 - __main__ - DEBUG - Pick event: 0 Place event: 0
2023-07-13 12:59:44,764 - __main__ - DEBUG - Pick event: 0 Place event: 0
2023-07-13 12:59:44,965 - __main__ - DEBUG - Pick event: 0 Place event: 0
2023-07-13 12:59:45,166 - __main__ - DEBUG - Pick event: 0 Place event: 0
2023-07-13 12:59:45,367 - __main__ - DEBUG - Pick event: 0 Place event: 0
2023-07-13 12:59:45,568 - __main__ - DEBUG - Pick event: 0 Place event: 0
2023-07-13 12:59:45,769 - __main__ - DEBUG - Pick event: 0 Place event: 0
2023-07-13 12:59:45,970 - __main__ - DEBUG - Pick event: 0 Place event: 0
2023-07-13 12:59:46,171 - __main__ - DEBUG - Pick event: 0 Place event: 0
2023-07-13 12:59:46,373 - __main__ - DEBUG - Pick event: 0 Place event: 0
2023-07-13 12:59:46,574 - __main__ - DEBUG - Pick event: 0 Place event: 0
2023-07-13 12:59:46,775 - __main__ - DEBUG - Pick event: 0 Place event: 0
2023-07-13 12:59:46,976 - __main__ - DEBUG - Pick event: 0 Place event: 0
2023-07-13 12:59:47,177 - __main__ - DEBUG - Pick event: 0 Place event: 0
2023-07-13 12:59:47,378 - __main__ - DEBUG - Pick event: 0 Place event: 0
2023-07-13 12:59:47,579 - __main__ - DEBUG - Pick event: 0 Place event: 0
2023-07-13 12:59:47,780 - __main__ - DEBUG - Pick event: 0 Place event: 0
2023-07-13 12:59:47,981 - __main__ - DEBUG - Pick event: 0 Place event: 0
2023-07-13 12:59:48,182 - __main__ - DEBUG - Pick event: 0 Place event: 0
2023-07-13 12:59:48,384 - __main__ - DEBUG - Pick event: 0 Place event: 0
2023-07-13 12:59:48,585 - __main__ - DEBUG - Pick event: 0 Place event: 0
2023-07-13 12:59:48,785 - __main__ - DEBUG - Pick event: 0 Place event: 0
2023-07-13 12:59:48,986 - __main__ - DEBUG - Pick event: 0 Place event: 0
2023-07-13 12:59:49,188 - __main__ - DEBUG - Pick event: 0 Place event: 0
2023-07-13 12:59:49,389 - __main__ - DEBUG - Pick event: 0 Place event: 0
2023-07-13 12:59:49,590 - __main__ - DEBUG - Pick event: 0 Place event: 0
2023-07-13 12:59:49,791 - __main__ - DEBUG - Pick event: 0 Place event: 0
2023-07-13 12:59:49,992 - __main__ - DEBUG - Pick event: 0 Place event: 0
2023-07-13 12:59:50,193 - __main__ - DEBUG - Pick event: 0 Place event: 0
2023-07-13 12:59:50,394 - __main__ - DEBUG - Pick event: 0 Place event: 0
2023-07-13 12:59:50,595 - __main__ - DEBUG - Pick event: 0 Place event: 0
2023-07-13 12:59:50,796 - __main__ - DEBUG - Pick event: 0 Place event: 0
2023-07-13 12:59:50,998 - __main__ - DEBUG - Pick event: 0 Place event: 0
2023-07-13 12:59:51,199 - __main__ - DEBUG - Pick event: 0 Place event: 0
2023-07-13 12:59:51,399 - __main__ - DEBUG - Pick event: 0 Place event: 0
2023-07-13 12:59:51,600 - __main__ - DEBUG - Pick event: 0 Place event: 0
2023-07-13 12:59:51,802 - __main__ - DEBUG - Pick event: 0 Place event: 0
2023-07-13 12:59:52,003 - __main__ - DEBUG - Pick event: 0 Place event: 0
2023-07-13 12:59:52,204 - __main__ - DEBUG - Pick event: 0 Place event: 0
2023-07-13 12:59:52,405 - __main__ - DEBUG - Pick event: 0 Place event: 0
2023-07-13 12:59:52,605 - __main__ - DEBUG - Pick event: 0 Place event: 0
2023-07-13 12:59:52,806 - __main__ - DEBUG - Pick event: 0 Place event: 0
2023-07-13 12:59:53,008 - __main__ - DEBUG - Pick event: 0 Place event: 0
2023-07-13 12:59:53,209 - __main__ - DEBUG - Pick event: 0 Place event: 0
2023-07-13 12:59:53,410 - __main__ - DEBUG - Pick event: 0 Place event: 0
2023-07-13 12:59:53,611 - __main__ - DEBUG - Pick event: 0 Place event: 0
2023-07-13 12:59:53,812 - __main__ - DEBUG - Pick event: 0 Place event: 0
2023-07-13 12:59:54,013 - __main__ - DEBUG - Pick event: 0 Place event: 0
2023-07-13 12:59:54,214 - __main__ - DEBUG - Pick event: 0 Place event: 0
2023-07-13 12:59:54,416 - __main__ - DEBUG - Pick event: 0 Place event: 0
2023-07-13 12:59:54,616 - __main__ - DEBUG - Pick event: 0 Place event: 0
2023-07-13 12:59:54,817 - __main__ - DEBUG - Pick event: 0 Place event: 0
2023-07-13 12:59:55,019 - __main__ - DEBUG - Pick event: 0 Place event: 0
2023-07-13 12:59:55,220 - __main__ - DEBUG - Pick event: 0 Place event: 0
2023-07-13 12:59:55,421 - __main__ - DEBUG - Pick event: 0 Place event: 0
2023-07-13 12:59:55,622 - __main__ - DEBUG - Pick event: 0 Place event: 0
2023-07-13 12:59:55,823 - __main__ - DEBUG - Pick event: 0 Place event: 0
2023-07-13 12:59:56,024 - __main__ - DEBUG - Pick event: 0 Place event: 0
2023-07-13 12:59:56,225 - __main__ - DEBUG - Pick event: 0 Place event: 0
2023-07-13 12:59:56,426 - __main__ - DEBUG - Pick event: 0 Place event: 0
2023-07-13 12:59:56,627 - __main__ - DEBUG - Pick event: 0 Place event: 0
2023-07-13 12:59:56,828 - __main__ - DEBUG - Pick event: 0 Place event: 0
2023-07-13 12:59:57,030 - __main__ - DEBUG - Pick event: 0 Place event: 0
2023-07-13 12:59:57,231 - __main__ - DEBUG - Pick event: 0 Place event: 0
2023-07-13 12:59:57,432 - __main__ - DEBUG - Pick event: 0 Place event: 0
2023-07-13 12:59:57,633 - __main__ - DEBUG - Pick event: 0 Place event: 0
2023-07-13 12:59:57,834 - __main__ - DEBUG - Pick event: 0 Place event: 0
2023-07-13 12:59:58,035 - __main__ - DEBUG - Pick event: 0 Place event: 0
2023-07-13 12:59:58,237 - __main__ - DEBUG - Pick event: 0 Place event: 0
2023-07-13 12:59:58,438 - __main__ - DEBUG - Pick event: 0 Place event: 0
2023-07-13 12:59:58,639 - __main__ - DEBUG - Pick event: 0 Place event: 0
2023-07-13 12:59:58,840 - __main__ - DEBUG - Pick event: 0 Place event: 0
2023-07-13 12:59:59,041 - __main__ - DEBUG - Pick event: 0 Place event: 0
2023-07-13 12:59:59,242 - __main__ - DEBUG - Pick event: 0 Place event: 0
2023-07-13 12:59:59,443 - __main__ - DEBUG - Pick event: 0 Place event: 0
2023-07-13 12:59:59,644 - __main__ - DEBUG - Pick event: 0 Place event: 0
2023-07-13 12:59:59,845 - __main__ - DEBUG - Pick event: 0 Place event: 0
2023-07-13 13:00:00,046 - __main__ - DEBUG - Pick event: 0 Place event: 0
2023-07-13 13:00:00,247 - __main__ - DEBUG - Pick event: 0 Place event: 0
2023-07-13 13:00:00,448 - __main__ - DEBUG - Pick event: 0 Place event: 0
2023-07-13 13:00:00,649 - __main__ - DEBUG - Pick event: 0 Place event: 0
2023-07-13 13:00:00,850 - __main__ - DEBUG - Pick event: 0 Place event: 0
2023-07-13 13:00:01,051 - __main__ - DEBUG - Pick event: 0 Place event: 0
2023-07-13 13:00:01,253 - __main__ - DEBUG - Pick event: 0 Place event: 0
2023-07-13 13:00:01,454 - __main__ - DEBUG - Pick event: 0 Place event: 0
2023-07-13 13:00:01,655 - __main__ - DEBUG - Pick event: 0 Place event: 0
2023-07-13 13:00:01,856 - __main__ - DEBUG - Pick event: 0 Place event: 0
2023-07-13 13:00:02,057 - __main__ - DEBUG - Pick event: 0 Place event: 0
2023-07-13 13:00:02,258 - __main__ - DEBUG - Pick event: 0 Place event: 0
2023-07-13 13:00:02,459 - __main__ - DEBUG - Pick event: 0 Place event: 0
2023-07-13 13:00:02,661 - __main__ - DEBUG - Pick event: 0 Place event: 0
2023-07-13 13:00:02,862 - __main__ - DEBUG - Pick event: 0 Place event: 0
2023-07-13 13:00:03,063 - __main__ - DEBUG - Pick event: 0 Place event: 0
2023-07-13 13:00:03,264 - __main__ - DEBUG - Pick event: 0 Place event: 0
2023-07-13 13:00:03,465 - __main__ - DEBUG - Pick event: 0 Place event: 0
2023-07-13 13:00:03,666 - __main__ - DEBUG - Pick event: 0 Place event: 0
2023-07-13 13:00:03,867 - __main__ - DEBUG - Pick event: 0 Place event: 0
2023-07-13 13:00:04,068 - __main__ - DEBUG - Pick event: 0 Place event: 0
2023-07-13 13:00:04,269 - __main__ - DEBUG - Pick event: 0 Place event: 0
2023-07-13 13:00:04,470 - __main__ - DEBUG - Pick event: 0 Place event: 0
2023-07-13 13:00:04,671 - __main__ - DEBUG - Pick event: 0 Place event: 0
2023-07-13 13:00:04,872 - __main__ - DEBUG - Pick event: 0 Place event: 0
2023-07-13 13:00:05,074 - __main__ - DEBUG - Pick event: 0 Place event: 0
2023-07-13 13:00:05,275 - __main__ - DEBUG - Pick event: 0 Place event: 0
2023-07-13 13:00:05,476 - __main__ - DEBUG - Pick event: 0 Place event: 0
2023-07-13 13:00:05,677 - __main__ - DEBUG - Pick event: 0 Place event: 0
2023-07-13 13:00:05,878 - __main__ - DEBUG - Pick event: 0 Place event: 0
2023-07-13 13:00:06,079 - __main__ - DEBUG - Pick event: 0 Place event: 0
2023-07-13 13:00:06,280 - __main__ - DEBUG - Pick event: 0 Place event: 0
2023-07-13 13:00:06,482 - __main__ - DEBUG - Pick event: 0 Place event: 0
2023-07-13 13:00:06,683 - __main__ - DEBUG - Pick event: 0 Place event: 0
2023-07-13 13:00:06,884 - __main__ - DEBUG - Pick event: 0 Place event: 0
2023-07-13 13:00:07,085 - __main__ - DEBUG - Pick event: 0 Place event: 0
2023-07-13 13:00:07,286 - __main__ - DEBUG - Pick event: 0 Place event: 0
2023-07-13 13:00:07,488 - __main__ - DEBUG - Pick event: 0 Place event: 0
2023-07-13 13:00:07,688 - __main__ - DEBUG - Pick event: 0 Place event: 0
2023-07-13 13:00:07,889 - __main__ - DEBUG - Pick event: 0 Place event: 0
2023-07-13 13:00:08,090 - __main__ - DEBUG - Pick event: 0 Place event: 0
2023-07-13 13:00:08,291 - __main__ - DEBUG - Pick event: 0 Place event: 0
2023-07-13 13:00:08,492 - __main__ - DEBUG - Pick event: 0 Place event: 0
2023-07-13 13:00:08,694 - __main__ - DEBUG - Pick event: 0 Place event: 0
2023-07-13 13:00:08,895 - __main__ - DEBUG - Pick event: 0 Place event: 0
2023-07-13 13:00:09,096 - __main__ - DEBUG - Pick event: 0 Place event: 0
2023-07-13 13:00:09,297 - __main__ - DEBUG - Pick event: 0 Place event: 0
2023-07-13 13:00:09,498 - __main__ - DEBUG - Pick event: 0 Place event: 0
2023-07-13 13:00:09,699 - __main__ - DEBUG - Pick event: 0 Place event: 0
2023-07-13 13:00:09,900 - __main__ - DEBUG - Pick event: 0 Place event: 0
2023-07-13 13:00:10,101 - __main__ - DEBUG - Pick event: 0 Place event: 0
2023-07-13 13:00:10,302 - __main__ - DEBUG - Pick event: 0 Place event: 0
2023-07-13 13:00:10,503 - __main__ - DEBUG - Pick event: 0 Place event: 0
2023-07-13 13:00:10,704 - __main__ - DEBUG - Pick event: 0 Place event: 0
2023-07-13 13:00:10,905 - __main__ - DEBUG - Pick event: 0 Place event: 0
2023-07-13 13:00:11,106 - __main__ - DEBUG - Pick event: 0 Place event: 0
2023-07-13 13:00:11,307 - __main__ - DEBUG - Pick event: 0 Place event: 0
2023-07-13 13:00:11,508 - __main__ - DEBUG - Pick event: 0 Place event: 0
2023-07-13 13:00:11,709 - __main__ - DEBUG - Pick event: 0 Place event: 0
2023-07-13 13:00:11,910 - __main__ - DEBUG - Pick event: 0 Place event: 0
2023-07-13 13:00:12,111 - __main__ - DEBUG - Pick event: 0 Place event: 0
2023-07-13 13:00:12,312 - __main__ - DEBUG - Pick event: 0 Place event: 0
2023-07-13 13:00:12,513 - __main__ - DEBUG - Pick event: 0 Place event: 0
2023-07-13 13:00:12,714 - __main__ - DEBUG - Pick event: 0 Place event: 0
2023-07-13 13:00:12,916 - __main__ - DEBUG - Pick event: 0 Place event: 0
2023-07-13 13:00:13,117 - __main__ - DEBUG - Pick event: 0 Place event: 0
2023-07-13 13:00:13,318 - __main__ - DEBUG - Pick event: 0 Place event: 0
2023-07-13 13:00:13,519 - __main__ - DEBUG - Pick event: 0 Place event: 0
2023-07-13 13:00:13,720 - __main__ - DEBUG - Pick event: 0 Place event: 0
2023-07-13 13:00:13,921 - __main__ - DEBUG - Pick event: 0 Place event: 0
2023-07-13 13:00:14,122 - __main__ - DEBUG - Pick event: 0 Place event: 0
2023-07-13 13:00:14,324 - __main__ - DEBUG - Pick event: 0 Place event: 0
2023-07-13 13:00:14,525 - __main__ - DEBUG - Pick event: 0 Place event: 0
2023-07-13 13:00:14,726 - __main__ - DEBUG - Pick event: 0 Place event: 0
2023-07-13 13:00:14,927 - __main__ - DEBUG - Pick event: 0 Place event: 0
2023-07-13 13:00:15,128 - __main__ - DEBUG - Pick event: 0 Place event: 0
2023-07-13 13:00:15,329 - __main__ - DEBUG - Pick event: 0 Place event: 0
2023-07-13 13:00:15,530 - __main__ - DEBUG - Pick event: 0 Place event: 0
2023-07-13 13:00:15,731 - __main__ - DEBUG - Pick event: 0 Place event: 0
2023-07-13 13:00:15,932 - __main__ - DEBUG - Pick event: 0 Place event: 0
2023-07-13 13:00:16,133 - __main__ - DEBUG - Pick event: 0 Place event: 0
2023-07-13 13:00:16,334 - __main__ - DEBUG - Pick event: 0 Place event: 0
2023-07-13 13:00:16,535 - __main__ - DEBUG - Pick event: 0 Place event: 0
2023-07-13 13:00:16,736 - __main__ - DEBUG - Pick event: 0 Place event: 0
2023-07-13 13:00:16,937 - __main__ - DEBUG - Pick event: 0 Place event: 0
2023-07-13 13:00:17,138 - __main__ - DEBUG - Pick event: 0 Place event: 0
2023-07-13 13:00:17,340 - __main__ - DEBUG - Pick event: 0 Place event: 0
2023-07-13 13:00:17,541 - __main__ - DEBUG - Pick event: 0 Place event: 0
2023-07-13 13:00:17,742 - __main__ - DEBUG - Pick event: 0 Place event: 0
2023-07-13 13:00:17,943 - __main__ - DEBUG - Pick event: 0 Place event: 0
2023-07-13 13:00:18,144 - __main__ - DEBUG - Pick event: 0 Place event: 0
2023-07-13 13:00:18,345 - __main__ - DEBUG - Pick event: 0 Place event: 0
2023-07-13 13:00:18,546 - __main__ - DEBUG - Pick event: 0 Place event: 0
2023-07-13 13:00:18,747 - __main__ - DEBUG - Pick event: 0 Place event: 0
2023-07-13 13:00:18,948 - __main__ - DEBUG - Pick event: 0 Place event: 0
2023-07-13 13:00:19,149 - __main__ - DEBUG - Pick event: 0 Place event: 0
2023-07-13 13:00:19,350 - __main__ - DEBUG - Pick event: 0 Place event: 0
2023-07-13 13:00:19,551 - __main__ - DEBUG - Pick event: 0 Place event: 0
2023-07-13 13:00:19,753 - __main__ - DEBUG - Pick event: 0 Place event: 0
2023-07-13 13:00:19,954 - __main__ - DEBUG - Pick event: 0 Place event: 0
2023-07-13 13:00:20,155 - __main__ - DEBUG - Pick event: 0 Place event: 0
2023-07-13 13:00:20,356 - __main__ - DEBUG - Pick event: 0 Place event: 0
2023-07-13 13:00:20,557 - __main__ - DEBUG - Pick event: 0 Place event: 0
2023-07-13 13:00:20,758 - __main__ - DEBUG - Pick event: 0 Place event: 0
2023-07-13 13:00:20,960 - __main__ - DEBUG - Pick event: 0 Place event: 0
2023-07-13 13:00:21,161 - __main__ - DEBUG - Pick event: 0 Place event: 0
2023-07-13 13:00:21,362 - __main__ - DEBUG - Pick event: 0 Place event: 0
2023-07-13 13:00:21,563 - __main__ - DEBUG - Pick event: 0 Place event: 0
2023-07-13 13:00:21,764 - __main__ - DEBUG - Pick event: 0 Place event: 0
2023-07-13 13:00:21,965 - __main__ - DEBUG - Pick event: 0 Place event: 0
2023-07-13 13:00:22,166 - __main__ - DEBUG - Pick event: 0 Place event: 0
2023-07-13 13:00:22,367 - __main__ - DEBUG - Pick event: 0 Place event: 0
2023-07-13 13:00:22,568 - __main__ - DEBUG - Pick event: 0 Place event: 0
2023-07-13 13:00:22,769 - __main__ - DEBUG - Pick event: 0 Place event: 0
2023-07-13 13:00:22,970 - __main__ - DEBUG - Pick event: 0 Place event: 0
2023-07-13 13:00:23,171 - __main__ - DEBUG - Pick event: 0 Place event: 0
2023-07-13 13:00:23,372 - __main__ - DEBUG - Pick event: 0 Place event: 0
2023-07-13 13:00:23,573 - __main__ - DEBUG - Pick event: 0 Place event: 0
2023-07-13 13:00:23,774 - __main__ - DEBUG - Pick event: 0 Place event: 0
2023-07-13 13:00:23,976 - __main__ - DEBUG - Pick event: 0 Place event: 0
2023-07-13 13:00:24,177 - __main__ - DEBUG - Pick event: 0 Place event: 0
2023-07-13 13:00:24,378 - __main__ - DEBUG - Pick event: 0 Place event: 0
2023-07-13 13:00:24,579 - __main__ - DEBUG - Pick event: 0 Place event: 0
2023-07-13 13:00:24,780 - __main__ - DEBUG - Pick event: 0 Place event: 0
2023-07-13 13:00:24,981 - __main__ - DEBUG - Pick event: 0 Place event: 0
2023-07-13 13:00:25,183 - __main__ - DEBUG - Pick event: 0 Place event: 0
2023-07-13 13:00:25,384 - __main__ - DEBUG - Pick event: 0 Place event: 0
2023-07-13 13:00:25,585 - __main__ - DEBUG - Pick event: 0 Place event: 0
2023-07-13 13:00:25,786 - __main__ - DEBUG - Pick event: 0 Place event: 0
2023-07-13 13:00:25,987 - __main__ - DEBUG - Pick event: 0 Place event: 0
2023-07-13 13:00:26,188 - __main__ - DEBUG - Pick event: 0 Place event: 0
2023-07-13 13:00:26,389 - __main__ - DEBUG - Pick event: 0 Place event: 0
2023-07-13 13:00:26,590 - __main__ - DEBUG - Pick event: 0 Place event: 0
2023-07-13 13:00:26,791 - __main__ - DEBUG - Pick event: 0 Place event: 0
2023-07-13 13:00:26,993 - __main__ - DEBUG - Pick event: 0 Place event: 0
2023-07-13 13:00:27,194 - __main__ - DEBUG - Pick event: 0 Place event: 0
2023-07-13 13:00:27,395 - __main__ - DEBUG - Pick event: 0 Place event: 0
2023-07-13 13:00:27,596 - __main__ - DEBUG - Pick event: 0 Place event: 0
2023-07-13 13:00:27,797 - __main__ - DEBUG - Pick event: 0 Place event: 0
2023-07-13 13:00:27,998 - __main__ - DEBUG - Pick event: 0 Place event: 0
2023-07-13 13:00:28,199 - __main__ - DEBUG - Pick event: 0 Place event: 0
2023-07-13 13:00:28,401 - __main__ - DEBUG - Pick event: 0 Place event: 0
2023-07-13 13:00:28,602 - __main__ - DEBUG - Pick event: 0 Place event: 0
2023-07-13 13:00:28,803 - __main__ - DEBUG - Pick event: 0 Place event: 0
2023-07-13 13:00:29,004 - __main__ - DEBUG - Pick event: 0 Place event: 0
2023-07-13 13:00:29,205 - __main__ - DEBUG - Pick event: 0 Place event: 0
2023-07-13 13:00:29,406 - __main__ - DEBUG - Pick event: 0 Place event: 0
2023-07-13 13:00:29,607 - __main__ - DEBUG - Pick event: 0 Place event: 0
2023-07-13 13:00:29,808 - __main__ - DEBUG - Pick event: 0 Place event: 0
2023-07-13 13:00:30,010 - __main__ - DEBUG - Pick event: 0 Place event: 0
2023-07-13 13:00:30,211 - __main__ - DEBUG - Pick event: 0 Place event: 0
2023-07-13 13:00:30,412 - __main__ - DEBUG - Pick event: 0 Place event: 0
2023-07-13 13:00:30,613 - __main__ - DEBUG - Pick event: 0 Place event: 0
2023-07-13 13:00:30,814 - __main__ - DEBUG - Pick event: 0 Place event: 0
2023-07-13 13:00:31,015 - __main__ - DEBUG - Pick event: 0 Place event: 0
2023-07-13 13:00:31,216 - __main__ - DEBUG - Pick event: 0 Place event: 0
2023-07-13 13:00:31,417 - __main__ - DEBUG - Pick event: 0 Place event: 0
2023-07-13 13:00:31,618 - __main__ - DEBUG - Pick event: 0 Place event: 0
2023-07-13 13:00:31,819 - __main__ - DEBUG - Pick event: 0 Place event: 0
2023-07-13 13:00:32,020 - __main__ - DEBUG - Pick event: 0 Place event: 0
2023-07-13 13:00:32,222 - __main__ - DEBUG - Pick event: 0 Place event: 0
2023-07-13 13:00:32,423 - __main__ - DEBUG - Pick event: 0 Place event: 0
2023-07-13 13:00:32,624 - __main__ - DEBUG - Pick event: 0 Place event: 0
2023-07-13 13:00:32,825 - __main__ - DEBUG - Pick event: 0 Place event: 0
2023-07-13 13:00:33,026 - __main__ - DEBUG - Pick event: 0 Place event: 0
2023-07-13 13:00:33,227 - __main__ - DEBUG - Pick event: 0 Place event: 0
2023-07-13 13:00:33,428 - __main__ - DEBUG - Pick event: 0 Place event: 0
2023-07-13 13:00:33,630 - __main__ - DEBUG - Pick event: 0 Place event: 0
2023-07-13 13:00:33,830 - __main__ - DEBUG - Pick event: 0 Place event: 0
2023-07-13 13:00:34,031 - __main__ - DEBUG - Pick event: 0 Place event: 0
2023-07-13 13:00:34,232 - __main__ - DEBUG - Pick event: 0 Place event: 0
2023-07-13 13:00:34,433 - __main__ - DEBUG - Pick event: 0 Place event: 0
2023-07-13 13:00:34,634 - __main__ - DEBUG - Pick event: 0 Place event: 0
2023-07-13 13:00:34,835 - __main__ - DEBUG - Pick event: 0 Place event: 0
2023-07-13 13:00:35,036 - __main__ - DEBUG - Pick event: 0 Place event: 0
2023-07-13 13:00:35,237 - __main__ - DEBUG - Pick event: 0 Place event: 0
2023-07-13 13:00:35,438 - __main__ - DEBUG - Pick event: 0 Place event: 0
2023-07-13 13:00:35,639 - __main__ - DEBUG - Pick event: 0 Place event: 0
2023-07-13 13:00:35,840 - __main__ - DEBUG - Pick event: 0 Place event: 0
2023-07-13 13:00:36,042 - __main__ - DEBUG - Pick event: 0 Place event: 0
2023-07-13 13:00:36,243 - __main__ - DEBUG - Pick event: 0 Place event: 0
2023-07-13 13:00:36,444 - __main__ - DEBUG - Pick event: 0 Place event: 0
2023-07-13 13:00:36,645 - __main__ - DEBUG - Pick event: 0 Place event: 0
2023-07-13 13:00:36,846 - __main__ - DEBUG - Pick event: 0 Place event: 0
2023-07-13 13:00:37,047 - __main__ - DEBUG - Pick event: 0 Place event: 0
2023-07-13 13:00:37,248 - __main__ - DEBUG - Pick event: 0 Place event: 0
2023-07-13 13:00:37,252 - __main__ - ERROR - Keyboard Interrupt
Traceback (most recent call last):
  File "/home/lenny/dojo/internship2023/robot_software/run.py", line 284, in <module>
    time.sleep(0.2)
KeyboardInterrupt
2023-07-13 13:00:37,269 - __main__ - INFO - Program Terminated Gracefully
