2023-07-13 12:51:31,362 - __main__ - INFO - Logger Initialized Successfully
2023-07-13 12:51:31,375 - __main__ - INFO - Camera Initialized Successfully
2023-07-13 12:51:31,379 - __main__ - INFO - Serial Initialized Successfully
2023-07-13 12:51:31,380 - __main__ - INFO - GPIO Initialized Successfully
2023-07-13 12:51:31,380 - __main__ - INFO - Raspberry Pi Ready
2023-07-13 12:51:31,381 - __main__ - INFO - Intializing Go Command to Mobile Platform
2023-07-13 12:51:34,385 - __main__ - DEBUG - Noise from power on!
2023-07-13 12:51:35,387 - __main__ - DEBUG - Noise from power on!
2023-07-13 12:51:36,388 - __main__ - DEBUG - Noise from power on!
2023-07-13 12:51:37,390 - __main__ - DEBUG - Noise from power on!
2023-07-13 12:51:38,392 - __main__ - DEBUG - Noise from power on!
2023-07-13 12:51:39,393 - __main__ - DEBUG - Noise from power on!
2023-07-13 12:51:40,395 - __main__ - DEBUG - Noise from power on!
2023-07-13 12:51:41,396 - __main__ - DEBUG - Noise from power on!
2023-07-13 12:51:42,397 - __main__ - DEBUG - Noise from power on!
2023-07-13 12:51:43,399 - __main__ - DEBUG - Noise from power on!
2023-07-13 12:51:44,400 - __main__ - DEBUG - Noise from power on!
2023-07-13 12:51:45,402 - __main__ - DEBUG - Noise from power on!
2023-07-13 12:51:46,403 - __main__ - DEBUG - Noise from power on!
2023-07-13 12:51:47,405 - __main__ - DEBUG - Noise from power on!
2023-07-13 12:51:48,407 - __main__ - DEBUG - Noise from power on!
2023-07-13 12:51:49,408 - __main__ - DEBUG - Noise from power on!
2023-07-13 12:51:50,409 - __main__ - DEBUG - Noise from power on!
2023-07-13 12:51:51,411 - __main__ - DEBUG - Noise from power on!
2023-07-13 12:51:52,412 - __main__ - DEBUG - Noise from power on!
2023-07-13 12:51:53,414 - __main__ - DEBUG - Noise from power on!
2023-07-13 12:51:54,415 - __main__ - DEBUG - Noise from power on!
2023-07-13 12:51:55,417 - __main__ - DEBUG - Noise from power on!
2023-07-13 12:51:56,418 - __main__ - DEBUG - *** Starting Cycle ^_^
2023-07-13 12:51:56,619 - __main__ - DEBUG - Pick event: 1 Place event: 0
2023-07-13 12:51:56,620 - __main__ - INFO - Pick event
2023-07-13 12:51:56,620 - __main__ - INFO - Inferring on snapshot...
2023-07-13 12:52:00,593 - __main__ - ERROR - Keyboard Interrupt
Traceback (most recent call last):
  File "/home/lenny/dojo/internship2023/robot_software/run.py", line 289, in <module>
    world_coordinates = camera_inference()
  File "/home/lenny/dojo/internship2023/robot_software/run.py", line 98, in camera_inference
    inference_result = snap_infer()
  File "/home/lenny/dojo/internship2023/robot_software/run.py", line 161, in snap_infer
    inference_result = infer(flipped_frame)
  File "/home/lenny/dojo/internship2023/robot_software/vision/model_inference.py", line 31, in infer
    result = model(img)[0]
  File "/home/lenny/dojo/internship2023/robot_software/venv/lib/python3.10/site-packages/ultralytics/yolo/engine/model.py", line 111, in __call__
    return self.predict(source, stream, **kwargs)
  File "/home/lenny/dojo/internship2023/robot_software/venv/lib/python3.10/site-packages/torch/utils/_contextlib.py", line 115, in decorate_context
    return func(*args, **kwargs)
  File "/home/lenny/dojo/internship2023/robot_software/venv/lib/python3.10/site-packages/ultralytics/yolo/engine/model.py", line 255, in predict
    return self.predictor.predict_cli(source=source) if is_cli else self.predictor(source=source, stream=stream)
  File "/home/lenny/dojo/internship2023/robot_software/venv/lib/python3.10/site-packages/ultralytics/yolo/engine/predictor.py", line 188, in __call__
    return list(self.stream_inference(source, model))  # merge list of Result into one
  File "/home/lenny/dojo/internship2023/robot_software/venv/lib/python3.10/site-packages/torch/utils/_contextlib.py", line 35, in generator_context
    response = gen.send(None)
  File "/home/lenny/dojo/internship2023/robot_software/venv/lib/python3.10/site-packages/ultralytics/yolo/engine/predictor.py", line 244, in stream_inference
    preds = self.model(im, augment=self.args.augment, visualize=visualize)
  File "/home/lenny/dojo/internship2023/robot_software/venv/lib/python3.10/site-packages/torch/nn/modules/module.py", line 1501, in _call_impl
    return forward_call(*args, **kwargs)
  File "/home/lenny/dojo/internship2023/robot_software/venv/lib/python3.10/site-packages/ultralytics/nn/autobackend.py", line 314, in forward
    y = self.model(im, augment=augment, visualize=visualize) if augment or visualize else self.model(im)
  File "/home/lenny/dojo/internship2023/robot_software/venv/lib/python3.10/site-packages/torch/nn/modules/module.py", line 1501, in _call_impl
    return forward_call(*args, **kwargs)
  File "/home/lenny/dojo/internship2023/robot_software/venv/lib/python3.10/site-packages/ultralytics/nn/tasks.py", line 45, in forward
    return self.predict(x, *args, **kwargs)
  File "/home/lenny/dojo/internship2023/robot_software/venv/lib/python3.10/site-packages/ultralytics/nn/tasks.py", line 62, in predict
    return self._predict_once(x, profile, visualize)
  File "/home/lenny/dojo/internship2023/robot_software/venv/lib/python3.10/site-packages/ultralytics/nn/tasks.py", line 82, in _predict_once
    x = m(x)  # run
  File "/home/lenny/dojo/internship2023/robot_software/venv/lib/python3.10/site-packages/torch/nn/modules/module.py", line 1501, in _call_impl
    return forward_call(*args, **kwargs)
  File "/home/lenny/dojo/internship2023/robot_software/venv/lib/python3.10/site-packages/ultralytics/nn/modules/conv.py", line 42, in forward_fuse
    return self.act(self.conv(x))
  File "/home/lenny/dojo/internship2023/robot_software/venv/lib/python3.10/site-packages/torch/nn/modules/module.py", line 1501, in _call_impl
    return forward_call(*args, **kwargs)
  File "/home/lenny/dojo/internship2023/robot_software/venv/lib/python3.10/site-packages/torch/nn/modules/conv.py", line 463, in forward
    return self._conv_forward(input, self.weight, self.bias)
  File "/home/lenny/dojo/internship2023/robot_software/venv/lib/python3.10/site-packages/torch/nn/modules/conv.py", line 459, in _conv_forward
    return F.conv2d(input, weight, bias, self.stride,
KeyboardInterrupt
2023-07-13 12:52:00,628 - __main__ - INFO - Program Terminated Gracefully
