2023-07-13 12:52:24,443 - __main__ - INFO - Logger Initialized Successfully
2023-07-13 12:52:24,455 - __main__ - INFO - Camera Initialized Successfully
2023-07-13 12:52:24,458 - __main__ - INFO - Serial Initialized Successfully
2023-07-13 12:52:24,458 - __main__ - INFO - GPIO Initialized Successfully
2023-07-13 12:52:24,459 - __main__ - INFO - Raspberry Pi Ready
2023-07-13 12:52:24,459 - __main__ - INFO - Intializing Go Command to Mobile Platform
2023-07-13 12:52:27,462 - __main__ - DEBUG - *** Starting Cycle ^_^
2023-07-13 12:52:27,663 - __main__ - DEBUG - Pick event: 0 Place event: 0
2023-07-13 12:52:27,864 - __main__ - DEBUG - Pick event: 0 Place event: 0
2023-07-13 12:52:28,065 - __main__ - DEBUG - Pick event: 0 Place event: 0
2023-07-13 12:52:28,265 - __main__ - DEBUG - Pick event: 0 Place event: 0
2023-07-13 12:52:28,466 - __main__ - DEBUG - Pick event: 0 Place event: 0
2023-07-13 12:52:28,667 - __main__ - DEBUG - Pick event: 0 Place event: 0
2023-07-13 12:52:28,868 - __main__ - DEBUG - Pick event: 0 Place event: 0
2023-07-13 12:52:29,069 - __main__ - DEBUG - Pick event: 0 Place event: 0
2023-07-13 12:52:29,270 - __main__ - DEBUG - Pick event: 0 Place event: 0
2023-07-13 12:52:29,471 - __main__ - DEBUG - Pick event: 0 Place event: 0
2023-07-13 12:52:29,672 - __main__ - DEBUG - Pick event: 0 Place event: 0
2023-07-13 12:52:29,872 - __main__ - DEBUG - Pick event: 0 Place event: 0
2023-07-13 12:52:30,073 - __main__ - DEBUG - Pick event: 0 Place event: 0
2023-07-13 12:52:30,274 - __main__ - DEBUG - Pick event: 0 Place event: 0
2023-07-13 12:52:30,475 - __main__ - DEBUG - Pick event: 0 Place event: 0
2023-07-13 12:52:30,675 - __main__ - DEBUG - Pick event: 0 Place event: 0
2023-07-13 12:52:30,876 - __main__ - DEBUG - Pick event: 0 Place event: 0
2023-07-13 12:52:31,077 - __main__ - DEBUG - Pick event: 0 Place event: 0
2023-07-13 12:52:31,278 - __main__ - DEBUG - Pick event: 0 Place event: 0
2023-07-13 12:52:31,479 - __main__ - DEBUG - Pick event: 0 Place event: 0
2023-07-13 12:52:31,679 - __main__ - DEBUG - Pick event: 0 Place event: 0
2023-07-13 12:52:31,880 - __main__ - DEBUG - Pick event: 0 Place event: 0
2023-07-13 12:52:32,081 - __main__ - DEBUG - Pick event: 0 Place event: 0
2023-07-13 12:52:32,282 - __main__ - DEBUG - Pick event: 0 Place event: 0
2023-07-13 12:52:32,483 - __main__ - DEBUG - Pick event: 0 Place event: 0
2023-07-13 12:52:32,683 - __main__ - DEBUG - Pick event: 0 Place event: 0
2023-07-13 12:52:32,884 - __main__ - DEBUG - Pick event: 0 Place event: 0
2023-07-13 12:52:33,085 - __main__ - DEBUG - Pick event: 0 Place event: 0
2023-07-13 12:52:33,286 - __main__ - DEBUG - Pick event: 0 Place event: 0
2023-07-13 12:52:33,487 - __main__ - DEBUG - Pick event: 0 Place event: 0
2023-07-13 12:52:33,687 - __main__ - DEBUG - Pick event: 0 Place event: 0
2023-07-13 12:52:33,888 - __main__ - DEBUG - Pick event: 0 Place event: 0
2023-07-13 12:52:34,089 - __main__ - DEBUG - Pick event: 0 Place event: 0
2023-07-13 12:52:34,290 - __main__ - DEBUG - Pick event: 0 Place event: 0
2023-07-13 12:52:34,334 - __main__ - ERROR - Keyboard Interrupt
Traceback (most recent call last):
  File "/home/lenny/dojo/internship2023/robot_software/run.py", line 261, in <module>
    time.sleep(0.2)
KeyboardInterrupt
2023-07-13 12:52:34,337 - __main__ - INFO - Program Terminated Gracefully
