2023-07-13 12:50:49,505 - __main__ - INFO - Logger Initialized Successfully
2023-07-13 12:50:49,541 - __main__ - INFO - Camera Initialized Successfully
2023-07-13 12:50:49,544 - __main__ - INFO - Serial Initialized Successfully
2023-07-13 12:50:49,545 - __main__ - INFO - GPIO Initialized Successfully
2023-07-13 12:50:49,545 - __main__ - INFO - Raspberry Pi Ready
2023-07-13 12:50:49,545 - __main__ - INFO - Intializing Go Command to Mobile Platform
2023-07-13 12:50:52,549 - __main__ - DEBUG - Noise from power on!
2023-07-13 12:50:53,551 - __main__ - DEBUG - Noise from power on!
2023-07-13 12:50:54,553 - __main__ - DEBUG - Noise from power on!
2023-07-13 12:50:55,555 - __main__ - DEBUG - Noise from power on!
2023-07-13 12:50:56,556 - __main__ - DEBUG - Noise from power on!
2023-07-13 12:50:57,558 - __main__ - DEBUG - Noise from power on!
2023-07-13 12:50:58,560 - __main__ - DEBUG - Noise from power on!
2023-07-13 12:50:59,562 - __main__ - DEBUG - Noise from power on!
2023-07-13 12:51:00,564 - __main__ - DEBUG - Noise from power on!
2023-07-13 12:51:01,566 - __main__ - DEBUG - Noise from power on!
2023-07-13 12:51:02,568 - __main__ - DEBUG - Noise from power on!
2023-07-13 12:51:03,570 - __main__ - DEBUG - Noise from power on!
2023-07-13 12:51:04,571 - __main__ - DEBUG - Noise from power on!
2023-07-13 12:51:05,573 - __main__ - DEBUG - Noise from power on!
2023-07-13 12:51:06,575 - __main__ - DEBUG - Noise from power on!
2023-07-13 12:51:07,577 - __main__ - DEBUG - Noise from power on!
2023-07-13 12:51:08,579 - __main__ - DEBUG - Noise from power on!
2023-07-13 12:51:09,581 - __main__ - DEBUG - Noise from power on!
2023-07-13 12:51:10,583 - __main__ - DEBUG - Noise from power on!
2023-07-13 12:51:11,585 - __main__ - DEBUG - Noise from power on!
2023-07-13 12:51:12,586 - __main__ - DEBUG - Noise from power on!
2023-07-13 12:51:13,588 - __main__ - DEBUG - Noise from power on!
2023-07-13 12:51:14,590 - __main__ - DEBUG - Noise from power on!
2023-07-13 12:51:15,592 - __main__ - DEBUG - Noise from power on!
2023-07-13 12:51:16,594 - __main__ - DEBUG - Noise from power on!
2023-07-13 12:51:17,596 - __main__ - DEBUG - Noise from power on!
2023-07-13 12:51:18,598 - __main__ - DEBUG - Noise from power on!
2023-07-13 12:51:19,600 - __main__ - DEBUG - Noise from power on!
2023-07-13 12:51:20,601 - __main__ - DEBUG - Noise from power on!
2023-07-13 12:51:21,603 - __main__ - DEBUG - Noise from power on!
2023-07-13 12:51:22,605 - __main__ - DEBUG - Noise from power on!
2023-07-13 12:51:23,607 - __main__ - DEBUG - Noise from power on!
2023-07-13 12:51:24,609 - __main__ - DEBUG - Noise from power on!
2023-07-13 12:51:25,611 - __main__ - DEBUG - Noise from power on!
2023-07-13 12:51:26,613 - __main__ - DEBUG - Noise from power on!
2023-07-13 12:51:27,614 - __main__ - DEBUG - Noise from power on!
