2023-07-13 13:01:43,129 - __main__ - INFO - Logger Initialized Successfully
2023-07-13 13:01:43,141 - __main__ - INFO - Camera Initialized Successfully
2023-07-13 13:01:43,145 - __main__ - INFO - Serial Initialized Successfully
2023-07-13 13:01:43,146 - __main__ - INFO - GPIO Initialized Successfully
2023-07-13 13:01:43,146 - __main__ - INFO - Raspberry Pi Ready
2023-07-13 13:01:43,147 - __main__ - INFO - Intializing Go Command to Mobile Platform
2023-07-13 13:01:46,151 - __main__ - DEBUG - *** Starting Cycle ^_^
2023-07-13 13:01:46,352 - __main__ - DEBUG - Pick event: 0 Place event: 0
2023-07-13 13:01:46,552 - __main__ - DEBUG - Pick event: 0 Place event: 0
2023-07-13 13:01:46,754 - __main__ - DEBUG - Pick event: 0 Place event: 0
2023-07-13 13:01:46,955 - __main__ - DEBUG - Pick event: 0 Place event: 0
2023-07-13 13:01:47,157 - __main__ - DEBUG - Pick event: 0 Place event: 0
2023-07-13 13:01:47,358 - __main__ - DEBUG - Pick event: 0 Place event: 0
2023-07-13 13:01:47,559 - __main__ - DEBUG - Pick event: 0 Place event: 0
2023-07-13 13:01:47,760 - __main__ - DEBUG - Pick event: 0 Place event: 0
2023-07-13 13:01:47,961 - __main__ - DEBUG - Pick event: 0 Place event: 0
2023-07-13 13:01:48,162 - __main__ - DEBUG - Pick event: 0 Place event: 0
2023-07-13 13:01:48,363 - __main__ - DEBUG - Pick event: 0 Place event: 0
2023-07-13 13:01:48,564 - __main__ - DEBUG - Pick event: 0 Place event: 0
2023-07-13 13:01:48,765 - __main__ - DEBUG - Pick event: 0 Place event: 0
2023-07-13 13:01:48,966 - __main__ - DEBUG - Pick event: 0 Place event: 0
2023-07-13 13:01:49,167 - __main__ - DEBUG - Pick event: 0 Place event: 0
2023-07-13 13:01:49,368 - __main__ - DEBUG - Pick event: 0 Place event: 0
2023-07-13 13:01:49,570 - __main__ - DEBUG - Pick event: 0 Place event: 0
2023-07-13 13:01:49,771 - __main__ - DEBUG - Pick event: 0 Place event: 0
2023-07-13 13:01:49,972 - __main__ - DEBUG - Pick event: 0 Place event: 0
2023-07-13 13:01:50,173 - __main__ - DEBUG - Pick event: 0 Place event: 0
2023-07-13 13:01:50,374 - __main__ - DEBUG - Pick event: 0 Place event: 0
2023-07-13 13:01:50,575 - __main__ - DEBUG - Pick event: 0 Place event: 0
2023-07-13 13:01:50,776 - __main__ - DEBUG - Pick event: 0 Place event: 0
2023-07-13 13:01:50,977 - __main__ - DEBUG - Pick event: 0 Place event: 0
2023-07-13 13:01:51,178 - __main__ - DEBUG - Pick event: 0 Place event: 0
2023-07-13 13:01:51,379 - __main__ - DEBUG - Pick event: 0 Place event: 0
2023-07-13 13:01:51,580 - __main__ - DEBUG - Pick event: 0 Place event: 0
2023-07-13 13:01:51,781 - __main__ - DEBUG - Pick event: 0 Place event: 0
2023-07-13 13:01:51,982 - __main__ - DEBUG - Pick event: 0 Place event: 0
2023-07-13 13:01:52,184 - __main__ - DEBUG - Pick event: 0 Place event: 0
2023-07-13 13:01:52,385 - __main__ - DEBUG - Pick event: 0 Place event: 0
2023-07-13 13:01:52,586 - __main__ - DEBUG - Pick event: 0 Place event: 0
2023-07-13 13:01:52,787 - __main__ - DEBUG - Pick event: 0 Place event: 0
2023-07-13 13:01:52,988 - __main__ - DEBUG - Pick event: 0 Place event: 0
2023-07-13 13:01:53,189 - __main__ - DEBUG - Pick event: 0 Place event: 0
2023-07-13 13:01:53,390 - __main__ - DEBUG - Pick event: 0 Place event: 0
2023-07-13 13:01:53,592 - __main__ - DEBUG - Pick event: 0 Place event: 0
2023-07-13 13:01:53,793 - __main__ - DEBUG - Pick event: 0 Place event: 0
2023-07-13 13:01:53,994 - __main__ - DEBUG - Pick event: 0 Place event: 0
2023-07-13 13:01:54,195 - __main__ - DEBUG - Pick event: 0 Place event: 0
2023-07-13 13:01:54,396 - __main__ - DEBUG - Pick event: 0 Place event: 0
2023-07-13 13:01:54,597 - __main__ - DEBUG - Pick event: 0 Place event: 0
2023-07-13 13:01:54,798 - __main__ - DEBUG - Pick event: 0 Place event: 0
2023-07-13 13:01:54,999 - __main__ - DEBUG - Pick event: 0 Place event: 0
2023-07-13 13:01:55,200 - __main__ - DEBUG - Pick event: 0 Place event: 0
2023-07-13 13:01:55,402 - __main__ - DEBUG - Pick event: 1 Place event: 0
2023-07-13 13:01:55,402 - __main__ - INFO - Pick event
2023-07-13 13:01:55,403 - __main__ - INFO - Inferring on snapshot...
2023-07-13 13:01:58,553 - __main__ - DEBUG - Inference Result: [{'x1': 7.19219970703125, 'y1': 0.998443603515625, 'x2': 544.1328735351562, 'y2': 174.6585693359375}]
2023-07-13 13:01:58,554 - __main__ - DEBUG - Centroids: [(275, 87)]
2023-07-13 13:01:58,554 - __main__ - DEBUG - Object widths: [537]
2023-07-13 13:01:58,555 - __main__ - INFO - Arm Communication Initiated...
2023-07-13 13:01:58,556 - __main__ - DEBUG - Pick Command
2023-07-13 13:01:58,556 - __main__ - DEBUG - Sending formatted_msg: 0|10|130.0|160

2023-07-13 13:01:59,559 - __main__ - DEBUG - Waiting for Arm message
2023-07-13 13:02:00,561 - __main__ - DEBUG - Waiting for Arm message
2023-07-13 13:02:01,563 - __main__ - DEBUG - Waiting for Arm message
2023-07-13 13:02:02,565 - __main__ - DEBUG - Waiting for Arm message
2023-07-13 13:02:03,391 - __main__ - DEBUG - Received arm_msg: 10130160
2023-07-13 13:02:04,393 - __main__ - INFO - Arm Sequence Complete
2023-07-13 13:02:04,394 - __main__ - INFO - Mobile Platform Go
2023-07-13 13:02:06,397 - __main__ - DEBUG - Pick event: 0 Place event: 0
2023-07-13 13:02:06,398 - __main__ - INFO - EVENT CYCLE COMPLETE
2023-07-13 13:02:06,599 - __main__ - DEBUG - Pick event: 0 Place event: 0
2023-07-13 13:02:06,800 - __main__ - DEBUG - Pick event: 0 Place event: 0
2023-07-13 13:02:07,000 - __main__ - DEBUG - Pick event: 0 Place event: 0
2023-07-13 13:02:07,201 - __main__ - DEBUG - Pick event: 0 Place event: 0
2023-07-13 13:02:07,402 - __main__ - DEBUG - Pick event: 0 Place event: 0
2023-07-13 13:02:07,603 - __main__ - DEBUG - Pick event: 0 Place event: 0
2023-07-13 13:02:07,804 - __main__ - DEBUG - Pick event: 0 Place event: 0
2023-07-13 13:02:08,005 - __main__ - DEBUG - Pick event: 0 Place event: 0
2023-07-13 13:02:08,206 - __main__ - DEBUG - Pick event: 0 Place event: 0
2023-07-13 13:02:08,408 - __main__ - DEBUG - Pick event: 0 Place event: 0
2023-07-13 13:02:08,609 - __main__ - DEBUG - Pick event: 0 Place event: 0
2023-07-13 13:02:08,810 - __main__ - DEBUG - Pick event: 0 Place event: 0
2023-07-13 13:02:09,011 - __main__ - DEBUG - Pick event: 0 Place event: 0
2023-07-13 13:02:09,212 - __main__ - DEBUG - Pick event: 0 Place event: 0
2023-07-13 13:02:09,412 - __main__ - DEBUG - Pick event: 0 Place event: 0
2023-07-13 13:02:09,617 - __main__ - DEBUG - Pick event: 0 Place event: 0
2023-07-13 13:02:09,818 - __main__ - DEBUG - Pick event: 0 Place event: 0
2023-07-13 13:02:10,020 - __main__ - DEBUG - Pick event: 0 Place event: 0
2023-07-13 13:02:10,221 - __main__ - DEBUG - Pick event: 0 Place event: 0
2023-07-13 13:02:10,422 - __main__ - DEBUG - Pick event: 0 Place event: 0
2023-07-13 13:02:10,623 - __main__ - DEBUG - Pick event: 0 Place event: 0
2023-07-13 13:02:10,824 - __main__ - DEBUG - Pick event: 0 Place event: 0
2023-07-13 13:02:11,025 - __main__ - DEBUG - Pick event: 0 Place event: 0
2023-07-13 13:02:11,226 - __main__ - DEBUG - Pick event: 0 Place event: 0
2023-07-13 13:02:11,427 - __main__ - DEBUG - Pick event: 0 Place event: 0
2023-07-13 13:02:11,628 - __main__ - DEBUG - Pick event: 0 Place event: 0
2023-07-13 13:02:11,829 - __main__ - DEBUG - Pick event: 0 Place event: 0
2023-07-13 13:02:12,030 - __main__ - DEBUG - Pick event: 0 Place event: 0
2023-07-13 13:02:12,232 - __main__ - DEBUG - Pick event: 0 Place event: 0
2023-07-13 13:02:12,433 - __main__ - DEBUG - Pick event: 0 Place event: 0
2023-07-13 13:02:12,634 - __main__ - DEBUG - Pick event: 0 Place event: 0
2023-07-13 13:02:12,835 - __main__ - DEBUG - Pick event: 0 Place event: 0
2023-07-13 13:02:13,036 - __main__ - DEBUG - Pick event: 0 Place event: 0
2023-07-13 13:02:13,237 - __main__ - DEBUG - Pick event: 0 Place event: 0
2023-07-13 13:02:13,438 - __main__ - DEBUG - Pick event: 0 Place event: 0
2023-07-13 13:02:13,639 - __main__ - DEBUG - Pick event: 0 Place event: 0
2023-07-13 13:02:13,840 - __main__ - DEBUG - Pick event: 0 Place event: 0
2023-07-13 13:02:14,041 - __main__ - DEBUG - Pick event: 0 Place event: 0
2023-07-13 13:02:14,242 - __main__ - DEBUG - Pick event: 0 Place event: 0
2023-07-13 13:02:14,443 - __main__ - DEBUG - Pick event: 0 Place event: 0
2023-07-13 13:02:14,644 - __main__ - DEBUG - Pick event: 0 Place event: 0
2023-07-13 13:02:14,846 - __main__ - DEBUG - Pick event: 0 Place event: 0
2023-07-13 13:02:15,047 - __main__ - DEBUG - Pick event: 0 Place event: 0
2023-07-13 13:02:15,248 - __main__ - DEBUG - Pick event: 0 Place event: 0
2023-07-13 13:02:15,449 - __main__ - DEBUG - Pick event: 0 Place event: 0
2023-07-13 13:02:15,650 - __main__ - DEBUG - Pick event: 0 Place event: 0
2023-07-13 13:02:15,851 - __main__ - DEBUG - Pick event: 0 Place event: 0
2023-07-13 13:02:16,052 - __main__ - DEBUG - Pick event: 0 Place event: 0
2023-07-13 13:02:16,254 - __main__ - DEBUG - Pick event: 0 Place event: 0
2023-07-13 13:02:16,455 - __main__ - DEBUG - Pick event: 0 Place event: 0
2023-07-13 13:02:16,656 - __main__ - DEBUG - Pick event: 0 Place event: 0
2023-07-13 13:02:16,857 - __main__ - DEBUG - Pick event: 0 Place event: 0
2023-07-13 13:02:17,058 - __main__ - DEBUG - Pick event: 0 Place event: 0
2023-07-13 13:02:17,258 - __main__ - DEBUG - Pick event: 0 Place event: 0
2023-07-13 13:02:17,459 - __main__ - DEBUG - Pick event: 0 Place event: 0
2023-07-13 13:02:17,661 - __main__ - DEBUG - Pick event: 0 Place event: 0
2023-07-13 13:02:17,862 - __main__ - DEBUG - Pick event: 0 Place event: 0
2023-07-13 13:02:18,063 - __main__ - DEBUG - Pick event: 0 Place event: 0
2023-07-13 13:02:18,085 - __main__ - ERROR - Keyboard Interrupt
Traceback (most recent call last):
  File "/home/lenny/dojo/internship2023/robot_software/run.py", line 268, in <module>
    time.sleep(0.2)
KeyboardInterrupt
2023-07-13 13:02:18,104 - __main__ - INFO - Program Terminated Gracefully
