2023-07-13 13:06:07,605 - __main__ - INFO - Logger Initialized Successfully
2023-07-13 13:06:07,615 - __main__ - INFO - Camera Initialized Successfully
2023-07-13 13:06:07,617 - __main__ - INFO - Serial Initialized Successfully
2023-07-13 13:06:07,618 - __main__ - INFO - GPIO Initialized Successfully
2023-07-13 13:06:07,618 - __main__ - INFO - Raspberry Pi Ready
2023-07-13 13:06:07,618 - __main__ - INFO - Intializing Go Command to Mobile Platform
2023-07-13 13:06:10,622 - __main__ - DEBUG - *** Starting Cycle ^_^
2023-07-13 13:06:10,824 - __main__ - DEBUG - Pick event: 0 Place event: 0
2023-07-13 13:06:11,025 - __main__ - DEBUG - Pick event: 0 Place event: 0
2023-07-13 13:06:11,226 - __main__ - DEBUG - Pick event: 0 Place event: 0
2023-07-13 13:06:11,427 - __main__ - DEBUG - Pick event: 0 Place event: 0
2023-07-13 13:06:11,628 - __main__ - DEBUG - Pick event: 0 Place event: 0
2023-07-13 13:06:11,829 - __main__ - DEBUG - Pick event: 0 Place event: 0
2023-07-13 13:06:12,030 - __main__ - DEBUG - Pick event: 0 Place event: 0
2023-07-13 13:06:12,231 - __main__ - DEBUG - Pick event: 0 Place event: 0
2023-07-13 13:06:12,432 - __main__ - DEBUG - Pick event: 0 Place event: 0
2023-07-13 13:06:12,633 - __main__ - DEBUG - Pick event: 0 Place event: 0
2023-07-13 13:06:12,834 - __main__ - DEBUG - Pick event: 0 Place event: 0
2023-07-13 13:06:13,035 - __main__ - DEBUG - Pick event: 0 Place event: 0
2023-07-13 13:06:13,236 - __main__ - DEBUG - Pick event: 0 Place event: 0
2023-07-13 13:06:13,437 - __main__ - DEBUG - Pick event: 0 Place event: 0
2023-07-13 13:06:13,638 - __main__ - DEBUG - Pick event: 0 Place event: 0
2023-07-13 13:06:13,839 - __main__ - DEBUG - Pick event: 0 Place event: 0
2023-07-13 13:06:14,041 - __main__ - DEBUG - Pick event: 0 Place event: 0
2023-07-13 13:06:14,242 - __main__ - DEBUG - Pick event: 0 Place event: 0
2023-07-13 13:06:14,442 - __main__ - DEBUG - Pick event: 0 Place event: 0
2023-07-13 13:06:14,644 - __main__ - DEBUG - Pick event: 0 Place event: 0
2023-07-13 13:06:14,845 - __main__ - DEBUG - Pick event: 0 Place event: 0
2023-07-13 13:06:15,046 - __main__ - DEBUG - Pick event: 0 Place event: 0
2023-07-13 13:06:15,247 - __main__ - DEBUG - Pick event: 0 Place event: 0
2023-07-13 13:06:15,448 - __main__ - DEBUG - Pick event: 0 Place event: 0
2023-07-13 13:06:15,649 - __main__ - DEBUG - Pick event: 0 Place event: 0
2023-07-13 13:06:15,850 - __main__ - DEBUG - Pick event: 0 Place event: 0
2023-07-13 13:06:16,051 - __main__ - DEBUG - Pick event: 0 Place event: 0
2023-07-13 13:06:16,252 - __main__ - DEBUG - Pick event: 0 Place event: 0
2023-07-13 13:06:16,453 - __main__ - DEBUG - Pick event: 0 Place event: 0
2023-07-13 13:06:16,654 - __main__ - DEBUG - Pick event: 0 Place event: 0
2023-07-13 13:06:16,855 - __main__ - DEBUG - Pick event: 0 Place event: 0
2023-07-13 13:06:17,056 - __main__ - DEBUG - Pick event: 0 Place event: 0
2023-07-13 13:06:17,257 - __main__ - DEBUG - Pick event: 0 Place event: 0
2023-07-13 13:06:17,458 - __main__ - DEBUG - Pick event: 0 Place event: 0
2023-07-13 13:06:17,659 - __main__ - DEBUG - Pick event: 0 Place event: 0
2023-07-13 13:06:17,860 - __main__ - DEBUG - Pick event: 0 Place event: 0
2023-07-13 13:06:18,062 - __main__ - DEBUG - Pick event: 0 Place event: 0
2023-07-13 13:06:18,263 - __main__ - DEBUG - Pick event: 0 Place event: 0
2023-07-13 13:06:18,464 - __main__ - DEBUG - Pick event: 0 Place event: 0
2023-07-13 13:06:18,665 - __main__ - DEBUG - Pick event: 0 Place event: 0
2023-07-13 13:06:18,866 - __main__ - DEBUG - Pick event: 0 Place event: 0
2023-07-13 13:06:19,067 - __main__ - DEBUG - Pick event: 0 Place event: 0
2023-07-13 13:06:19,268 - __main__ - DEBUG - Pick event: 0 Place event: 0
2023-07-13 13:06:19,469 - __main__ - DEBUG - Pick event: 0 Place event: 0
2023-07-13 13:06:19,670 - __main__ - DEBUG - Pick event: 0 Place event: 0
2023-07-13 13:06:19,871 - __main__ - DEBUG - Pick event: 0 Place event: 0
2023-07-13 13:06:20,072 - __main__ - DEBUG - Pick event: 0 Place event: 0
2023-07-13 13:06:20,273 - __main__ - DEBUG - Pick event: 0 Place event: 0
2023-07-13 13:06:20,475 - __main__ - DEBUG - Pick event: 1 Place event: 0
2023-07-13 13:06:20,475 - __main__ - INFO - Pick event
2023-07-13 13:06:20,476 - __main__ - INFO - Inferring on snapshot...
2023-07-13 13:06:23,465 - __main__ - DEBUG - Inference Result: [{'x1': 156.2129364013672, 'y1': 266.83575439453125, 'x2': 421.32965087890625, 'y2': 408.39569091796875}]
2023-07-13 13:06:23,466 - __main__ - DEBUG - Centroids: [(288, 337)]
2023-07-13 13:06:23,466 - __main__ - DEBUG - Object widths: [265]
2023-07-13 13:06:23,466 - __main__ - INFO - Arm Communication Initiated...
2023-07-13 13:06:23,467 - __main__ - DEBUG - Pick Command
2023-07-13 13:06:23,467 - __main__ - DEBUG - Sending formatted_msg: 0|10|270.0|70

2023-07-13 13:06:24,469 - __main__ - DEBUG - Waiting for Arm message
2023-07-13 13:06:25,471 - __main__ - DEBUG - Waiting for Arm message
2023-07-13 13:06:26,472 - __main__ - DEBUG - Waiting for Arm message
2023-07-13 13:06:27,474 - __main__ - DEBUG - Waiting for Arm message
2023-07-13 13:06:28,297 - __main__ - DEBUG - Received arm_msg: 1027070
2023-07-13 13:06:29,298 - __main__ - INFO - Arm Sequence Complete
2023-07-13 13:06:29,299 - __main__ - INFO - Mobile Platform Go
2023-07-13 13:06:31,302 - __main__ - DEBUG - Pick event: 0 Place event: 0
2023-07-13 13:06:31,303 - __main__ - INFO - EVENT CYCLE COMPLETE
2023-07-13 13:06:31,504 - __main__ - DEBUG - Pick event: 0 Place event: 0
2023-07-13 13:06:31,705 - __main__ - DEBUG - Pick event: 0 Place event: 0
2023-07-13 13:06:31,906 - __main__ - DEBUG - Pick event: 0 Place event: 0
2023-07-13 13:06:32,107 - __main__ - DEBUG - Pick event: 0 Place event: 0
2023-07-13 13:06:32,308 - __main__ - DEBUG - Pick event: 0 Place event: 0
2023-07-13 13:06:32,509 - __main__ - DEBUG - Pick event: 0 Place event: 0
2023-07-13 13:06:32,710 - __main__ - DEBUG - Pick event: 0 Place event: 0
2023-07-13 13:06:32,911 - __main__ - DEBUG - Pick event: 0 Place event: 0
2023-07-13 13:06:33,112 - __main__ - DEBUG - Pick event: 0 Place event: 0
2023-07-13 13:06:33,313 - __main__ - DEBUG - Pick event: 0 Place event: 0
2023-07-13 13:06:33,515 - __main__ - DEBUG - Pick event: 0 Place event: 0
2023-07-13 13:06:33,716 - __main__ - DEBUG - Pick event: 0 Place event: 0
2023-07-13 13:06:33,917 - __main__ - DEBUG - Pick event: 0 Place event: 0
2023-07-13 13:06:34,118 - __main__ - DEBUG - Pick event: 0 Place event: 0
2023-07-13 13:06:34,319 - __main__ - DEBUG - Pick event: 0 Place event: 0
2023-07-13 13:06:34,520 - __main__ - DEBUG - Pick event: 0 Place event: 0
2023-07-13 13:06:34,721 - __main__ - DEBUG - Pick event: 0 Place event: 0
2023-07-13 13:06:34,922 - __main__ - DEBUG - Pick event: 0 Place event: 0
2023-07-13 13:06:35,123 - __main__ - DEBUG - Pick event: 0 Place event: 0
2023-07-13 13:06:35,324 - __main__ - DEBUG - Pick event: 0 Place event: 0
2023-07-13 13:06:35,525 - __main__ - DEBUG - Pick event: 0 Place event: 0
2023-07-13 13:06:35,726 - __main__ - DEBUG - Pick event: 0 Place event: 0
2023-07-13 13:06:35,928 - __main__ - DEBUG - Pick event: 0 Place event: 0
2023-07-13 13:06:36,129 - __main__ - DEBUG - Pick event: 0 Place event: 0
2023-07-13 13:06:36,330 - __main__ - DEBUG - Pick event: 0 Place event: 0
2023-07-13 13:06:36,531 - __main__ - DEBUG - Pick event: 0 Place event: 0
2023-07-13 13:06:36,732 - __main__ - DEBUG - Pick event: 0 Place event: 0
2023-07-13 13:06:36,933 - __main__ - DEBUG - Pick event: 0 Place event: 0
2023-07-13 13:06:37,134 - __main__ - DEBUG - Pick event: 0 Place event: 0
2023-07-13 13:06:37,335 - __main__ - DEBUG - Pick event: 0 Place event: 0
2023-07-13 13:06:37,537 - __main__ - DEBUG - Pick event: 0 Place event: 0
2023-07-13 13:06:37,738 - __main__ - DEBUG - Pick event: 0 Place event: 0
2023-07-13 13:06:37,939 - __main__ - DEBUG - Pick event: 0 Place event: 0
2023-07-13 13:06:38,140 - __main__ - DEBUG - Pick event: 0 Place event: 0
2023-07-13 13:06:38,341 - __main__ - DEBUG - Pick event: 0 Place event: 0
2023-07-13 13:06:38,542 - __main__ - DEBUG - Pick event: 0 Place event: 0
2023-07-13 13:06:38,743 - __main__ - DEBUG - Pick event: 0 Place event: 0
2023-07-13 13:06:38,945 - __main__ - DEBUG - Pick event: 0 Place event: 0
2023-07-13 13:06:39,146 - __main__ - DEBUG - Pick event: 0 Place event: 0
2023-07-13 13:06:39,347 - __main__ - DEBUG - Pick event: 0 Place event: 0
2023-07-13 13:06:39,548 - __main__ - DEBUG - Pick event: 0 Place event: 0
2023-07-13 13:06:39,749 - __main__ - DEBUG - Pick event: 0 Place event: 0
2023-07-13 13:06:39,951 - __main__ - DEBUG - Pick event: 0 Place event: 0
2023-07-13 13:06:40,152 - __main__ - DEBUG - Pick event: 0 Place event: 0
2023-07-13 13:06:40,353 - __main__ - DEBUG - Pick event: 0 Place event: 0
2023-07-13 13:06:40,554 - __main__ - DEBUG - Pick event: 0 Place event: 0
2023-07-13 13:06:40,755 - __main__ - DEBUG - Pick event: 0 Place event: 0
2023-07-13 13:06:40,956 - __main__ - DEBUG - Pick event: 0 Place event: 0
2023-07-13 13:06:41,157 - __main__ - DEBUG - Pick event: 0 Place event: 0
2023-07-13 13:06:41,358 - __main__ - DEBUG - Pick event: 0 Place event: 0
2023-07-13 13:06:41,560 - __main__ - DEBUG - Pick event: 0 Place event: 0
2023-07-13 13:06:41,761 - __main__ - DEBUG - Pick event: 0 Place event: 0
2023-07-13 13:06:41,962 - __main__ - DEBUG - Pick event: 0 Place event: 0
2023-07-13 13:06:42,163 - __main__ - DEBUG - Pick event: 0 Place event: 0
2023-07-13 13:06:42,364 - __main__ - DEBUG - Pick event: 0 Place event: 0
2023-07-13 13:06:42,565 - __main__ - DEBUG - Pick event: 0 Place event: 0
2023-07-13 13:06:42,766 - __main__ - DEBUG - Pick event: 0 Place event: 0
2023-07-13 13:06:42,967 - __main__ - DEBUG - Pick event: 0 Place event: 0
2023-07-13 13:06:43,168 - __main__ - DEBUG - Pick event: 0 Place event: 0
2023-07-13 13:06:43,369 - __main__ - DEBUG - Pick event: 0 Place event: 0
2023-07-13 13:06:43,570 - __main__ - DEBUG - Pick event: 0 Place event: 0
2023-07-13 13:06:43,772 - __main__ - DEBUG - Pick event: 0 Place event: 0
2023-07-13 13:06:43,973 - __main__ - DEBUG - Pick event: 0 Place event: 0
2023-07-13 13:06:44,174 - __main__ - DEBUG - Pick event: 0 Place event: 0
2023-07-13 13:06:44,375 - __main__ - DEBUG - Pick event: 0 Place event: 0
2023-07-13 13:06:44,576 - __main__ - DEBUG - Pick event: 0 Place event: 0
2023-07-13 13:06:44,777 - __main__ - DEBUG - Pick event: 0 Place event: 0
2023-07-13 13:06:44,978 - __main__ - DEBUG - Pick event: 0 Place event: 0
2023-07-13 13:06:45,179 - __main__ - DEBUG - Pick event: 0 Place event: 0
2023-07-13 13:06:45,380 - __main__ - DEBUG - Pick event: 0 Place event: 0
2023-07-13 13:06:45,582 - __main__ - DEBUG - Pick event: 0 Place event: 0
2023-07-13 13:06:45,783 - __main__ - DEBUG - Pick event: 0 Place event: 0
2023-07-13 13:06:45,984 - __main__ - DEBUG - Pick event: 0 Place event: 0
2023-07-13 13:06:46,185 - __main__ - DEBUG - Pick event: 0 Place event: 0
2023-07-13 13:06:46,385 - __main__ - DEBUG - Pick event: 0 Place event: 0
2023-07-13 13:06:46,587 - __main__ - DEBUG - Pick event: 0 Place event: 0
2023-07-13 13:06:46,788 - __main__ - DEBUG - Pick event: 0 Place event: 0
2023-07-13 13:06:46,989 - __main__ - DEBUG - Pick event: 0 Place event: 0
2023-07-13 13:06:47,190 - __main__ - DEBUG - Pick event: 0 Place event: 0
2023-07-13 13:06:47,391 - __main__ - DEBUG - Pick event: 0 Place event: 0
2023-07-13 13:06:47,592 - __main__ - DEBUG - Pick event: 0 Place event: 0
2023-07-13 13:06:47,793 - __main__ - DEBUG - Pick event: 0 Place event: 0
2023-07-13 13:06:47,995 - __main__ - DEBUG - Pick event: 0 Place event: 0
2023-07-13 13:06:48,196 - __main__ - DEBUG - Pick event: 0 Place event: 0
2023-07-13 13:06:48,397 - __main__ - DEBUG - Pick event: 0 Place event: 0
2023-07-13 13:06:48,598 - __main__ - DEBUG - Pick event: 0 Place event: 0
2023-07-13 13:06:48,800 - __main__ - DEBUG - Pick event: 0 Place event: 0
2023-07-13 13:06:49,001 - __main__ - DEBUG - Pick event: 0 Place event: 0
2023-07-13 13:06:49,202 - __main__ - DEBUG - Pick event: 0 Place event: 0
2023-07-13 13:06:49,403 - __main__ - DEBUG - Pick event: 0 Place event: 0
2023-07-13 13:06:49,604 - __main__ - DEBUG - Pick event: 0 Place event: 0
2023-07-13 13:06:49,805 - __main__ - DEBUG - Pick event: 0 Place event: 0
2023-07-13 13:06:50,006 - __main__ - DEBUG - Pick event: 0 Place event: 0
2023-07-13 13:06:50,207 - __main__ - DEBUG - Pick event: 0 Place event: 0
2023-07-13 13:06:50,408 - __main__ - DEBUG - Pick event: 0 Place event: 0
2023-07-13 13:06:50,609 - __main__ - DEBUG - Pick event: 0 Place event: 0
2023-07-13 13:06:50,810 - __main__ - DEBUG - Pick event: 0 Place event: 0
2023-07-13 13:06:51,011 - __main__ - DEBUG - Pick event: 0 Place event: 0
2023-07-13 13:06:51,213 - __main__ - DEBUG - Pick event: 0 Place event: 0
2023-07-13 13:06:51,414 - __main__ - DEBUG - Pick event: 0 Place event: 0
2023-07-13 13:06:51,615 - __main__ - DEBUG - Pick event: 0 Place event: 0
2023-07-13 13:06:51,816 - __main__ - DEBUG - Pick event: 0 Place event: 0
2023-07-13 13:06:52,017 - __main__ - DEBUG - Pick event: 0 Place event: 0
2023-07-13 13:06:52,218 - __main__ - DEBUG - Pick event: 0 Place event: 0
2023-07-13 13:06:52,419 - __main__ - DEBUG - Pick event: 0 Place event: 0
2023-07-13 13:06:52,620 - __main__ - DEBUG - Pick event: 0 Place event: 0
2023-07-13 13:06:52,821 - __main__ - DEBUG - Pick event: 0 Place event: 0
2023-07-13 13:06:53,023 - __main__ - DEBUG - Pick event: 0 Place event: 0
2023-07-13 13:06:53,224 - __main__ - DEBUG - Pick event: 0 Place event: 0
2023-07-13 13:06:53,425 - __main__ - DEBUG - Pick event: 0 Place event: 0
2023-07-13 13:06:53,626 - __main__ - DEBUG - Pick event: 0 Place event: 0
2023-07-13 13:06:53,827 - __main__ - DEBUG - Pick event: 0 Place event: 0
2023-07-13 13:06:54,028 - __main__ - DEBUG - Pick event: 0 Place event: 0
2023-07-13 13:06:54,229 - __main__ - DEBUG - Pick event: 0 Place event: 0
2023-07-13 13:06:54,430 - __main__ - DEBUG - Pick event: 0 Place event: 0
2023-07-13 13:06:54,631 - __main__ - DEBUG - Pick event: 0 Place event: 0
2023-07-13 13:06:54,832 - __main__ - DEBUG - Pick event: 0 Place event: 0
2023-07-13 13:06:55,033 - __main__ - DEBUG - Pick event: 0 Place event: 0
2023-07-13 13:06:55,235 - __main__ - DEBUG - Pick event: 0 Place event: 0
2023-07-13 13:06:55,436 - __main__ - DEBUG - Pick event: 0 Place event: 0
2023-07-13 13:06:55,637 - __main__ - DEBUG - Pick event: 0 Place event: 0
2023-07-13 13:06:55,838 - __main__ - DEBUG - Pick event: 0 Place event: 0
2023-07-13 13:06:56,039 - __main__ - DEBUG - Pick event: 0 Place event: 0
2023-07-13 13:06:56,240 - __main__ - DEBUG - Pick event: 0 Place event: 0
2023-07-13 13:06:56,441 - __main__ - DEBUG - Pick event: 0 Place event: 0
2023-07-13 13:06:56,642 - __main__ - DEBUG - Pick event: 0 Place event: 0
2023-07-13 13:06:56,843 - __main__ - DEBUG - Pick event: 0 Place event: 0
2023-07-13 13:06:57,044 - __main__ - DEBUG - Pick event: 0 Place event: 0
2023-07-13 13:06:57,245 - __main__ - DEBUG - Pick event: 0 Place event: 0
2023-07-13 13:06:57,446 - __main__ - DEBUG - Pick event: 0 Place event: 0
2023-07-13 13:06:57,647 - __main__ - DEBUG - Pick event: 0 Place event: 0
2023-07-13 13:06:57,848 - __main__ - DEBUG - Pick event: 0 Place event: 0
2023-07-13 13:06:58,049 - __main__ - DEBUG - Pick event: 0 Place event: 0
2023-07-13 13:06:58,250 - __main__ - DEBUG - Pick event: 0 Place event: 0
2023-07-13 13:06:58,451 - __main__ - DEBUG - Pick event: 0 Place event: 0
2023-07-13 13:06:58,652 - __main__ - DEBUG - Pick event: 0 Place event: 0
2023-07-13 13:06:58,853 - __main__ - DEBUG - Pick event: 0 Place event: 0
2023-07-13 13:06:59,054 - __main__ - DEBUG - Pick event: 0 Place event: 0
2023-07-13 13:06:59,255 - __main__ - DEBUG - Pick event: 0 Place event: 0
2023-07-13 13:06:59,456 - __main__ - DEBUG - Pick event: 0 Place event: 0
2023-07-13 13:06:59,658 - __main__ - DEBUG - Pick event: 0 Place event: 0
2023-07-13 13:06:59,859 - __main__ - DEBUG - Pick event: 0 Place event: 0
2023-07-13 13:07:00,060 - __main__ - DEBUG - Pick event: 0 Place event: 0
2023-07-13 13:07:00,261 - __main__ - DEBUG - Pick event: 0 Place event: 0
2023-07-13 13:07:00,462 - __main__ - DEBUG - Pick event: 0 Place event: 0
2023-07-13 13:07:00,663 - __main__ - DEBUG - Pick event: 0 Place event: 0
2023-07-13 13:07:00,864 - __main__ - DEBUG - Pick event: 0 Place event: 0
2023-07-13 13:07:01,065 - __main__ - DEBUG - Pick event: 0 Place event: 0
2023-07-13 13:07:01,267 - __main__ - DEBUG - Pick event: 0 Place event: 0
2023-07-13 13:07:01,468 - __main__ - DEBUG - Pick event: 1 Place event: 0
2023-07-13 13:07:01,469 - __main__ - INFO - Pick event
2023-07-13 13:07:01,469 - __main__ - INFO - Inferring on snapshot...
2023-07-13 13:07:03,013 - __main__ - DEBUG - Inference Result: [{'x1': 156.3104705810547, 'y1': 266.127197265625, 'x2': 421.11895751953125, 'y2': 408.4512939453125}]
2023-07-13 13:07:03,014 - __main__ - DEBUG - Centroids: [(288, 337)]
2023-07-13 13:07:03,015 - __main__ - DEBUG - Object widths: [265]
2023-07-13 13:07:03,015 - __main__ - INFO - Arm Communication Initiated...
2023-07-13 13:07:03,016 - __main__ - DEBUG - Pick Command
2023-07-13 13:07:03,016 - __main__ - DEBUG - Sending formatted_msg: 0|10|270.0|70

2023-07-13 13:07:04,019 - __main__ - DEBUG - Waiting for Arm message
2023-07-13 13:07:05,020 - __main__ - DEBUG - Waiting for Arm message
2023-07-13 13:07:06,022 - __main__ - DEBUG - Waiting for Arm message
2023-07-13 13:07:07,024 - __main__ - DEBUG - Waiting for Arm message
2023-07-13 13:07:07,850 - __main__ - DEBUG - Received arm_msg: 1027070
2023-07-13 13:07:08,851 - __main__ - INFO - Arm Sequence Complete
2023-07-13 13:07:08,852 - __main__ - INFO - Mobile Platform Go
2023-07-13 13:07:10,855 - __main__ - DEBUG - Pick event: 0 Place event: 0
2023-07-13 13:07:10,856 - __main__ - INFO - EVENT CYCLE COMPLETE
2023-07-13 13:07:11,057 - __main__ - DEBUG - Pick event: 0 Place event: 0
2023-07-13 13:07:11,258 - __main__ - DEBUG - Pick event: 0 Place event: 0
2023-07-13 13:07:11,459 - __main__ - DEBUG - Pick event: 0 Place event: 0
2023-07-13 13:07:11,660 - __main__ - DEBUG - Pick event: 0 Place event: 0
2023-07-13 13:07:11,861 - __main__ - DEBUG - Pick event: 0 Place event: 0
2023-07-13 13:07:12,062 - __main__ - DEBUG - Pick event: 0 Place event: 0
2023-07-13 13:07:12,263 - __main__ - DEBUG - Pick event: 0 Place event: 0
2023-07-13 13:07:12,464 - __main__ - DEBUG - Pick event: 0 Place event: 0
2023-07-13 13:07:12,665 - __main__ - DEBUG - Pick event: 0 Place event: 0
2023-07-13 13:07:12,866 - __main__ - DEBUG - Pick event: 0 Place event: 0
2023-07-13 13:07:13,067 - __main__ - DEBUG - Pick event: 0 Place event: 0
2023-07-13 13:07:13,269 - __main__ - DEBUG - Pick event: 0 Place event: 0
2023-07-13 13:07:13,470 - __main__ - DEBUG - Pick event: 0 Place event: 0
2023-07-13 13:07:13,671 - __main__ - DEBUG - Pick event: 0 Place event: 0
2023-07-13 13:07:13,872 - __main__ - DEBUG - Pick event: 0 Place event: 0
2023-07-13 13:07:14,073 - __main__ - DEBUG - Pick event: 0 Place event: 0
2023-07-13 13:07:14,274 - __main__ - DEBUG - Pick event: 0 Place event: 0
2023-07-13 13:07:14,476 - __main__ - DEBUG - Pick event: 0 Place event: 0
2023-07-13 13:07:14,677 - __main__ - DEBUG - Pick event: 0 Place event: 0
2023-07-13 13:07:14,878 - __main__ - DEBUG - Pick event: 0 Place event: 0
2023-07-13 13:07:15,079 - __main__ - DEBUG - Pick event: 0 Place event: 0
2023-07-13 13:07:15,280 - __main__ - DEBUG - Pick event: 0 Place event: 0
2023-07-13 13:07:15,481 - __main__ - DEBUG - Pick event: 0 Place event: 0
2023-07-13 13:07:15,682 - __main__ - DEBUG - Pick event: 0 Place event: 0
2023-07-13 13:07:15,883 - __main__ - DEBUG - Pick event: 0 Place event: 0
2023-07-13 13:07:16,084 - __main__ - DEBUG - Pick event: 0 Place event: 0
2023-07-13 13:07:16,285 - __main__ - DEBUG - Pick event: 0 Place event: 0
2023-07-13 13:07:16,487 - __main__ - DEBUG - Pick event: 0 Place event: 0
2023-07-13 13:07:16,688 - __main__ - DEBUG - Pick event: 0 Place event: 0
2023-07-13 13:07:16,889 - __main__ - DEBUG - Pick event: 0 Place event: 0
2023-07-13 13:07:17,090 - __main__ - DEBUG - Pick event: 0 Place event: 0
2023-07-13 13:07:17,291 - __main__ - DEBUG - Pick event: 0 Place event: 0
2023-07-13 13:07:17,492 - __main__ - DEBUG - Pick event: 1 Place event: 0
2023-07-13 13:07:17,493 - __main__ - INFO - Pick event
2023-07-13 13:07:17,493 - __main__ - INFO - Inferring on snapshot...
2023-07-13 13:07:19,214 - __main__ - DEBUG - Inference Result: [{'x1': 155.79469299316406, 'y1': 266.8475341796875, 'x2': 421.0206298828125, 'y2': 408.7335205078125}]
2023-07-13 13:07:19,214 - __main__ - DEBUG - Centroids: [(288, 337)]
2023-07-13 13:07:19,215 - __main__ - DEBUG - Object widths: [266]
2023-07-13 13:07:19,215 - __main__ - INFO - Arm Communication Initiated...
2023-07-13 13:07:19,215 - __main__ - DEBUG - Pick Command
2023-07-13 13:07:19,215 - __main__ - DEBUG - Sending formatted_msg: 0|10|270.0|70

2023-07-13 13:07:20,217 - __main__ - DEBUG - Waiting for Arm message
2023-07-13 13:07:21,219 - __main__ - DEBUG - Waiting for Arm message
2023-07-13 13:07:22,221 - __main__ - DEBUG - Waiting for Arm message
2023-07-13 13:07:23,223 - __main__ - DEBUG - Waiting for Arm message
2023-07-13 13:07:24,050 - __main__ - DEBUG - Received arm_msg: 1027070
2023-07-13 13:07:25,052 - __main__ - INFO - Arm Sequence Complete
2023-07-13 13:07:25,053 - __main__ - INFO - Mobile Platform Go
2023-07-13 13:07:27,055 - __main__ - DEBUG - Pick event: 0 Place event: 0
2023-07-13 13:07:27,056 - __main__ - INFO - EVENT CYCLE COMPLETE
2023-07-13 13:07:27,257 - __main__ - DEBUG - Pick event: 0 Place event: 0
2023-07-13 13:07:27,458 - __main__ - DEBUG - Pick event: 0 Place event: 0
2023-07-13 13:07:27,659 - __main__ - DEBUG - Pick event: 0 Place event: 0
2023-07-13 13:07:27,861 - __main__ - DEBUG - Pick event: 0 Place event: 0
2023-07-13 13:07:28,062 - __main__ - DEBUG - Pick event: 0 Place event: 0
2023-07-13 13:07:28,263 - __main__ - DEBUG - Pick event: 0 Place event: 0
2023-07-13 13:07:28,464 - __main__ - DEBUG - Pick event: 0 Place event: 0
2023-07-13 13:07:28,665 - __main__ - DEBUG - Pick event: 0 Place event: 0
2023-07-13 13:07:28,866 - __main__ - DEBUG - Pick event: 0 Place event: 0
2023-07-13 13:07:29,067 - __main__ - DEBUG - Pick event: 0 Place event: 0
2023-07-13 13:07:29,268 - __main__ - DEBUG - Pick event: 0 Place event: 0
2023-07-13 13:07:29,469 - __main__ - DEBUG - Pick event: 0 Place event: 0
2023-07-13 13:07:29,670 - __main__ - DEBUG - Pick event: 0 Place event: 0
2023-07-13 13:07:29,871 - __main__ - DEBUG - Pick event: 0 Place event: 0
2023-07-13 13:07:30,072 - __main__ - DEBUG - Pick event: 0 Place event: 0
2023-07-13 13:07:30,273 - __main__ - DEBUG - Pick event: 0 Place event: 0
2023-07-13 13:07:30,475 - __main__ - DEBUG - Pick event: 0 Place event: 0
2023-07-13 13:07:30,676 - __main__ - DEBUG - Pick event: 0 Place event: 0
2023-07-13 13:07:30,877 - __main__ - DEBUG - Pick event: 0 Place event: 0
2023-07-13 13:07:31,078 - __main__ - DEBUG - Pick event: 0 Place event: 0
2023-07-13 13:07:31,279 - __main__ - DEBUG - Pick event: 0 Place event: 0
2023-07-13 13:07:31,480 - __main__ - DEBUG - Pick event: 0 Place event: 0
2023-07-13 13:07:31,681 - __main__ - DEBUG - Pick event: 0 Place event: 0
2023-07-13 13:07:31,882 - __main__ - DEBUG - Pick event: 0 Place event: 0
2023-07-13 13:07:32,083 - __main__ - DEBUG - Pick event: 0 Place event: 0
2023-07-13 13:07:32,284 - __main__ - DEBUG - Pick event: 0 Place event: 0
2023-07-13 13:07:32,485 - __main__ - DEBUG - Pick event: 0 Place event: 0
2023-07-13 13:07:32,686 - __main__ - DEBUG - Pick event: 0 Place event: 0
2023-07-13 13:07:32,887 - __main__ - DEBUG - Pick event: 0 Place event: 0
2023-07-13 13:07:33,088 - __main__ - DEBUG - Pick event: 0 Place event: 0
2023-07-13 13:07:33,289 - __main__ - DEBUG - Pick event: 0 Place event: 0
2023-07-13 13:07:33,490 - __main__ - DEBUG - Pick event: 0 Place event: 0
2023-07-13 13:07:33,692 - __main__ - DEBUG - Pick event: 0 Place event: 0
2023-07-13 13:07:33,893 - __main__ - DEBUG - Pick event: 0 Place event: 0
2023-07-13 13:07:34,094 - __main__ - DEBUG - Pick event: 0 Place event: 0
2023-07-13 13:07:34,295 - __main__ - DEBUG - Pick event: 0 Place event: 0
2023-07-13 13:07:34,496 - __main__ - DEBUG - Pick event: 0 Place event: 0
2023-07-13 13:07:34,697 - __main__ - DEBUG - Pick event: 0 Place event: 0
2023-07-13 13:07:34,898 - __main__ - DEBUG - Pick event: 0 Place event: 0
2023-07-13 13:07:35,099 - __main__ - DEBUG - Pick event: 0 Place event: 0
2023-07-13 13:07:35,300 - __main__ - DEBUG - Pick event: 0 Place event: 0
2023-07-13 13:07:35,501 - __main__ - DEBUG - Pick event: 0 Place event: 0
2023-07-13 13:07:35,702 - __main__ - DEBUG - Pick event: 0 Place event: 0
2023-07-13 13:07:35,904 - __main__ - DEBUG - Pick event: 0 Place event: 0
2023-07-13 13:07:36,105 - __main__ - DEBUG - Pick event: 0 Place event: 0
2023-07-13 13:07:36,306 - __main__ - DEBUG - Pick event: 0 Place event: 0
2023-07-13 13:07:36,507 - __main__ - DEBUG - Pick event: 0 Place event: 0
2023-07-13 13:07:36,708 - __main__ - DEBUG - Pick event: 0 Place event: 0
2023-07-13 13:07:36,909 - __main__ - DEBUG - Pick event: 0 Place event: 0
2023-07-13 13:07:37,110 - __main__ - DEBUG - Pick event: 0 Place event: 0
2023-07-13 13:07:37,311 - __main__ - DEBUG - Pick event: 0 Place event: 0
2023-07-13 13:07:37,513 - __main__ - DEBUG - Pick event: 0 Place event: 0
2023-07-13 13:07:37,714 - __main__ - DEBUG - Pick event: 0 Place event: 0
2023-07-13 13:07:37,915 - __main__ - DEBUG - Pick event: 0 Place event: 0
2023-07-13 13:07:38,116 - __main__ - DEBUG - Pick event: 0 Place event: 0
2023-07-13 13:07:38,317 - __main__ - DEBUG - Pick event: 0 Place event: 0
2023-07-13 13:07:38,518 - __main__ - DEBUG - Pick event: 0 Place event: 0
2023-07-13 13:07:38,719 - __main__ - DEBUG - Pick event: 0 Place event: 0
2023-07-13 13:07:38,921 - __main__ - DEBUG - Pick event: 0 Place event: 0
2023-07-13 13:07:39,122 - __main__ - DEBUG - Pick event: 0 Place event: 0
2023-07-13 13:07:39,323 - __main__ - DEBUG - Pick event: 0 Place event: 0
2023-07-13 13:07:39,524 - __main__ - DEBUG - Pick event: 0 Place event: 0
2023-07-13 13:07:39,725 - __main__ - DEBUG - Pick event: 0 Place event: 0
2023-07-13 13:07:39,926 - __main__ - DEBUG - Pick event: 0 Place event: 0
2023-07-13 13:07:40,127 - __main__ - DEBUG - Pick event: 0 Place event: 0
2023-07-13 13:07:40,328 - __main__ - DEBUG - Pick event: 0 Place event: 0
2023-07-13 13:07:40,529 - __main__ - DEBUG - Pick event: 0 Place event: 0
2023-07-13 13:07:40,731 - __main__ - DEBUG - Pick event: 0 Place event: 0
2023-07-13 13:07:40,933 - __main__ - DEBUG - Pick event: 0 Place event: 0
2023-07-13 13:07:41,134 - __main__ - DEBUG - Pick event: 0 Place event: 0
2023-07-13 13:07:41,335 - __main__ - DEBUG - Pick event: 0 Place event: 0
2023-07-13 13:07:41,536 - __main__ - DEBUG - Pick event: 0 Place event: 0
2023-07-13 13:07:41,737 - __main__ - DEBUG - Pick event: 0 Place event: 0
2023-07-13 13:07:41,938 - __main__ - DEBUG - Pick event: 0 Place event: 0
2023-07-13 13:07:42,139 - __main__ - DEBUG - Pick event: 0 Place event: 0
2023-07-13 13:07:42,341 - __main__ - DEBUG - Pick event: 0 Place event: 0
2023-07-13 13:07:42,542 - __main__ - DEBUG - Pick event: 0 Place event: 0
2023-07-13 13:07:42,743 - __main__ - DEBUG - Pick event: 0 Place event: 0
2023-07-13 13:07:42,944 - __main__ - DEBUG - Pick event: 0 Place event: 0
2023-07-13 13:07:43,145 - __main__ - DEBUG - Pick event: 0 Place event: 0
2023-07-13 13:07:43,346 - __main__ - DEBUG - Pick event: 0 Place event: 0
2023-07-13 13:07:43,547 - __main__ - DEBUG - Pick event: 0 Place event: 0
2023-07-13 13:07:43,749 - __main__ - DEBUG - Pick event: 0 Place event: 0
2023-07-13 13:07:43,950 - __main__ - DEBUG - Pick event: 0 Place event: 0
2023-07-13 13:07:44,151 - __main__ - DEBUG - Pick event: 0 Place event: 0
2023-07-13 13:07:44,352 - __main__ - DEBUG - Pick event: 0 Place event: 0
2023-07-13 13:07:44,553 - __main__ - DEBUG - Pick event: 0 Place event: 0
2023-07-13 13:07:44,754 - __main__ - DEBUG - Pick event: 0 Place event: 0
2023-07-13 13:07:44,955 - __main__ - DEBUG - Pick event: 0 Place event: 0
2023-07-13 13:07:45,156 - __main__ - DEBUG - Pick event: 0 Place event: 0
2023-07-13 13:07:45,358 - __main__ - DEBUG - Pick event: 0 Place event: 0
2023-07-13 13:07:45,559 - __main__ - DEBUG - Pick event: 0 Place event: 0
2023-07-13 13:07:45,760 - __main__ - DEBUG - Pick event: 0 Place event: 0
2023-07-13 13:07:45,961 - __main__ - DEBUG - Pick event: 0 Place event: 0
2023-07-13 13:07:46,162 - __main__ - DEBUG - Pick event: 0 Place event: 0
2023-07-13 13:07:46,363 - __main__ - DEBUG - Pick event: 0 Place event: 0
2023-07-13 13:07:46,565 - __main__ - DEBUG - Pick event: 0 Place event: 0
2023-07-13 13:07:46,766 - __main__ - DEBUG - Pick event: 0 Place event: 0
2023-07-13 13:07:46,967 - __main__ - DEBUG - Pick event: 0 Place event: 0
2023-07-13 13:07:47,168 - __main__ - DEBUG - Pick event: 0 Place event: 0
2023-07-13 13:07:47,369 - __main__ - DEBUG - Pick event: 0 Place event: 0
2023-07-13 13:07:47,570 - __main__ - DEBUG - Pick event: 0 Place event: 0
2023-07-13 13:07:47,771 - __main__ - DEBUG - Pick event: 0 Place event: 0
2023-07-13 13:07:47,973 - __main__ - DEBUG - Pick event: 0 Place event: 0
2023-07-13 13:07:48,174 - __main__ - DEBUG - Pick event: 0 Place event: 0
2023-07-13 13:07:48,374 - __main__ - DEBUG - Pick event: 1 Place event: 0
2023-07-13 13:07:48,375 - __main__ - INFO - Pick event
2023-07-13 13:07:48,375 - __main__ - INFO - Inferring on snapshot...
2023-07-13 13:07:49,900 - __main__ - DEBUG - Inference Result: [{'x1': 156.26329040527344, 'y1': 266.63983154296875, 'x2': 420.855224609375, 'y2': 408.62152099609375}]
2023-07-13 13:07:49,900 - __main__ - DEBUG - Centroids: [(288, 337)]
2023-07-13 13:07:49,901 - __main__ - DEBUG - Object widths: [264]
2023-07-13 13:07:49,901 - __main__ - INFO - Arm Communication Initiated...
2023-07-13 13:07:49,901 - __main__ - DEBUG - Pick Command
2023-07-13 13:07:49,902 - __main__ - DEBUG - Sending formatted_msg: 0|10|270.0|70

2023-07-13 13:07:50,904 - __main__ - DEBUG - Waiting for Arm message
2023-07-13 13:07:51,906 - __main__ - DEBUG - Waiting for Arm message
2023-07-13 13:07:52,908 - __main__ - DEBUG - Waiting for Arm message
2023-07-13 13:07:53,910 - __main__ - DEBUG - Waiting for Arm message
2023-07-13 13:07:54,731 - __main__ - DEBUG - Received arm_msg: 1027070
2023-07-13 13:07:55,733 - __main__ - INFO - Arm Sequence Complete
2023-07-13 13:07:55,734 - __main__ - INFO - Mobile Platform Go
2023-07-13 13:07:57,737 - __main__ - DEBUG - Pick event: 0 Place event: 0
2023-07-13 13:07:57,737 - __main__ - INFO - EVENT CYCLE COMPLETE
2023-07-13 13:07:57,939 - __main__ - DEBUG - Pick event: 0 Place event: 0
2023-07-13 13:07:58,140 - __main__ - DEBUG - Pick event: 0 Place event: 0
2023-07-13 13:07:58,341 - __main__ - DEBUG - Pick event: 0 Place event: 0
2023-07-13 13:07:58,542 - __main__ - DEBUG - Pick event: 0 Place event: 0
2023-07-13 13:07:58,743 - __main__ - DEBUG - Pick event: 0 Place event: 0
2023-07-13 13:07:58,944 - __main__ - DEBUG - Pick event: 0 Place event: 0
2023-07-13 13:07:59,145 - __main__ - DEBUG - Pick event: 0 Place event: 0
2023-07-13 13:07:59,346 - __main__ - DEBUG - Pick event: 0 Place event: 0
2023-07-13 13:07:59,548 - __main__ - DEBUG - Pick event: 0 Place event: 0
2023-07-13 13:07:59,749 - __main__ - DEBUG - Pick event: 0 Place event: 0
2023-07-13 13:07:59,950 - __main__ - DEBUG - Pick event: 0 Place event: 0
2023-07-13 13:08:00,151 - __main__ - DEBUG - Pick event: 0 Place event: 0
2023-07-13 13:08:00,352 - __main__ - DEBUG - Pick event: 0 Place event: 0
2023-07-13 13:08:00,553 - __main__ - DEBUG - Pick event: 0 Place event: 0
2023-07-13 13:08:00,754 - __main__ - DEBUG - Pick event: 0 Place event: 0
2023-07-13 13:08:00,955 - __main__ - DEBUG - Pick event: 0 Place event: 0
2023-07-13 13:08:01,156 - __main__ - DEBUG - Pick event: 0 Place event: 0
2023-07-13 13:08:01,357 - __main__ - DEBUG - Pick event: 0 Place event: 0
2023-07-13 13:08:01,558 - __main__ - DEBUG - Pick event: 0 Place event: 0
2023-07-13 13:08:01,759 - __main__ - DEBUG - Pick event: 0 Place event: 0
2023-07-13 13:08:01,960 - __main__ - DEBUG - Pick event: 0 Place event: 0
2023-07-13 13:08:02,162 - __main__ - DEBUG - Pick event: 0 Place event: 0
2023-07-13 13:08:02,363 - __main__ - DEBUG - Pick event: 0 Place event: 0
2023-07-13 13:08:02,564 - __main__ - DEBUG - Pick event: 0 Place event: 0
2023-07-13 13:08:02,765 - __main__ - DEBUG - Pick event: 0 Place event: 0
2023-07-13 13:08:02,966 - __main__ - DEBUG - Pick event: 0 Place event: 0
2023-07-13 13:08:03,167 - __main__ - DEBUG - Pick event: 0 Place event: 0
2023-07-13 13:08:03,369 - __main__ - DEBUG - Pick event: 0 Place event: 0
2023-07-13 13:08:03,570 - __main__ - DEBUG - Pick event: 0 Place event: 0
2023-07-13 13:08:03,771 - __main__ - DEBUG - Pick event: 0 Place event: 0
2023-07-13 13:08:03,972 - __main__ - DEBUG - Pick event: 0 Place event: 0
2023-07-13 13:08:04,173 - __main__ - DEBUG - Pick event: 0 Place event: 0
2023-07-13 13:08:04,374 - __main__ - DEBUG - Pick event: 0 Place event: 0
2023-07-13 13:08:04,575 - __main__ - DEBUG - Pick event: 0 Place event: 0
2023-07-13 13:08:04,776 - __main__ - DEBUG - Pick event: 0 Place event: 0
2023-07-13 13:08:04,977 - __main__ - DEBUG - Pick event: 0 Place event: 0
2023-07-13 13:08:05,178 - __main__ - DEBUG - Pick event: 0 Place event: 0
2023-07-13 13:08:05,379 - __main__ - DEBUG - Pick event: 0 Place event: 0
2023-07-13 13:08:05,580 - __main__ - DEBUG - Pick event: 0 Place event: 0
2023-07-13 13:08:05,781 - __main__ - DEBUG - Pick event: 0 Place event: 0
2023-07-13 13:08:05,983 - __main__ - DEBUG - Pick event: 0 Place event: 0
2023-07-13 13:08:06,184 - __main__ - DEBUG - Pick event: 0 Place event: 0
2023-07-13 13:08:06,385 - __main__ - DEBUG - Pick event: 0 Place event: 0
2023-07-13 13:08:06,586 - __main__ - DEBUG - Pick event: 0 Place event: 0
2023-07-13 13:08:06,787 - __main__ - DEBUG - Pick event: 0 Place event: 0
2023-07-13 13:08:06,988 - __main__ - DEBUG - Pick event: 0 Place event: 0
2023-07-13 13:08:07,189 - __main__ - DEBUG - Pick event: 0 Place event: 0
2023-07-13 13:08:07,390 - __main__ - DEBUG - Pick event: 0 Place event: 0
2023-07-13 13:08:07,592 - __main__ - DEBUG - Pick event: 0 Place event: 0
2023-07-13 13:08:07,793 - __main__ - DEBUG - Pick event: 0 Place event: 0
2023-07-13 13:08:07,994 - __main__ - DEBUG - Pick event: 0 Place event: 0
2023-07-13 13:08:08,195 - __main__ - DEBUG - Pick event: 0 Place event: 0
2023-07-13 13:08:08,396 - __main__ - DEBUG - Pick event: 0 Place event: 0
2023-07-13 13:08:08,597 - __main__ - DEBUG - Pick event: 0 Place event: 0
2023-07-13 13:08:08,798 - __main__ - DEBUG - Pick event: 0 Place event: 0
2023-07-13 13:08:08,999 - __main__ - DEBUG - Pick event: 0 Place event: 0
2023-07-13 13:08:09,200 - __main__ - DEBUG - Pick event: 0 Place event: 0
2023-07-13 13:08:09,401 - __main__ - DEBUG - Pick event: 0 Place event: 0
2023-07-13 13:08:09,602 - __main__ - DEBUG - Pick event: 0 Place event: 0
2023-07-13 13:08:09,803 - __main__ - DEBUG - Pick event: 0 Place event: 0
2023-07-13 13:08:10,004 - __main__ - DEBUG - Pick event: 0 Place event: 0
2023-07-13 13:08:10,205 - __main__ - DEBUG - Pick event: 0 Place event: 0
2023-07-13 13:08:10,406 - __main__ - DEBUG - Pick event: 0 Place event: 0
2023-07-13 13:08:10,608 - __main__ - DEBUG - Pick event: 0 Place event: 0
2023-07-13 13:08:10,809 - __main__ - DEBUG - Pick event: 0 Place event: 0
2023-07-13 13:08:11,010 - __main__ - DEBUG - Pick event: 0 Place event: 0
2023-07-13 13:08:11,211 - __main__ - DEBUG - Pick event: 0 Place event: 0
2023-07-13 13:08:11,412 - __main__ - DEBUG - Pick event: 0 Place event: 0
2023-07-13 13:08:11,614 - __main__ - DEBUG - Pick event: 0 Place event: 0
2023-07-13 13:08:11,815 - __main__ - DEBUG - Pick event: 0 Place event: 0
2023-07-13 13:08:12,016 - __main__ - DEBUG - Pick event: 0 Place event: 0
2023-07-13 13:08:12,217 - __main__ - DEBUG - Pick event: 0 Place event: 0
2023-07-13 13:08:12,418 - __main__ - DEBUG - Pick event: 0 Place event: 0
2023-07-13 13:08:12,619 - __main__ - DEBUG - Pick event: 0 Place event: 0
2023-07-13 13:08:12,820 - __main__ - DEBUG - Pick event: 0 Place event: 0
2023-07-13 13:08:13,021 - __main__ - DEBUG - Pick event: 0 Place event: 0
2023-07-13 13:08:13,222 - __main__ - DEBUG - Pick event: 0 Place event: 0
2023-07-13 13:08:13,423 - __main__ - DEBUG - Pick event: 0 Place event: 0
2023-07-13 13:08:13,624 - __main__ - DEBUG - Pick event: 0 Place event: 0
2023-07-13 13:08:13,825 - __main__ - DEBUG - Pick event: 0 Place event: 0
2023-07-13 13:08:14,026 - __main__ - DEBUG - Pick event: 0 Place event: 0
2023-07-13 13:08:14,227 - __main__ - DEBUG - Pick event: 0 Place event: 0
2023-07-13 13:08:14,428 - __main__ - DEBUG - Pick event: 0 Place event: 0
2023-07-13 13:08:14,630 - __main__ - DEBUG - Pick event: 0 Place event: 0
2023-07-13 13:08:14,831 - __main__ - DEBUG - Pick event: 0 Place event: 0
2023-07-13 13:08:15,032 - __main__ - DEBUG - Pick event: 0 Place event: 0
2023-07-13 13:08:15,233 - __main__ - DEBUG - Pick event: 0 Place event: 0
2023-07-13 13:08:15,434 - __main__ - DEBUG - Pick event: 0 Place event: 0
2023-07-13 13:08:15,636 - __main__ - DEBUG - Pick event: 0 Place event: 0
2023-07-13 13:08:15,837 - __main__ - DEBUG - Pick event: 0 Place event: 0
2023-07-13 13:08:16,038 - __main__ - DEBUG - Pick event: 0 Place event: 0
2023-07-13 13:08:16,240 - __main__ - DEBUG - Pick event: 0 Place event: 0
2023-07-13 13:08:16,441 - __main__ - DEBUG - Pick event: 0 Place event: 0
2023-07-13 13:08:16,642 - __main__ - DEBUG - Pick event: 0 Place event: 0
2023-07-13 13:08:16,843 - __main__ - DEBUG - Pick event: 0 Place event: 0
2023-07-13 13:08:17,044 - __main__ - DEBUG - Pick event: 0 Place event: 0
2023-07-13 13:08:17,245 - __main__ - DEBUG - Pick event: 0 Place event: 0
2023-07-13 13:08:17,446 - __main__ - DEBUG - Pick event: 0 Place event: 0
2023-07-13 13:08:17,648 - __main__ - DEBUG - Pick event: 0 Place event: 0
2023-07-13 13:08:17,849 - __main__ - DEBUG - Pick event: 0 Place event: 0
2023-07-13 13:08:18,050 - __main__ - DEBUG - Pick event: 0 Place event: 0
2023-07-13 13:08:18,251 - __main__ - DEBUG - Pick event: 0 Place event: 0
2023-07-13 13:08:18,452 - __main__ - DEBUG - Pick event: 0 Place event: 0
2023-07-13 13:08:18,653 - __main__ - DEBUG - Pick event: 0 Place event: 0
2023-07-13 13:08:18,854 - __main__ - DEBUG - Pick event: 0 Place event: 0
2023-07-13 13:08:19,055 - __main__ - DEBUG - Pick event: 0 Place event: 0
2023-07-13 13:08:19,256 - __main__ - DEBUG - Pick event: 0 Place event: 0
2023-07-13 13:08:19,457 - __main__ - DEBUG - Pick event: 0 Place event: 0
2023-07-13 13:08:19,659 - __main__ - DEBUG - Pick event: 0 Place event: 0
2023-07-13 13:08:19,860 - __main__ - DEBUG - Pick event: 0 Place event: 0
2023-07-13 13:08:20,061 - __main__ - DEBUG - Pick event: 0 Place event: 0
2023-07-13 13:08:20,262 - __main__ - DEBUG - Pick event: 0 Place event: 0
2023-07-13 13:08:20,463 - __main__ - DEBUG - Pick event: 0 Place event: 0
2023-07-13 13:08:20,664 - __main__ - DEBUG - Pick event: 0 Place event: 0
2023-07-13 13:08:20,865 - __main__ - DEBUG - Pick event: 0 Place event: 0
2023-07-13 13:08:21,066 - __main__ - DEBUG - Pick event: 0 Place event: 0
2023-07-13 13:08:21,267 - __main__ - DEBUG - Pick event: 0 Place event: 0
2023-07-13 13:08:21,468 - __main__ - DEBUG - Pick event: 0 Place event: 0
2023-07-13 13:08:21,669 - __main__ - DEBUG - Pick event: 0 Place event: 0
2023-07-13 13:08:21,870 - __main__ - DEBUG - Pick event: 0 Place event: 0
2023-07-13 13:08:22,071 - __main__ - DEBUG - Pick event: 0 Place event: 0
2023-07-13 13:08:22,272 - __main__ - DEBUG - Pick event: 0 Place event: 0
2023-07-13 13:08:22,473 - __main__ - DEBUG - Pick event: 0 Place event: 0
2023-07-13 13:08:22,674 - __main__ - DEBUG - Pick event: 0 Place event: 0
2023-07-13 13:08:22,876 - __main__ - DEBUG - Pick event: 0 Place event: 0
2023-07-13 13:08:23,077 - __main__ - DEBUG - Pick event: 0 Place event: 0
2023-07-13 13:08:23,278 - __main__ - DEBUG - Pick event: 0 Place event: 0
2023-07-13 13:08:23,479 - __main__ - DEBUG - Pick event: 0 Place event: 0
2023-07-13 13:08:23,680 - __main__ - DEBUG - Pick event: 0 Place event: 0
2023-07-13 13:08:23,881 - __main__ - DEBUG - Pick event: 0 Place event: 0
2023-07-13 13:08:24,082 - __main__ - DEBUG - Pick event: 0 Place event: 0
2023-07-13 13:08:24,283 - __main__ - DEBUG - Pick event: 0 Place event: 0
2023-07-13 13:08:24,484 - __main__ - DEBUG - Pick event: 0 Place event: 0
2023-07-13 13:08:24,685 - __main__ - DEBUG - Pick event: 0 Place event: 0
2023-07-13 13:08:24,886 - __main__ - DEBUG - Pick event: 0 Place event: 0
2023-07-13 13:08:25,087 - __main__ - DEBUG - Pick event: 0 Place event: 0
2023-07-13 13:08:25,288 - __main__ - DEBUG - Pick event: 0 Place event: 0
2023-07-13 13:08:25,489 - __main__ - DEBUG - Pick event: 0 Place event: 0
2023-07-13 13:08:25,690 - __main__ - DEBUG - Pick event: 0 Place event: 0
2023-07-13 13:08:25,891 - __main__ - DEBUG - Pick event: 0 Place event: 0
2023-07-13 13:08:26,092 - __main__ - DEBUG - Pick event: 0 Place event: 0
2023-07-13 13:08:26,293 - __main__ - DEBUG - Pick event: 0 Place event: 0
2023-07-13 13:08:26,495 - __main__ - DEBUG - Pick event: 0 Place event: 0
2023-07-13 13:08:26,696 - __main__ - DEBUG - Pick event: 0 Place event: 0
2023-07-13 13:08:26,897 - __main__ - DEBUG - Pick event: 0 Place event: 0
2023-07-13 13:08:27,098 - __main__ - DEBUG - Pick event: 0 Place event: 0
2023-07-13 13:08:27,299 - __main__ - DEBUG - Pick event: 0 Place event: 0
2023-07-13 13:08:27,500 - __main__ - DEBUG - Pick event: 0 Place event: 0
2023-07-13 13:08:27,701 - __main__ - DEBUG - Pick event: 0 Place event: 0
2023-07-13 13:08:27,903 - __main__ - DEBUG - Pick event: 0 Place event: 0
2023-07-13 13:08:28,104 - __main__ - DEBUG - Pick event: 0 Place event: 0
2023-07-13 13:08:28,305 - __main__ - DEBUG - Pick event: 0 Place event: 0
2023-07-13 13:08:28,505 - __main__ - DEBUG - Pick event: 0 Place event: 0
2023-07-13 13:08:28,707 - __main__ - DEBUG - Pick event: 0 Place event: 0
2023-07-13 13:08:28,908 - __main__ - DEBUG - Pick event: 0 Place event: 0
2023-07-13 13:08:29,109 - __main__ - DEBUG - Pick event: 0 Place event: 0
2023-07-13 13:08:29,206 - __main__ - ERROR - Keyboard Interrupt
Traceback (most recent call last):
  File "/home/lenny/dojo/internship2023/robot_software/run.py", line 284, in <module>
    time.sleep(0.2)
KeyboardInterrupt
2023-07-13 13:08:29,225 - __main__ - INFO - Program Terminated Gracefully
