2023-07-13 13:05:27,028 - __main__ - INFO - Logger Initialized Successfully
2023-07-13 13:05:27,038 - __main__ - INFO - Camera Initialized Successfully
2023-07-13 13:05:27,041 - __main__ - INFO - Serial Initialized Successfully
2023-07-13 13:05:27,041 - __main__ - INFO - GPIO Initialized Successfully
2023-07-13 13:05:27,042 - __main__ - INFO - Raspberry Pi Ready
2023-07-13 13:05:27,042 - __main__ - INFO - Awaiting kbd-event to start Cycle...
2023-07-13 13:05:37,655 - __main__ - DEBUG - Pick event: 0 Place event: 0
2023-07-13 13:05:37,856 - __main__ - DEBUG - Pick event: 0 Place event: 0
2023-07-13 13:05:38,058 - __main__ - DEBUG - Pick event: 0 Place event: 0
2023-07-13 13:05:38,259 - __main__ - DEBUG - Pick event: 0 Place event: 0
2023-07-13 13:05:38,460 - __main__ - DEBUG - Pick event: 0 Place event: 0
2023-07-13 13:05:38,661 - __main__ - DEBUG - Pick event: 0 Place event: 0
2023-07-13 13:05:38,862 - __main__ - DEBUG - Pick event: 0 Place event: 0
2023-07-13 13:05:39,063 - __main__ - DEBUG - Pick event: 0 Place event: 0
2023-07-13 13:05:39,264 - __main__ - DEBUG - Pick event: 0 Place event: 0
2023-07-13 13:05:39,465 - __main__ - DEBUG - Pick event: 0 Place event: 0
2023-07-13 13:05:39,666 - __main__ - DEBUG - Pick event: 0 Place event: 0
2023-07-13 13:05:39,867 - __main__ - DEBUG - Pick event: 0 Place event: 0
2023-07-13 13:05:40,068 - __main__ - DEBUG - Pick event: 0 Place event: 0
2023-07-13 13:05:40,269 - __main__ - DEBUG - Pick event: 0 Place event: 0
2023-07-13 13:05:40,470 - __main__ - DEBUG - Pick event: 0 Place event: 0
2023-07-13 13:05:40,671 - __main__ - DEBUG - Pick event: 0 Place event: 0
2023-07-13 13:05:40,873 - __main__ - DEBUG - Pick event: 0 Place event: 0
2023-07-13 13:05:41,074 - __main__ - DEBUG - Pick event: 0 Place event: 0
2023-07-13 13:05:41,275 - __main__ - DEBUG - Pick event: 0 Place event: 0
2023-07-13 13:05:41,476 - __main__ - DEBUG - Pick event: 0 Place event: 0
2023-07-13 13:05:41,677 - __main__ - DEBUG - Pick event: 0 Place event: 0
2023-07-13 13:05:41,878 - __main__ - DEBUG - Pick event: 0 Place event: 0
2023-07-13 13:05:42,079 - __main__ - DEBUG - Pick event: 0 Place event: 0
2023-07-13 13:05:42,280 - __main__ - DEBUG - Pick event: 0 Place event: 0
2023-07-13 13:05:42,482 - __main__ - DEBUG - Pick event: 0 Place event: 0
2023-07-13 13:05:42,683 - __main__ - DEBUG - Pick event: 0 Place event: 0
2023-07-13 13:05:42,884 - __main__ - DEBUG - Pick event: 0 Place event: 0
2023-07-13 13:05:43,085 - __main__ - DEBUG - Pick event: 0 Place event: 0
2023-07-13 13:05:43,286 - __main__ - DEBUG - Pick event: 1 Place event: 0
2023-07-13 13:05:43,287 - __main__ - INFO - Pick event
2023-07-13 13:05:43,289 - __main__ - INFO - Inferring on snapshot...
2023-07-13 13:05:46,379 - __main__ - DEBUG - Inference Result: [{'x1': 229.57923889160156, 'y1': 232.46739196777344, 'x2': 556.963134765625, 'y2': 472.515869140625}]
2023-07-13 13:05:46,379 - __main__ - DEBUG - Centroids: [(392, 352)]
2023-07-13 13:05:46,380 - __main__ - DEBUG - Object widths: [327]
2023-07-13 13:05:46,380 - __main__ - INFO - Arm Communication Initiated...
2023-07-13 13:05:46,381 - __main__ - DEBUG - Pick Command
2023-07-13 13:05:46,381 - __main__ - DEBUG - Sending formatted_msg: 0|-20|220.0|60

2023-07-13 13:05:47,383 - __main__ - DEBUG - Waiting for Arm message
2023-07-13 13:05:48,385 - __main__ - DEBUG - Waiting for Arm message
2023-07-13 13:05:49,387 - __main__ - DEBUG - Waiting for Arm message
2023-07-13 13:05:50,389 - __main__ - DEBUG - Waiting for Arm message
2023-07-13 13:05:51,214 - __main__ - DEBUG - Received arm_msg: -2022060
2023-07-13 13:05:52,215 - __main__ - INFO - Arm Sequence Complete
2023-07-13 13:05:52,216 - __main__ - INFO - Mobile Platform Go
2023-07-13 13:05:54,219 - __main__ - DEBUG - Pick event: 0 Place event: 0
2023-07-13 13:05:54,220 - __main__ - INFO - EVENT CYCLE COMPLETE
2023-07-13 13:05:54,421 - __main__ - DEBUG - Pick event: 0 Place event: 0
2023-07-13 13:05:54,622 - __main__ - DEBUG - Pick event: 0 Place event: 0
2023-07-13 13:05:54,823 - __main__ - DEBUG - Pick event: 0 Place event: 0
2023-07-13 13:05:55,024 - __main__ - DEBUG - Pick event: 0 Place event: 0
2023-07-13 13:05:55,225 - __main__ - DEBUG - Pick event: 0 Place event: 0
2023-07-13 13:05:55,426 - __main__ - DEBUG - Pick event: 0 Place event: 0
2023-07-13 13:05:55,627 - __main__ - DEBUG - Pick event: 0 Place event: 0
2023-07-13 13:05:55,828 - __main__ - DEBUG - Pick event: 0 Place event: 0
2023-07-13 13:05:56,029 - __main__ - DEBUG - Pick event: 0 Place event: 0
2023-07-13 13:05:56,231 - __main__ - DEBUG - Pick event: 0 Place event: 0
2023-07-13 13:05:56,432 - __main__ - DEBUG - Pick event: 0 Place event: 0
2023-07-13 13:05:56,633 - __main__ - DEBUG - Pick event: 0 Place event: 0
2023-07-13 13:05:56,672 - __main__ - ERROR - Keyboard Interrupt
Traceback (most recent call last):
  File "/home/lenny/dojo/internship2023/robot_software/run.py", line 238, in <module>
    time.sleep(0.2)
KeyboardInterrupt
2023-07-13 13:05:56,694 - __main__ - INFO - Program Terminated Gracefully
