2023-07-13 13:00:23,764 - __main__ - INFO - Logger Initialized Successfully
2023-07-13 13:00:23,776 - __main__ - INFO - Camera Initialized Successfully
2023-07-13 13:00:23,779 - __main__ - INFO - Serial Initialized Successfully
2023-07-13 13:00:23,780 - __main__ - INFO - GPIO Initialized Successfully
2023-07-13 13:00:23,780 - __main__ - INFO - Raspberry Pi Ready
2023-07-13 13:00:23,780 - __main__ - INFO - Intializing Go Command to Mobile Platform
2023-07-13 13:00:26,784 - __main__ - DEBUG - *** Starting Cycle ^_^
2023-07-13 13:00:26,984 - __main__ - DEBUG - Pick event: 0 Place event: 0
2023-07-13 13:00:27,185 - __main__ - DEBUG - Pick event: 0 Place event: 0
2023-07-13 13:00:27,386 - __main__ - DEBUG - Pick event: 0 Place event: 0
2023-07-13 13:00:27,587 - __main__ - DEBUG - Pick event: 0 Place event: 0
2023-07-13 13:00:27,788 - __main__ - DEBUG - Pick event: 0 Place event: 0
2023-07-13 13:00:27,989 - __main__ - DEBUG - Pick event: 0 Place event: 0
2023-07-13 13:00:28,189 - __main__ - DEBUG - Pick event: 0 Place event: 0
2023-07-13 13:00:28,390 - __main__ - DEBUG - Pick event: 0 Place event: 0
2023-07-13 13:00:28,591 - __main__ - DEBUG - Pick event: 0 Place event: 0
2023-07-13 13:00:28,792 - __main__ - DEBUG - Pick event: 0 Place event: 0
2023-07-13 13:00:28,993 - __main__ - DEBUG - Pick event: 0 Place event: 0
2023-07-13 13:00:29,194 - __main__ - DEBUG - Pick event: 0 Place event: 0
2023-07-13 13:00:29,395 - __main__ - DEBUG - Pick event: 0 Place event: 0
2023-07-13 13:00:29,596 - __main__ - DEBUG - Pick event: 0 Place event: 0
2023-07-13 13:00:29,796 - __main__ - DEBUG - Pick event: 0 Place event: 0
2023-07-13 13:00:29,997 - __main__ - DEBUG - Pick event: 0 Place event: 0
2023-07-13 13:00:30,198 - __main__ - DEBUG - Pick event: 0 Place event: 0
2023-07-13 13:00:30,399 - __main__ - DEBUG - Pick event: 0 Place event: 0
2023-07-13 13:00:30,600 - __main__ - DEBUG - Pick event: 0 Place event: 0
2023-07-13 13:00:30,801 - __main__ - DEBUG - Pick event: 0 Place event: 0
2023-07-13 13:00:31,002 - __main__ - DEBUG - Pick event: 0 Place event: 0
2023-07-13 13:00:31,203 - __main__ - DEBUG - Pick event: 0 Place event: 0
2023-07-13 13:00:31,404 - __main__ - DEBUG - Pick event: 0 Place event: 0
2023-07-13 13:00:31,605 - __main__ - DEBUG - Pick event: 0 Place event: 0
2023-07-13 13:00:31,806 - __main__ - DEBUG - Pick event: 0 Place event: 0
2023-07-13 13:00:32,007 - __main__ - DEBUG - Pick event: 0 Place event: 0
2023-07-13 13:00:32,208 - __main__ - DEBUG - Pick event: 0 Place event: 0
2023-07-13 13:00:32,409 - __main__ - DEBUG - Pick event: 1 Place event: 0
2023-07-13 13:00:32,409 - __main__ - INFO - Pick event
2023-07-13 13:00:32,409 - __main__ - INFO - Inferring on snapshot...
2023-07-13 13:00:33,985 - __main__ - ERROR - Keyboard Interrupt
Traceback (most recent call last):
  File "/home/lenny/dojo/internship2023/robot_software/run.py", line 296, in <module>
    world_coordinates = camera_inference()
  File "/home/lenny/dojo/internship2023/robot_software/run.py", line 103, in camera_inference
    inference_result = snap_infer()
  File "/home/lenny/dojo/internship2023/robot_software/run.py", line 166, in snap_infer
    inference_result = infer(flipped_frame)
  File "/home/lenny/dojo/internship2023/robot_software/vision/model_inference.py", line 31, in infer
    result = model(img)[0]
  File "/home/lenny/dojo/internship2023/robot_software/venv/lib/python3.10/site-packages/ultralytics/yolo/engine/model.py", line 111, in __call__
    return self.predict(source, stream, **kwargs)
  File "/home/lenny/dojo/internship2023/robot_software/venv/lib/python3.10/site-packages/torch/utils/_contextlib.py", line 115, in decorate_context
    return func(*args, **kwargs)
  File "/home/lenny/dojo/internship2023/robot_software/venv/lib/python3.10/site-packages/ultralytics/yolo/engine/model.py", line 250, in predict
    self.predictor.setup_model(model=self.model, verbose=is_cli)
  File "/home/lenny/dojo/internship2023/robot_software/venv/lib/python3.10/site-packages/ultralytics/yolo/engine/predictor.py", line 300, in setup_model
    self.model = AutoBackend(model,
  File "/home/lenny/dojo/internship2023/robot_software/venv/lib/python3.10/site-packages/ultralytics/nn/autobackend.py", line 94, in __init__
    model = model.fuse(verbose=verbose) if fuse else model
  File "/home/lenny/dojo/internship2023/robot_software/venv/lib/python3.10/site-packages/ultralytics/nn/tasks.py", line 133, in fuse
    m.conv = fuse_conv_and_bn(m.conv, m.bn)  # update conv
  File "/home/lenny/dojo/internship2023/robot_software/venv/lib/python3.10/site-packages/ultralytics/yolo/utils/torch_utils.py", line 128, in fuse_conv_and_bn
    fusedconv.weight.copy_(torch.mm(w_bn, w_conv).view(fusedconv.weight.shape))
KeyboardInterrupt
2023-07-13 13:00:34,008 - __main__ - INFO - Program Terminated Gracefully
