2023-07-13 13:05:10,629 - __main__ - INFO - Logger Initialized Successfully
2023-07-13 13:05:10,640 - __main__ - INFO - Camera Initialized Successfully
2023-07-13 13:05:10,644 - __main__ - INFO - Serial Initialized Successfully
2023-07-13 13:05:10,644 - __main__ - INFO - GPIO Initialized Successfully
2023-07-13 13:05:10,645 - __main__ - INFO - Raspberry Pi Ready
2023-07-13 13:05:10,645 - __main__ - INFO - Intializing Go Command to Mobile Platform
2023-07-13 13:05:13,649 - __main__ - DEBUG - *** Starting Cycle ^_^
2023-07-13 13:05:13,850 - __main__ - DEBUG - Pick event: 0 Place event: 0
2023-07-13 13:05:14,051 - __main__ - DEBUG - Pick event: 0 Place event: 0
2023-07-13 13:05:14,252 - __main__ - DEBUG - Pick event: 0 Place event: 0
2023-07-13 13:05:14,453 - __main__ - DEBUG - Pick event: 0 Place event: 0
2023-07-13 13:05:14,654 - __main__ - DEBUG - Pick event: 0 Place event: 0
2023-07-13 13:05:14,855 - __main__ - DEBUG - Pick event: 0 Place event: 0
2023-07-13 13:05:15,057 - __main__ - DEBUG - Pick event: 0 Place event: 0
2023-07-13 13:05:15,258 - __main__ - DEBUG - Pick event: 0 Place event: 0
2023-07-13 13:05:15,459 - __main__ - DEBUG - Pick event: 0 Place event: 0
2023-07-13 13:05:15,660 - __main__ - DEBUG - Pick event: 0 Place event: 0
2023-07-13 13:05:15,861 - __main__ - DEBUG - Pick event: 0 Place event: 0
2023-07-13 13:05:16,062 - __main__ - DEBUG - Pick event: 0 Place event: 0
2023-07-13 13:05:16,263 - __main__ - DEBUG - Pick event: 0 Place event: 0
2023-07-13 13:05:16,464 - __main__ - DEBUG - Pick event: 0 Place event: 0
2023-07-13 13:05:16,665 - __main__ - DEBUG - Pick event: 0 Place event: 0
2023-07-13 13:05:16,866 - __main__ - DEBUG - Pick event: 0 Place event: 0
2023-07-13 13:05:17,067 - __main__ - DEBUG - Pick event: 0 Place event: 0
2023-07-13 13:05:17,268 - __main__ - DEBUG - Pick event: 0 Place event: 0
2023-07-13 13:05:17,469 - __main__ - DEBUG - Pick event: 0 Place event: 0
2023-07-13 13:05:17,670 - __main__ - DEBUG - Pick event: 0 Place event: 0
2023-07-13 13:05:17,871 - __main__ - DEBUG - Pick event: 0 Place event: 0
2023-07-13 13:05:18,072 - __main__ - DEBUG - Pick event: 0 Place event: 0
2023-07-13 13:05:18,273 - __main__ - DEBUG - Pick event: 0 Place event: 0
2023-07-13 13:05:18,474 - __main__ - DEBUG - Pick event: 0 Place event: 0
2023-07-13 13:05:18,675 - __main__ - DEBUG - Pick event: 0 Place event: 0
2023-07-13 13:05:18,876 - __main__ - DEBUG - Pick event: 0 Place event: 0
2023-07-13 13:05:19,077 - __main__ - DEBUG - Pick event: 0 Place event: 0
2023-07-13 13:05:19,278 - __main__ - DEBUG - Pick event: 0 Place event: 0
2023-07-13 13:05:19,479 - __main__ - DEBUG - Pick event: 0 Place event: 0
2023-07-13 13:05:19,680 - __main__ - DEBUG - Pick event: 0 Place event: 0
2023-07-13 13:05:19,882 - __main__ - DEBUG - Pick event: 0 Place event: 0
2023-07-13 13:05:20,083 - __main__ - DEBUG - Pick event: 0 Place event: 0
2023-07-13 13:05:20,284 - __main__ - DEBUG - Pick event: 0 Place event: 0
2023-07-13 13:05:20,485 - __main__ - DEBUG - Pick event: 0 Place event: 0
2023-07-13 13:05:20,685 - __main__ - DEBUG - Pick event: 0 Place event: 0
2023-07-13 13:05:20,886 - __main__ - DEBUG - Pick event: 0 Place event: 0
2023-07-13 13:05:21,088 - __main__ - DEBUG - Pick event: 0 Place event: 0
2023-07-13 13:05:21,289 - __main__ - DEBUG - Pick event: 0 Place event: 0
2023-07-13 13:05:21,490 - __main__ - DEBUG - Pick event: 0 Place event: 0
2023-07-13 13:05:21,691 - __main__ - DEBUG - Pick event: 0 Place event: 0
2023-07-13 13:05:21,896 - __main__ - DEBUG - Pick event: 0 Place event: 0
2023-07-13 13:05:22,097 - __main__ - DEBUG - Pick event: 0 Place event: 0
2023-07-13 13:05:22,298 - __main__ - DEBUG - Pick event: 0 Place event: 0
2023-07-13 13:05:22,499 - __main__ - DEBUG - Pick event: 0 Place event: 0
2023-07-13 13:05:22,700 - __main__ - DEBUG - Pick event: 0 Place event: 0
2023-07-13 13:05:22,901 - __main__ - DEBUG - Pick event: 0 Place event: 0
2023-07-13 13:05:23,102 - __main__ - DEBUG - Pick event: 0 Place event: 0
2023-07-13 13:05:23,304 - __main__ - DEBUG - Pick event: 0 Place event: 0
2023-07-13 13:05:23,505 - __main__ - DEBUG - Pick event: 0 Place event: 0
2023-07-13 13:05:23,706 - __main__ - DEBUG - Pick event: 0 Place event: 0
2023-07-13 13:05:23,907 - __main__ - DEBUG - Pick event: 0 Place event: 0
2023-07-13 13:05:24,108 - __main__ - DEBUG - Pick event: 0 Place event: 0
2023-07-13 13:05:24,309 - __main__ - DEBUG - Pick event: 0 Place event: 0
2023-07-13 13:05:24,510 - __main__ - DEBUG - Pick event: 0 Place event: 0
2023-07-13 13:05:24,710 - __main__ - DEBUG - Pick event: 0 Place event: 0
2023-07-13 13:05:24,911 - __main__ - DEBUG - Pick event: 0 Place event: 0
2023-07-13 13:05:25,112 - __main__ - DEBUG - Pick event: 0 Place event: 0
2023-07-13 13:05:25,314 - __main__ - DEBUG - Pick event: 0 Place event: 0
2023-07-13 13:05:25,515 - __main__ - DEBUG - Pick event: 0 Place event: 0
2023-07-13 13:05:25,716 - __main__ - DEBUG - Pick event: 0 Place event: 0
2023-07-13 13:05:25,917 - __main__ - DEBUG - Pick event: 0 Place event: 0
2023-07-13 13:05:26,118 - __main__ - DEBUG - Pick event: 0 Place event: 0
2023-07-13 13:05:26,319 - __main__ - DEBUG - Pick event: 0 Place event: 0
2023-07-13 13:05:26,520 - __main__ - DEBUG - Pick event: 0 Place event: 0
2023-07-13 13:05:26,721 - __main__ - DEBUG - Pick event: 0 Place event: 0
2023-07-13 13:05:26,922 - __main__ - DEBUG - Pick event: 0 Place event: 0
2023-07-13 13:05:27,124 - __main__ - DEBUG - Pick event: 0 Place event: 0
2023-07-13 13:05:27,325 - __main__ - DEBUG - Pick event: 0 Place event: 0
2023-07-13 13:05:27,526 - __main__ - DEBUG - Pick event: 0 Place event: 0
2023-07-13 13:05:27,727 - __main__ - DEBUG - Pick event: 0 Place event: 0
2023-07-13 13:05:27,928 - __main__ - DEBUG - Pick event: 0 Place event: 0
2023-07-13 13:05:28,129 - __main__ - DEBUG - Pick event: 0 Place event: 0
2023-07-13 13:05:28,330 - __main__ - DEBUG - Pick event: 0 Place event: 0
2023-07-13 13:05:28,531 - __main__ - DEBUG - Pick event: 0 Place event: 0
2023-07-13 13:05:28,732 - __main__ - DEBUG - Pick event: 0 Place event: 0
2023-07-13 13:05:28,933 - __main__ - DEBUG - Pick event: 0 Place event: 0
2023-07-13 13:05:29,134 - __main__ - DEBUG - Pick event: 0 Place event: 0
2023-07-13 13:05:29,336 - __main__ - DEBUG - Pick event: 0 Place event: 0
2023-07-13 13:05:29,537 - __main__ - DEBUG - Pick event: 0 Place event: 0
2023-07-13 13:05:29,738 - __main__ - DEBUG - Pick event: 0 Place event: 0
2023-07-13 13:05:29,939 - __main__ - DEBUG - Pick event: 0 Place event: 0
2023-07-13 13:05:30,140 - __main__ - DEBUG - Pick event: 0 Place event: 0
2023-07-13 13:05:30,341 - __main__ - DEBUG - Pick event: 0 Place event: 0
2023-07-13 13:05:30,543 - __main__ - DEBUG - Pick event: 0 Place event: 0
2023-07-13 13:05:30,744 - __main__ - DEBUG - Pick event: 0 Place event: 0
2023-07-13 13:05:30,945 - __main__ - DEBUG - Pick event: 0 Place event: 0
2023-07-13 13:05:31,146 - __main__ - DEBUG - Pick event: 0 Place event: 0
2023-07-13 13:05:31,347 - __main__ - DEBUG - Pick event: 0 Place event: 0
2023-07-13 13:05:31,548 - __main__ - DEBUG - Pick event: 0 Place event: 0
2023-07-13 13:05:31,749 - __main__ - DEBUG - Pick event: 0 Place event: 0
2023-07-13 13:05:31,951 - __main__ - DEBUG - Pick event: 0 Place event: 0
2023-07-13 13:05:32,152 - __main__ - DEBUG - Pick event: 0 Place event: 0
2023-07-13 13:05:32,353 - __main__ - DEBUG - Pick event: 0 Place event: 0
2023-07-13 13:05:32,554 - __main__ - DEBUG - Pick event: 0 Place event: 0
2023-07-13 13:05:32,755 - __main__ - DEBUG - Pick event: 0 Place event: 0
2023-07-13 13:05:32,956 - __main__ - DEBUG - Pick event: 0 Place event: 0
2023-07-13 13:05:33,157 - __main__ - DEBUG - Pick event: 0 Place event: 0
2023-07-13 13:05:33,358 - __main__ - DEBUG - Pick event: 0 Place event: 0
2023-07-13 13:05:33,559 - __main__ - DEBUG - Pick event: 0 Place event: 0
2023-07-13 13:05:33,760 - __main__ - DEBUG - Pick event: 0 Place event: 0
2023-07-13 13:05:33,961 - __main__ - DEBUG - Pick event: 0 Place event: 0
2023-07-13 13:05:34,162 - __main__ - DEBUG - Pick event: 0 Place event: 0
2023-07-13 13:05:34,363 - __main__ - DEBUG - Pick event: 0 Place event: 0
2023-07-13 13:05:34,564 - __main__ - DEBUG - Pick event: 0 Place event: 0
2023-07-13 13:05:34,766 - __main__ - DEBUG - Pick event: 0 Place event: 0
2023-07-13 13:05:34,967 - __main__ - DEBUG - Pick event: 0 Place event: 0
2023-07-13 13:05:35,168 - __main__ - DEBUG - Pick event: 0 Place event: 0
2023-07-13 13:05:35,369 - __main__ - DEBUG - Pick event: 0 Place event: 0
2023-07-13 13:05:35,570 - __main__ - DEBUG - Pick event: 0 Place event: 0
2023-07-13 13:05:35,771 - __main__ - DEBUG - Pick event: 0 Place event: 0
2023-07-13 13:05:35,973 - __main__ - DEBUG - Pick event: 0 Place event: 0
2023-07-13 13:05:36,174 - __main__ - DEBUG - Pick event: 0 Place event: 0
2023-07-13 13:05:36,375 - __main__ - DEBUG - Pick event: 0 Place event: 0
2023-07-13 13:05:36,575 - __main__ - DEBUG - Pick event: 0 Place event: 0
2023-07-13 13:05:36,777 - __main__ - DEBUG - Pick event: 0 Place event: 0
2023-07-13 13:05:36,978 - __main__ - DEBUG - Pick event: 0 Place event: 0
2023-07-13 13:05:37,179 - __main__ - DEBUG - Pick event: 0 Place event: 0
2023-07-13 13:05:37,380 - __main__ - DEBUG - Pick event: 0 Place event: 0
2023-07-13 13:05:37,581 - __main__ - DEBUG - Pick event: 0 Place event: 0
2023-07-13 13:05:37,782 - __main__ - DEBUG - Pick event: 0 Place event: 0
2023-07-13 13:05:37,983 - __main__ - DEBUG - Pick event: 0 Place event: 0
2023-07-13 13:05:38,185 - __main__ - DEBUG - Pick event: 0 Place event: 0
2023-07-13 13:05:38,386 - __main__ - DEBUG - Pick event: 0 Place event: 0
2023-07-13 13:05:38,587 - __main__ - DEBUG - Pick event: 0 Place event: 0
2023-07-13 13:05:38,788 - __main__ - DEBUG - Pick event: 0 Place event: 0
2023-07-13 13:05:38,989 - __main__ - DEBUG - Pick event: 0 Place event: 0
2023-07-13 13:05:39,190 - __main__ - DEBUG - Pick event: 0 Place event: 0
2023-07-13 13:05:39,391 - __main__ - DEBUG - Pick event: 0 Place event: 0
2023-07-13 13:05:39,592 - __main__ - DEBUG - Pick event: 0 Place event: 0
2023-07-13 13:05:39,793 - __main__ - DEBUG - Pick event: 0 Place event: 0
2023-07-13 13:05:39,994 - __main__ - DEBUG - Pick event: 0 Place event: 0
2023-07-13 13:05:40,196 - __main__ - DEBUG - Pick event: 0 Place event: 0
2023-07-13 13:05:40,397 - __main__ - DEBUG - Pick event: 0 Place event: 0
2023-07-13 13:05:40,597 - __main__ - DEBUG - Pick event: 0 Place event: 0
2023-07-13 13:05:40,798 - __main__ - DEBUG - Pick event: 0 Place event: 0
2023-07-13 13:05:41,000 - __main__ - DEBUG - Pick event: 0 Place event: 0
2023-07-13 13:05:41,201 - __main__ - DEBUG - Pick event: 0 Place event: 0
2023-07-13 13:05:41,402 - __main__ - DEBUG - Pick event: 0 Place event: 0
2023-07-13 13:05:41,603 - __main__ - DEBUG - Pick event: 0 Place event: 0
2023-07-13 13:05:41,804 - __main__ - DEBUG - Pick event: 0 Place event: 0
2023-07-13 13:05:42,005 - __main__ - DEBUG - Pick event: 0 Place event: 0
2023-07-13 13:05:42,207 - __main__ - DEBUG - Pick event: 0 Place event: 0
2023-07-13 13:05:42,408 - __main__ - DEBUG - Pick event: 0 Place event: 0
2023-07-13 13:05:42,609 - __main__ - DEBUG - Pick event: 0 Place event: 0
2023-07-13 13:05:42,810 - __main__ - DEBUG - Pick event: 0 Place event: 0
2023-07-13 13:05:43,011 - __main__ - DEBUG - Pick event: 0 Place event: 0
2023-07-13 13:05:43,212 - __main__ - DEBUG - Pick event: 0 Place event: 0
2023-07-13 13:05:43,413 - __main__ - DEBUG - Pick event: 0 Place event: 0
2023-07-13 13:05:43,614 - __main__ - DEBUG - Pick event: 0 Place event: 0
2023-07-13 13:05:43,815 - __main__ - DEBUG - Pick event: 0 Place event: 0
2023-07-13 13:05:44,016 - __main__ - DEBUG - Pick event: 0 Place event: 0
2023-07-13 13:05:44,217 - __main__ - DEBUG - Pick event: 0 Place event: 0
2023-07-13 13:05:44,419 - __main__ - DEBUG - Pick event: 0 Place event: 0
2023-07-13 13:05:44,620 - __main__ - DEBUG - Pick event: 0 Place event: 0
2023-07-13 13:05:44,821 - __main__ - DEBUG - Pick event: 0 Place event: 0
2023-07-13 13:05:45,022 - __main__ - DEBUG - Pick event: 0 Place event: 0
2023-07-13 13:05:45,223 - __main__ - DEBUG - Pick event: 0 Place event: 0
2023-07-13 13:05:45,423 - __main__ - DEBUG - Pick event: 0 Place event: 0
2023-07-13 13:05:45,625 - __main__ - DEBUG - Pick event: 0 Place event: 0
2023-07-13 13:05:45,826 - __main__ - DEBUG - Pick event: 0 Place event: 0
2023-07-13 13:05:46,027 - __main__ - DEBUG - Pick event: 0 Place event: 0
2023-07-13 13:05:46,175 - __main__ - ERROR - Keyboard Interrupt
Traceback (most recent call last):
  File "/home/lenny/dojo/internship2023/robot_software/run.py", line 284, in <module>
    time.sleep(0.2)
KeyboardInterrupt
2023-07-13 13:05:46,177 - __main__ - INFO - Program Terminated Gracefully
