2023-07-13 13:20:35,140 - __main__ - INFO - Logger Initialized Successfully
2023-07-13 13:20:35,153 - __main__ - INFO - Camera Initialized Successfully
2023-07-13 13:20:35,157 - __main__ - INFO - Serial Initialized Successfully
2023-07-13 13:20:35,158 - __main__ - INFO - GPIO Initialized Successfully
2023-07-13 13:20:35,159 - __main__ - INFO - Raspberry Pi Ready
2023-07-13 13:20:35,159 - __main__ - INFO - Intializing Go Command to Mobile Platform
2023-07-13 13:20:35,159 - __main__ - DEBUG - *** Starting Cycle ^_^
2023-07-13 13:20:35,360 - __main__ - DEBUG - Pick event: 0 Place event: 0
2023-07-13 13:20:35,561 - __main__ - DEBUG - Pick event: 0 Place event: 0
2023-07-13 13:20:35,762 - __main__ - DEBUG - Pick event: 0 Place event: 0
2023-07-13 13:20:35,964 - __main__ - DEBUG - Pick event: 0 Place event: 0
2023-07-13 13:20:36,165 - __main__ - DEBUG - Pick event: 0 Place event: 0
2023-07-13 13:20:36,366 - __main__ - DEBUG - Pick event: 0 Place event: 0
2023-07-13 13:20:36,567 - __main__ - DEBUG - Pick event: 0 Place event: 0
2023-07-13 13:20:36,768 - __main__ - DEBUG - Pick event: 0 Place event: 0
2023-07-13 13:20:36,969 - __main__ - DEBUG - Pick event: 0 Place event: 0
2023-07-13 13:20:37,170 - __main__ - DEBUG - Pick event: 0 Place event: 0
2023-07-13 13:20:37,371 - __main__ - DEBUG - Pick event: 0 Place event: 0
2023-07-13 13:20:37,572 - __main__ - DEBUG - Pick event: 0 Place event: 0
2023-07-13 13:20:37,773 - __main__ - DEBUG - Pick event: 0 Place event: 0
2023-07-13 13:20:37,974 - __main__ - DEBUG - Pick event: 0 Place event: 0
2023-07-13 13:20:38,176 - __main__ - DEBUG - Pick event: 0 Place event: 0
2023-07-13 13:20:38,377 - __main__ - DEBUG - Pick event: 0 Place event: 0
2023-07-13 13:20:38,578 - __main__ - DEBUG - Pick event: 1 Place event: 0
2023-07-13 13:20:38,579 - __main__ - INFO - Pick event
2023-07-13 13:20:38,579 - __main__ - INFO - Inferring on snapshot...
2023-07-13 13:20:41,577 - __main__ - DEBUG - Inference Result: []
2023-07-13 13:20:41,578 - __main__ - WARNING - No object detected! Retrying
2023-07-13 13:20:41,578 - __main__ - WARNING - No object detected! PANIC MODE!!!
2023-07-13 13:20:41,578 - __main__ - INFO - Mobile Platform Go
2023-07-13 13:20:43,581 - __main__ - DEBUG - Pick event: 0 Place event: 0
2023-07-13 13:20:43,582 - __main__ - INFO - EVENT CYCLE COMPLETE
2023-07-13 13:20:43,783 - __main__ - DEBUG - Pick event: 0 Place event: 0
2023-07-13 13:20:43,985 - __main__ - DEBUG - Pick event: 0 Place event: 0
2023-07-13 13:20:44,186 - __main__ - DEBUG - Pick event: 0 Place event: 0
2023-07-13 13:20:44,387 - __main__ - DEBUG - Pick event: 0 Place event: 0
2023-07-13 13:20:44,588 - __main__ - DEBUG - Pick event: 0 Place event: 0
2023-07-13 13:20:44,790 - __main__ - DEBUG - Pick event: 0 Place event: 0
2023-07-13 13:20:44,991 - __main__ - DEBUG - Pick event: 0 Place event: 0
2023-07-13 13:20:45,192 - __main__ - DEBUG - Pick event: 0 Place event: 0
2023-07-13 13:20:45,393 - __main__ - DEBUG - Pick event: 0 Place event: 0
2023-07-13 13:20:45,595 - __main__ - DEBUG - Pick event: 0 Place event: 0
2023-07-13 13:20:45,796 - __main__ - DEBUG - Pick event: 0 Place event: 0
2023-07-13 13:20:45,862 - __main__ - ERROR - Keyboard Interrupt
Traceback (most recent call last):
  File "/home/lenny/dojo/internship2023/robot_software/run.py", line 257, in <module>
    time.sleep(0.2)
KeyboardInterrupt
2023-07-13 13:20:45,887 - __main__ - INFO - Program Terminated Gracefully
