2023-07-10 11:49:43,620 - __main__ - INFO - Logger Initialized Successfully
2023-07-10 11:49:43,631 - __main__ - INFO - Camera Initialized Successfully
2023-07-10 11:49:43,634 - __main__ - INFO - Serial Initialized Successfully
2023-07-10 11:49:43,635 - __main__ - INFO - GPIO Initialized Successfully
2023-07-10 11:49:43,635 - __main__ - INFO - Raspberry Pi Ready
2023-07-10 11:49:43,636 - __main__ - INFO - Awaiting kbd-event to start Cycle...
2023-07-10 11:49:47,699 - __main__ - DEBUG - Pick event: 0 Place event: 0
2023-07-10 11:49:47,900 - __main__ - DEBUG - Pick event: 0 Place event: 0
2023-07-10 11:49:48,101 - __main__ - DEBUG - Pick event: 0 Place event: 0
2023-07-10 11:49:48,302 - __main__ - DEBUG - Pick event: 0 Place event: 0
2023-07-10 11:49:48,503 - __main__ - DEBUG - Pick event: 0 Place event: 0
2023-07-10 11:49:48,704 - __main__ - DEBUG - Pick event: 0 Place event: 0
2023-07-10 11:49:48,906 - __main__ - DEBUG - Pick event: 0 Place event: 0
2023-07-10 11:49:49,107 - __main__ - DEBUG - Pick event: 0 Place event: 0
2023-07-10 11:49:49,308 - __main__ - DEBUG - Pick event: 0 Place event: 0
2023-07-10 11:49:49,509 - __main__ - DEBUG - Pick event: 0 Place event: 0
2023-07-10 11:49:49,710 - __main__ - DEBUG - Pick event: 0 Place event: 0
2023-07-10 11:49:49,912 - __main__ - ERROR - Keyboard Interrupt
Traceback (most recent call last):
  File "/home/lenny/dojo/internship2023/robot_software/run.py", line 228, in <module>
    logger.debug(f"Pick event: {pick_event} Place event: {place_event}")
  File "/usr/lib/python3.10/logging/__init__.py", line 1465, in debug
    self._log(DEBUG, msg, args, **kwargs)
  File "/usr/lib/python3.10/logging/__init__.py", line 1612, in _log
    fn, lno, func, sinfo = self.findCaller(stack_info, stacklevel)
  File "/usr/lib/python3.10/logging/__init__.py", line 1568, in findCaller
    filename = os.path.normcase(co.co_filename)
  File "/usr/lib/python3.10/posixpath.py", line 52, in normcase
    def normcase(s):
KeyboardInterrupt
2023-07-10 11:49:49,926 - __main__ - INFO - Program Terminated Gracefully
