2023-07-10 15:07:15,554 - __main__ - INFO - Logger Initialized Successfully
2023-07-10 15:07:15,590 - __main__ - INFO - Camera Initialized Successfully
2023-07-10 15:07:15,594 - __main__ - INFO - Serial Initialized Successfully
2023-07-10 15:07:15,594 - __main__ - INFO - GPIO Initialized Successfully
2023-07-10 15:07:15,595 - __main__ - INFO - Raspberry Pi Ready
2023-07-10 15:07:15,595 - __main__ - INFO - Awaiting kbd-event to start Cycle...
2023-07-10 15:08:01,410 - __main__ - DEBUG - Pick event: 0 Place event: 0
2023-07-10 15:08:01,611 - __main__ - DEBUG - Pick event: 0 Place event: 0
2023-07-10 15:08:01,812 - __main__ - DEBUG - Pick event: 0 Place event: 0
2023-07-10 15:08:02,013 - __main__ - DEBUG - Pick event: 0 Place event: 0
2023-07-10 15:08:02,214 - __main__ - DEBUG - Pick event: 0 Place event: 0
2023-07-10 15:08:02,415 - __main__ - DEBUG - Pick event: 0 Place event: 0
2023-07-10 15:08:02,616 - __main__ - DEBUG - Pick event: 0 Place event: 0
2023-07-10 15:08:02,818 - __main__ - DEBUG - Pick event: 0 Place event: 0
2023-07-10 15:08:03,019 - __main__ - DEBUG - Pick event: 0 Place event: 0
2023-07-10 15:08:03,219 - __main__ - DEBUG - Pick event: 0 Place event: 0
2023-07-10 15:08:03,421 - __main__ - DEBUG - Pick event: 0 Place event: 0
2023-07-10 15:08:03,622 - __main__ - DEBUG - Pick event: 0 Place event: 0
2023-07-10 15:08:03,823 - __main__ - DEBUG - Pick event: 0 Place event: 0
2023-07-10 15:08:04,024 - __main__ - DEBUG - Pick event: 0 Place event: 0
2023-07-10 15:08:04,225 - __main__ - DEBUG - Pick event: 0 Place event: 0
2023-07-10 15:08:04,426 - __main__ - DEBUG - Pick event: 0 Place event: 0
2023-07-10 15:08:04,627 - __main__ - DEBUG - Pick event: 0 Place event: 0
2023-07-10 15:08:04,828 - __main__ - DEBUG - Pick event: 0 Place event: 0
2023-07-10 15:08:05,029 - __main__ - DEBUG - Pick event: 0 Place event: 0
2023-07-10 15:08:05,230 - __main__ - DEBUG - Pick event: 0 Place event: 0
2023-07-10 15:08:05,431 - __main__ - DEBUG - Pick event: 0 Place event: 0
2023-07-10 15:08:05,632 - __main__ - DEBUG - Pick event: 0 Place event: 0
2023-07-10 15:08:05,833 - __main__ - DEBUG - Pick event: 0 Place event: 0
2023-07-10 15:08:06,034 - __main__ - DEBUG - Pick event: 0 Place event: 0
2023-07-10 15:08:06,235 - __main__ - DEBUG - Pick event: 0 Place event: 0
2023-07-10 15:08:06,436 - __main__ - DEBUG - Pick event: 0 Place event: 0
2023-07-10 15:08:06,637 - __main__ - DEBUG - Pick event: 0 Place event: 0
2023-07-10 15:08:06,839 - __main__ - DEBUG - Pick event: 0 Place event: 0
2023-07-10 15:08:07,040 - __main__ - DEBUG - Pick event: 0 Place event: 0
2023-07-10 15:08:07,241 - __main__ - DEBUG - Pick event: 0 Place event: 0
2023-07-10 15:08:07,442 - __main__ - DEBUG - Pick event: 0 Place event: 0
2023-07-10 15:08:07,643 - __main__ - DEBUG - Pick event: 0 Place event: 0
2023-07-10 15:08:07,844 - __main__ - DEBUG - Pick event: 0 Place event: 0
2023-07-10 15:08:08,045 - __main__ - DEBUG - Pick event: 0 Place event: 0
2023-07-10 15:08:08,246 - __main__ - DEBUG - Pick event: 0 Place event: 0
2023-07-10 15:08:08,447 - __main__ - DEBUG - Pick event: 0 Place event: 0
2023-07-10 15:08:08,648 - __main__ - DEBUG - Pick event: 0 Place event: 0
2023-07-10 15:08:08,850 - __main__ - DEBUG - Pick event: 0 Place event: 0
2023-07-10 15:08:09,051 - __main__ - DEBUG - Pick event: 0 Place event: 0
2023-07-10 15:08:09,252 - __main__ - DEBUG - Pick event: 0 Place event: 0
2023-07-10 15:08:09,453 - __main__ - DEBUG - Pick event: 0 Place event: 0
2023-07-10 15:08:09,654 - __main__ - DEBUG - Pick event: 0 Place event: 0
2023-07-10 15:08:09,855 - __main__ - DEBUG - Pick event: 0 Place event: 0
2023-07-10 15:08:10,057 - __main__ - DEBUG - Pick event: 1 Place event: 0
2023-07-10 15:08:10,057 - __main__ - INFO - Pick event
2023-07-10 15:08:10,058 - __main__ - INFO - Inferring on snapshot...
2023-07-10 15:08:14,963 - __main__ - DEBUG - Inference Result: [{'x1': 19.2801513671875, 'y1': 386.5595703125, 'x2': 452.10845947265625, 'y2': 585.716552734375}]
2023-07-10 15:08:14,963 - __main__ - DEBUG - Centroids: [(235, 485)]
2023-07-10 15:08:14,964 - __main__ - INFO - Arm Communication Initiated...
2023-07-10 15:08:14,965 - __main__ - DEBUG - Pick Command
2023-07-10 15:08:14,965 - __main__ - DEBUG - Sending formatted_msg: 0|30|200|10

2023-07-10 15:08:15,967 - __main__ - DEBUG - Waiting for Arm message
2023-07-10 15:08:16,969 - __main__ - DEBUG - Waiting for Arm message
2023-07-10 15:08:17,971 - __main__ - DEBUG - Waiting for Arm message
2023-07-10 15:08:18,973 - __main__ - DEBUG - Waiting for Arm message
2023-07-10 15:08:19,975 - __main__ - DEBUG - Waiting for Arm message
2023-07-10 15:08:20,977 - __main__ - DEBUG - Waiting for Arm message
2023-07-10 15:08:21,979 - __main__ - DEBUG - Waiting for Arm message
2023-07-10 15:08:22,981 - __main__ - DEBUG - Waiting for Arm message
2023-07-10 15:08:23,983 - __main__ - DEBUG - Waiting for Arm message
2023-07-10 15:08:24,984 - __main__ - DEBUG - Waiting for Arm message
2023-07-10 15:08:25,986 - __main__ - DEBUG - Waiting for Arm message
2023-07-10 15:08:26,988 - __main__ - DEBUG - Waiting for Arm message
2023-07-10 15:08:27,990 - __main__ - DEBUG - Waiting for Arm message
2023-07-10 15:08:28,992 - __main__ - DEBUG - Waiting for Arm message
2023-07-10 15:08:29,994 - __main__ - DEBUG - Waiting for Arm message
2023-07-10 15:08:30,996 - __main__ - DEBUG - Waiting for Arm message
2023-07-10 15:08:31,998 - __main__ - DEBUG - Waiting for Arm message
2023-07-10 15:08:33,000 - __main__ - DEBUG - Waiting for Arm message
2023-07-10 15:08:34,002 - __main__ - DEBUG - Waiting for Arm message
2023-07-10 15:08:35,004 - __main__ - DEBUG - Waiting for Arm message
2023-07-10 15:08:36,006 - __main__ - DEBUG - Waiting for Arm message
2023-07-10 15:08:37,008 - __main__ - DEBUG - Waiting for Arm message
2023-07-10 15:08:38,010 - __main__ - DEBUG - Waiting for Arm message
2023-07-10 15:08:39,012 - __main__ - DEBUG - Waiting for Arm message
2023-07-10 15:08:40,014 - __main__ - DEBUG - Waiting for Arm message
2023-07-10 15:08:41,016 - __main__ - DEBUG - Waiting for Arm message
2023-07-10 15:08:42,018 - __main__ - DEBUG - Waiting for Arm message
2023-07-10 15:08:43,020 - __main__ - DEBUG - Waiting for Arm message
2023-07-10 15:08:43,637 - __main__ - ERROR - Keyboard Interrupt
Traceback (most recent call last):
  File "/home/lenny/dojo/internship2023/robot_software/run.py", line 235, in <module>
    mobile_platform_event = arm_comms(
  File "/home/lenny/dojo/internship2023/robot_software/run.py", line 185, in arm_comms
    arm_msg = ser.readline().decode('utf-8').rstrip()
  File "/home/lenny/dojo/internship2023/robot_software/venv/lib/python3.10/site-packages/serial/serialposix.py", line 565, in read
    ready, _, _ = select.select([self.fd, self.pipe_abort_read_r], [], [], timeout.time_left())
KeyboardInterrupt
2023-07-10 15:08:43,662 - __main__ - INFO - Program Terminated Gracefully
