2023-07-10 21:26:44,802 - __main__ - INFO - Logger Initialized Successfully
2023-07-10 21:26:44,812 - __main__ - INFO - Camera Initialized Successfully
2023-07-10 21:26:44,816 - __main__ - INFO - Serial Initialized Successfully
2023-07-10 21:26:44,817 - __main__ - INFO - GPIO Initialized Successfully
2023-07-10 21:26:44,817 - __main__ - INFO - Raspberry Pi Ready
2023-07-10 21:26:44,817 - __main__ - INFO - Awaiting kbd-event to start Cycle...
2023-07-10 21:27:26,286 - __main__ - DEBUG - Pick event: 0 Place event: 0
2023-07-10 21:27:26,488 - __main__ - DEBUG - Pick event: 0 Place event: 0
2023-07-10 21:27:26,689 - __main__ - DEBUG - Pick event: 0 Place event: 0
2023-07-10 21:27:26,890 - __main__ - DEBUG - Pick event: 0 Place event: 0
2023-07-10 21:27:27,091 - __main__ - DEBUG - Pick event: 0 Place event: 0
2023-07-10 21:27:27,292 - __main__ - DEBUG - Pick event: 0 Place event: 0
2023-07-10 21:27:27,493 - __main__ - DEBUG - Pick event: 0 Place event: 0
2023-07-10 21:27:27,694 - __main__ - DEBUG - Pick event: 0 Place event: 0
2023-07-10 21:27:27,896 - __main__ - DEBUG - Pick event: 0 Place event: 0
2023-07-10 21:27:28,097 - __main__ - DEBUG - Pick event: 0 Place event: 0
2023-07-10 21:27:28,298 - __main__ - DEBUG - Pick event: 1 Place event: 0
2023-07-10 21:27:28,299 - __main__ - INFO - Pick event
2023-07-10 21:27:28,299 - __main__ - INFO - Inferring on snapshot...
2023-07-10 21:27:31,354 - __main__ - DEBUG - Inference Result: []
2023-07-10 21:27:31,355 - __main__ - WARNING - No object detected! Retrying
2023-07-10 21:27:31,355 - __main__ - WARNING - No object detected! PANIC MODE!!!
2023-07-10 21:27:31,355 - __main__ - INFO - Mobile Platform Go
2023-07-10 21:27:33,357 - __main__ - DEBUG - Pick event: 0 Place event: 0
2023-07-10 21:27:33,358 - __main__ - INFO - EVENT CYCLE COMPLETE
2023-07-10 21:27:33,559 - __main__ - DEBUG - Pick event: 0 Place event: 0
2023-07-10 21:27:33,760 - __main__ - DEBUG - Pick event: 0 Place event: 0
2023-07-10 21:27:33,961 - __main__ - DEBUG - Pick event: 0 Place event: 0
2023-07-10 21:27:34,162 - __main__ - DEBUG - Pick event: 0 Place event: 0
2023-07-10 21:27:34,363 - __main__ - DEBUG - Pick event: 0 Place event: 0
2023-07-10 21:27:34,515 - __main__ - ERROR - Keyboard Interrupt
Traceback (most recent call last):
  File "/home/lenny/dojo/internship2023/robot_software/run.py", line 213, in <module>
    time.sleep(0.2)
KeyboardInterrupt
2023-07-10 21:27:34,534 - __main__ - INFO - Program Terminated Gracefully
