2023-07-10 21:21:59,829 - __main__ - INFO - Logger Initialized Successfully
2023-07-10 21:21:59,839 - __main__ - INFO - Camera Initialized Successfully
2023-07-10 21:21:59,843 - __main__ - INFO - Serial Initialized Successfully
2023-07-10 21:21:59,844 - __main__ - INFO - GPIO Initialized Successfully
2023-07-10 21:21:59,844 - __main__ - INFO - Raspberry Pi Ready
2023-07-10 21:21:59,844 - __main__ - INFO - Awaiting kbd-event to start Cycle...
2023-07-10 21:22:05,656 - __main__ - DEBUG - Pick event: 0 Place event: 0
2023-07-10 21:22:05,857 - __main__ - DEBUG - Pick event: 0 Place event: 0
2023-07-10 21:22:06,058 - __main__ - DEBUG - Pick event: 0 Place event: 0
2023-07-10 21:22:06,259 - __main__ - DEBUG - Pick event: 0 Place event: 0
2023-07-10 21:22:06,460 - __main__ - DEBUG - Pick event: 0 Place event: 0
2023-07-10 21:22:06,661 - __main__ - DEBUG - Pick event: 0 Place event: 0
2023-07-10 21:22:06,862 - __main__ - DEBUG - Pick event: 0 Place event: 0
2023-07-10 21:22:07,063 - __main__ - DEBUG - Pick event: 0 Place event: 0
2023-07-10 21:22:07,264 - __main__ - DEBUG - Pick event: 0 Place event: 0
2023-07-10 21:22:07,466 - __main__ - DEBUG - Pick event: 0 Place event: 0
2023-07-10 21:22:07,667 - __main__ - DEBUG - Pick event: 0 Place event: 0
2023-07-10 21:22:07,868 - __main__ - DEBUG - Pick event: 0 Place event: 0
2023-07-10 21:22:08,069 - __main__ - DEBUG - Pick event: 1 Place event: 0
2023-07-10 21:22:08,070 - __main__ - INFO - Pick event
2023-07-10 21:22:08,070 - __main__ - INFO - Inferring on snapshot...
2023-07-10 21:22:11,120 - __main__ - DEBUG - Inference Result: []
2023-07-10 21:22:11,120 - __main__ - WARNING - No object detected! Retrying
2023-07-10 21:22:11,120 - __main__ - WARNING - No object detected! PANIC MODE!!!
2023-07-10 21:22:11,120 - __main__ - INFO - Mobile Platform Go
2023-07-10 21:22:13,121 - __main__ - DEBUG - Pick event: 0 Place event: 0
2023-07-10 21:22:13,122 - __main__ - INFO - EVENT CYCLE COMPLETE
2023-07-10 21:22:13,323 - __main__ - DEBUG - Pick event: 0 Place event: 0
2023-07-10 21:22:13,524 - __main__ - DEBUG - Pick event: 0 Place event: 0
2023-07-10 21:22:13,725 - __main__ - DEBUG - Pick event: 0 Place event: 0
2023-07-10 21:22:13,926 - __main__ - DEBUG - Pick event: 0 Place event: 0
2023-07-10 21:22:14,127 - __main__ - DEBUG - Pick event: 0 Place event: 0
2023-07-10 21:22:14,328 - __main__ - DEBUG - Pick event: 0 Place event: 0
2023-07-10 21:22:14,529 - __main__ - DEBUG - Pick event: 0 Place event: 0
2023-07-10 21:22:14,730 - __main__ - DEBUG - Pick event: 0 Place event: 0
2023-07-10 21:22:14,931 - __main__ - DEBUG - Pick event: 0 Place event: 0
2023-07-10 21:22:15,132 - __main__ - DEBUG - Pick event: 0 Place event: 0
2023-07-10 21:22:15,333 - __main__ - DEBUG - Pick event: 0 Place event: 0
2023-07-10 21:22:15,534 - __main__ - DEBUG - Pick event: 0 Place event: 0
2023-07-10 21:22:15,735 - __main__ - DEBUG - Pick event: 0 Place event: 0
2023-07-10 21:22:15,936 - __main__ - DEBUG - Pick event: 0 Place event: 0
2023-07-10 21:22:16,137 - __main__ - DEBUG - Pick event: 0 Place event: 0
2023-07-10 21:22:16,338 - __main__ - DEBUG - Pick event: 0 Place event: 0
2023-07-10 21:22:16,539 - __main__ - DEBUG - Pick event: 0 Place event: 0
2023-07-10 21:22:16,740 - __main__ - DEBUG - Pick event: 0 Place event: 0
2023-07-10 21:22:16,942 - __main__ - DEBUG - Pick event: 0 Place event: 0
2023-07-10 21:22:17,143 - __main__ - DEBUG - Pick event: 0 Place event: 0
2023-07-10 21:22:17,344 - __main__ - DEBUG - Pick event: 0 Place event: 0
2023-07-10 21:22:17,545 - __main__ - DEBUG - Pick event: 0 Place event: 0
2023-07-10 21:22:17,746 - __main__ - DEBUG - Pick event: 0 Place event: 0
2023-07-10 21:22:17,947 - __main__ - DEBUG - Pick event: 0 Place event: 0
2023-07-10 21:22:18,148 - __main__ - DEBUG - Pick event: 0 Place event: 0
2023-07-10 21:22:18,349 - __main__ - DEBUG - Pick event: 1 Place event: 0
2023-07-10 21:22:18,350 - __main__ - INFO - Pick event
2023-07-10 21:22:18,350 - __main__ - INFO - Inferring on snapshot...
2023-07-10 21:22:19,775 - __main__ - DEBUG - Inference Result: []
2023-07-10 21:22:19,775 - __main__ - WARNING - No object detected! Retrying
2023-07-10 21:22:19,775 - __main__ - WARNING - No object detected! PANIC MODE!!!
2023-07-10 21:22:19,776 - __main__ - INFO - Mobile Platform Go
2023-07-10 21:22:21,778 - __main__ - DEBUG - Pick event: 0 Place event: 0
2023-07-10 21:22:21,779 - __main__ - INFO - EVENT CYCLE COMPLETE
2023-07-10 21:22:21,980 - __main__ - DEBUG - Pick event: 0 Place event: 0
2023-07-10 21:22:22,181 - __main__ - DEBUG - Pick event: 0 Place event: 0
2023-07-10 21:22:22,382 - __main__ - DEBUG - Pick event: 0 Place event: 0
2023-07-10 21:22:22,473 - __main__ - ERROR - Keyboard Interrupt
Traceback (most recent call last):
  File "/home/lenny/dojo/internship2023/robot_software/run.py", line 213, in <module>
    time.sleep(0.2)
KeyboardInterrupt
2023-07-10 21:22:22,488 - __main__ - INFO - Program Terminated Gracefully
