2023-07-10 21:22:37,166 - __main__ - INFO - Logger Initialized Successfully
2023-07-10 21:22:37,175 - __main__ - INFO - Camera Initialized Successfully
2023-07-10 21:22:37,180 - __main__ - INFO - Serial Initialized Successfully
2023-07-10 21:22:37,180 - __main__ - INFO - GPIO Initialized Successfully
2023-07-10 21:22:37,180 - __main__ - INFO - Raspberry Pi Ready
2023-07-10 21:22:37,180 - __main__ - INFO - Awaiting kbd-event to start Cycle...
2023-07-10 21:22:39,205 - __main__ - DEBUG - Pick event: 0 Place event: 0
2023-07-10 21:22:39,406 - __main__ - DEBUG - Pick event: 0 Place event: 0
2023-07-10 21:22:39,607 - __main__ - DEBUG - Pick event: 0 Place event: 0
2023-07-10 21:22:39,808 - __main__ - DEBUG - Pick event: 0 Place event: 0
2023-07-10 21:22:40,009 - __main__ - DEBUG - Pick event: 0 Place event: 0
2023-07-10 21:22:40,210 - __main__ - DEBUG - Pick event: 0 Place event: 0
2023-07-10 21:22:40,411 - __main__ - DEBUG - Pick event: 0 Place event: 0
2023-07-10 21:22:40,612 - __main__ - DEBUG - Pick event: 0 Place event: 0
2023-07-10 21:22:40,813 - __main__ - DEBUG - Pick event: 0 Place event: 0
2023-07-10 21:22:41,015 - __main__ - DEBUG - Pick event: 0 Place event: 0
2023-07-10 21:22:41,216 - __main__ - DEBUG - Pick event: 0 Place event: 0
2023-07-10 21:22:41,417 - __main__ - DEBUG - Pick event: 0 Place event: 0
2023-07-10 21:22:41,618 - __main__ - DEBUG - Pick event: 1 Place event: 0
2023-07-10 21:22:41,618 - __main__ - INFO - Pick event
2023-07-10 21:22:41,619 - __main__ - INFO - Inferring on snapshot...
2023-07-10 21:22:44,570 - __main__ - DEBUG - Inference Result: []
2023-07-10 21:22:44,570 - __main__ - WARNING - No object detected! Retrying
2023-07-10 21:22:44,571 - __main__ - WARNING - No object detected! PANIC MODE!!!
2023-07-10 21:22:44,571 - __main__ - INFO - Mobile Platform Go
2023-07-10 21:22:46,573 - __main__ - DEBUG - Pick event: 0 Place event: 0
2023-07-10 21:22:46,574 - __main__ - INFO - EVENT CYCLE COMPLETE
2023-07-10 21:22:46,775 - __main__ - DEBUG - Pick event: 0 Place event: 0
2023-07-10 21:22:46,976 - __main__ - DEBUG - Pick event: 0 Place event: 0
2023-07-10 21:22:47,177 - __main__ - DEBUG - Pick event: 0 Place event: 0
2023-07-10 21:22:47,378 - __main__ - DEBUG - Pick event: 0 Place event: 0
2023-07-10 21:22:47,543 - __main__ - ERROR - Keyboard Interrupt
Traceback (most recent call last):
  File "/home/lenny/dojo/internship2023/robot_software/run.py", line 213, in <module>
    time.sleep(0.2)
KeyboardInterrupt
2023-07-10 21:22:47,564 - __main__ - INFO - Program Terminated Gracefully
